[    0.000000] Initializing cgroup subsys cpuset
[    0.000000] Initializing cgroup subsys cpu
[    0.000000] Initializing cgroup subsys cpuacct
[    0.000000] Linux version 4.4.0-173-generic (buildd@lgw01-amd64-037) (gcc version 5.4.0 20160609 (Ubuntu 5.4.0-6ubuntu1~16.04.12) ) #203-Ubuntu SMP Wed Jan 15 02:55:01 UTC 2020 (Ubuntu 4.4.0-173.203-generic 4.4.208)
[    0.000000] Command line: BOOT_IMAGE=/boot/vmlinuz-4.4.0-173-generic root=LABEL=cloudimg-rootfs ro console=tty1 console=ttyS0
[    0.000000] KERNEL supported cpus:
[    0.000000]   Intel GenuineIntel
[    0.000000]   AMD AuthenticAMD
[    0.000000]   Centaur CentaurHauls
[    0.000000] x86/fpu: xstate_offset[2]:  576, xstate_sizes[2]:  256
[    0.000000] x86/fpu: Supporting XSAVE feature 0x01: 'x87 floating point registers'
[    0.000000] x86/fpu: Supporting XSAVE feature 0x02: 'SSE registers'
[    0.000000] x86/fpu: Supporting XSAVE feature 0x04: 'AVX registers'
[    0.000000] x86/fpu: Enabled xstate features 0x7, context size is 832 bytes, using 'standard' format.
[    0.000000] e820: BIOS-provided physical RAM map:
[    0.000000] BIOS-e820: [mem 0x0000000000000000-0x000000000009fbff] usable
[    0.000000] BIOS-e820: [mem 0x000000000009fc00-0x000000000009ffff] reserved
[    0.000000] BIOS-e820: [mem 0x00000000000f0000-0x00000000000fffff] reserved
[    0.000000] BIOS-e820: [mem 0x0000000000100000-0x000000003ffeffff] usable
[    0.000000] BIOS-e820: [mem 0x000000003fff0000-0x000000003fffffff] ACPI data
[    0.000000] BIOS-e820: [mem 0x00000000fec00000-0x00000000fec00fff] reserved
[    0.000000] BIOS-e820: [mem 0x00000000fee00000-0x00000000fee00fff] reserved
[    0.000000] BIOS-e820: [mem 0x00000000fffc0000-0x00000000ffffffff] reserved
[    0.000000] NX (Execute Disable) protection: active
[    0.000000] SMBIOS 2.5 present.
[    0.000000] Hypervisor detected: KVM
[    0.000000] e820: last_pfn = 0x3fff0 max_arch_pfn = 0x400000000
[    0.000000] MTRR: Disabled
[    0.000000] x86/PAT: MTRRs disabled, skipping PAT initialization too.
[    0.000000] CPU MTRRs all blank - virtualized system.
[    0.000000] x86/PAT: Configuration [0-7]: WB  WT  UC- UC  WB  WT  UC- UC  
[    0.000000] found SMP MP-table at [mem 0x0009fff0-0x0009ffff] mapped at [ffff88000009fff0]
[    0.000000] Scanning 1 areas for low memory corruption
[    0.000000] RAMDISK: [mem 0x362e4000-0x37169fff]
[    0.000000] ACPI: Early table checksum verification disabled
[    0.000000] ACPI: RSDP 0x00000000000E0000 000024 (v02 VBOX  )
[    0.000000] ACPI: XSDT 0x000000003FFF0030 00003C (v01 VBOX   VBOXXSDT 00000001 ASL  00000061)
[    0.000000] ACPI: FACP 0x000000003FFF00F0 0000F4 (v04 VBOX   VBOXFACP 00000001 ASL  00000061)
[    0.000000] ACPI: DSDT 0x000000003FFF0470 002325 (v02 VBOX   VBOXBIOS 00000002 INTL 20100528)
[    0.000000] ACPI: FACS 0x000000003FFF0200 000040
[    0.000000] ACPI: FACS 0x000000003FFF0200 000040
[    0.000000] ACPI: APIC 0x000000003FFF0240 00005C (v02 VBOX   VBOXAPIC 00000001 ASL  00000061)
[    0.000000] ACPI: SSDT 0x000000003FFF02A0 0001CC (v01 VBOX   VBOXCPUT 00000002 INTL 20100528)
[    0.000000] No NUMA configuration found
[    0.000000] Faking a node at [mem 0x0000000000000000-0x000000003ffeffff]
[    0.000000] NODE_DATA(0) allocated [mem 0x3ffeb000-0x3ffeffff]
[    0.000000] kvm-clock: Using msrs 4b564d01 and 4b564d00
[    0.000000] kvm-clock: cpu 0, msr 0:3ffe3001, primary cpu clock
[    0.000000] kvm-clock: using sched offset of 3749881767 cycles
[    0.000000] clocksource: kvm-clock: mask: 0xffffffffffffffff max_cycles: 0x1cd42e4dffb, max_idle_ns: 881590591483 ns
[    0.000000] Zone ranges:
[    0.000000]   DMA      [mem 0x0000000000001000-0x0000000000ffffff]
[    0.000000]   DMA32    [mem 0x0000000001000000-0x000000003ffeffff]
[    0.000000]   Normal   empty
[    0.000000]   Device   empty
[    0.000000] Movable zone start for each node
[    0.000000] Early memory node ranges
[    0.000000]   node   0: [mem 0x0000000000001000-0x000000000009efff]
[    0.000000]   node   0: [mem 0x0000000000100000-0x000000003ffeffff]
[    0.000000] Initmem setup node 0 [mem 0x0000000000001000-0x000000003ffeffff]
[    0.000000] ACPI: PM-Timer IO Port: 0x4008
[    0.000000] IOAPIC[0]: apic_id 2, version 32, address 0xfec00000, GSI 0-23
[    0.000000] ACPI: INT_SRC_OVR (bus 0 bus_irq 0 global_irq 2 dfl dfl)
[    0.000000] ACPI: INT_SRC_OVR (bus 0 bus_irq 9 global_irq 9 low level)
[    0.000000] Using ACPI (MADT) for SMP configuration information
[    0.000000] smpboot: Allowing 2 CPUs, 0 hotplug CPUs
[    0.000000] PM: Registered nosave memory: [mem 0x00000000-0x00000fff]
[    0.000000] PM: Registered nosave memory: [mem 0x0009f000-0x0009ffff]
[    0.000000] PM: Registered nosave memory: [mem 0x000a0000-0x000effff]
[    0.000000] PM: Registered nosave memory: [mem 0x000f0000-0x000fffff]
[    0.000000] e820: [mem 0x40000000-0xfebfffff] available for PCI devices
[    0.000000] Booting paravirtualized kernel on KVM
[    0.000000] clocksource: refined-jiffies: mask: 0xffffffff max_cycles: 0xffffffff, max_idle_ns: 7645519600211568 ns
[    0.000000] setup_percpu: NR_CPUS:512 nr_cpumask_bits:512 nr_cpu_ids:2 nr_node_ids:1
[    0.000000] PERCPU: Embedded 33 pages/cpu @ffff88003fc00000 s95448 r8192 d31528 u1048576
[    0.000000] Built 1 zonelists in Node order, mobility grouping on.  Total pages: 257912
[    0.000000] Policy zone: DMA32
[    0.000000] Kernel command line: BOOT_IMAGE=/boot/vmlinuz-4.4.0-173-generic root=LABEL=cloudimg-rootfs ro console=tty1 console=ttyS0
[    0.000000] PID hash table entries: 4096 (order: 3, 32768 bytes)
[    0.000000] Memory: 997680K/1048120K available (8626K kernel code, 1336K rwdata, 4032K rodata, 1488K init, 1292K bss, 50440K reserved, 0K cma-reserved)
[    0.000000] SLUB: HWalign=64, Order=0-3, MinObjects=0, CPUs=2, Nodes=1
[    0.000000] Kernel/User page tables isolation: enabled
[    0.000000] Hierarchical RCU implementation.
[    0.000000] 	Build-time adjustment of leaf fanout to 64.
[    0.000000] 	RCU restricting CPUs from NR_CPUS=512 to nr_cpu_ids=2.
[    0.000000] RCU: Adjusting geometry for rcu_fanout_leaf=64, nr_cpu_ids=2
[    0.000000] NR_IRQS:33024 nr_irqs:440 16
[    0.000000] Console: colour VGA+ 80x25
[    0.000000] console [tty1] enabled
[    0.000000] console [ttyS0] enabled
[    0.000000] tsc: Detected 2808.002 MHz processor
[    0.252382] Calibrating delay loop (skipped) preset value.. 5616.00 BogoMIPS (lpj=11232008)
[    0.255357] pid_max: default: 32768 minimum: 301
[    0.257062] ACPI: Core revision 20150930
[    0.261729] ACPI: 2 ACPI AML tables successfully acquired and loaded
[    0.264035] Security Framework initialized
[    0.265590] Yama: becoming mindful.
[    0.266822] AppArmor: AppArmor initialized
[    0.268544] Dentry cache hash table entries: 131072 (order: 8, 1048576 bytes)
[    0.280782] Inode-cache hash table entries: 65536 (order: 7, 524288 bytes)
[    0.283173] Mount-cache hash table entries: 2048 (order: 2, 16384 bytes)
[    0.285271] Mountpoint-cache hash table entries: 2048 (order: 2, 16384 bytes)
[    0.287536] Initializing cgroup subsys io
[    0.289134] Initializing cgroup subsys memory
[    0.290555] Initializing cgroup subsys devices
[    0.292216] Initializing cgroup subsys freezer
[    0.293665] Initializing cgroup subsys net_cls
[    0.295349] Initializing cgroup subsys perf_event
[    0.296996] Initializing cgroup subsys net_prio
[    0.298451] Initializing cgroup subsys hugetlb
[    0.300054] Initializing cgroup subsys pids
[    0.303399] mce: CPU supports 0 MCE banks
[    0.304869] Last level iTLB entries: 4KB 64, 2MB 8, 4MB 8
[    0.306776] Last level dTLB entries: 4KB 64, 2MB 0, 4MB 0, 1GB 4
[    0.308700] Spectre V1 : Mitigation: usercopy/swapgs barriers and __user pointer sanitization
[    0.311623] Spectre V2 : Mitigation: Full generic retpoline
[    0.313422] Spectre V2 : Spectre v2 / SpectreRSB mitigation: Filling RSB on context switch
[    0.316282] Speculative Store Bypass: Vulnerable
[    0.317948] MDS: Mitigation: Clear CPU buffers
[    0.323763] Freeing SMP alternatives memory: 36K
[    0.334207] ftrace: allocating 32304 entries in 127 pages
[    0.430498] smpboot: APIC(0) Converting physical 0 to logical package 0
[    0.432722] smpboot: Max logical packages: 1
[    0.434680] x2apic enabled
[    0.436739] Switched APIC routing to physical x2apic.
[    0.440981] ..TIMER: vector=0x30 apic1=0 pin1=2 apic2=-1 pin2=-1
[    0.552677] APIC calibration not consistent with PM-Timer: 101ms instead of 100ms
[    0.557072] APIC delta adjusted to PM-Timer: 6245372 (6338681)
[    0.559521] smpboot: CPU0: Intel(R) Core(TM) i7-6600U CPU @ 2.60GHz (family: 0x6, model: 0x4e, stepping: 0x3)
[    0.563029] Performance Events: unsupported p6 CPU model 78 no PMU driver, software events only.
[    0.579201] KVM setup paravirtual spinlock
[    0.581446] x86: Booting SMP configuration:
[    0.582976] .... node  #0, CPUs:      #1
[    0.584424] kvm-clock: cpu 1, msr 0:3ffe3041, secondary cpu clock
[    0.589420] mce: CPU supports 0 MCE banks
[    0.593592] x86: Booted up 1 node, 2 CPUs
[    0.595538] smpboot: Total of 2 processors activated (11232.00 BogoMIPS)
[    0.598270] devtmpfs: initialized
[    0.601518] evm: security.selinux
[    0.602899] evm: security.SMACK64
[    0.604275] evm: security.SMACK64EXEC
[    0.605630] evm: security.SMACK64TRANSMUTE
[    0.607145] evm: security.SMACK64MMAP
[    0.608513] evm: security.ima
[    0.609713] evm: security.capability
[    0.611296] clocksource: jiffies: mask: 0xffffffff max_cycles: 0xffffffff, max_idle_ns: 7645041785100000 ns
[    0.614569] futex hash table entries: 512 (order: 3, 32768 bytes)
[    0.616712] pinctrl core: initialized pinctrl subsystem
[    0.618930] RTC time:  5:51:35, date: 05/04/20
[    0.620811] NET: Registered protocol family 16
[    0.633405] cpuidle: using governor ladder
[    0.645115] cpuidle: using governor menu
[    0.646560] PCCT header not found.
[    0.647942] ACPI: bus type PCI registered
[    0.649462] acpiphp: ACPI Hot Plug PCI Controller Driver version: 0.5
[    0.651651] PCI: Using configuration type 1 for base access
[    0.666271] ACPI: Added _OSI(Module Device)
[    0.667892] ACPI: Added _OSI(Processor Device)
[    0.669390] ACPI: Added _OSI(3.0 _SCP Extensions)
[    0.671125] ACPI: Added _OSI(Processor Aggregator Device)
[    0.673942] ACPI: Executed 1 blocks of module-level executable AML code
[    0.679773] ACPI: Interpreter enabled
[    0.681085] ACPI: (supports S0 S5)
[    0.682518] ACPI: Using IOAPIC for interrupt routing
[    0.684566] PCI: Using host bridge windows from ACPI; if necessary, use "pci=nocrs" and report a bug
[    0.693267] ACPI: PCI Root Bridge [PCI0] (domain 0000 [bus 00-ff])
[    0.695232] acpi PNP0A03:00: _OSC: OS supports [ASPM ClockPM Segments MSI]
[    0.697911] acpi PNP0A03:00: _OSC: not requesting OS control; OS requires [ExtendedConfig ASPM ClockPM MSI]
[    0.701256] acpi PNP0A03:00: fail to add MMCONFIG information, can't access extended PCI configuration space under this bridge.
[    0.705514] PCI host bridge to bus 0000:00
[    0.706991] pci_bus 0000:00: root bus resource [io  0x0000-0x0cf7 window]
[    0.709203] pci_bus 0000:00: root bus resource [io  0x0d00-0xffff window]
[    0.711392] pci_bus 0000:00: root bus resource [mem 0x000a0000-0x000bffff window]
[    0.714097] pci_bus 0000:00: root bus resource [mem 0x40000000-0xfdffffff window]
[    0.716864] pci_bus 0000:00: root bus resource [bus 00-ff]
[    0.721544] pci 0000:00:01.1: legacy IDE quirk: reg 0x10: [io  0x01f0-0x01f7]
[    0.742117] pci 0000:00:01.1: legacy IDE quirk: reg 0x14: [io  0x03f6]
[    0.744291] pci 0000:00:01.1: legacy IDE quirk: reg 0x18: [io  0x0170-0x0177]
[    0.746523] pci 0000:00:01.1: legacy IDE quirk: reg 0x1c: [io  0x0376]
[    0.765746] pci 0000:00:07.0: quirk: [io  0x4000-0x403f] claimed by PIIX4 ACPI
[    0.768541] pci 0000:00:07.0: quirk: [io  0x4100-0x410f] claimed by PIIX4 SMB
[    0.776626] ACPI: PCI Interrupt Link [LNKA] (IRQs 5 9 10 *11)
[    0.779458] ACPI: PCI Interrupt Link [LNKB] (IRQs 5 9 *10 11)
[    0.782049] ACPI: PCI Interrupt Link [LNKC] (IRQs 5 *9 10 11)
[    0.784579] ACPI: PCI Interrupt Link [LNKD] (IRQs 5 9 10 *11)
[    0.787222] ACPI: Enabled 2 GPEs in block 00 to 07
[    0.789259] vgaarb: setting as boot device: PCI:0000:00:02.0
[    0.791224] vgaarb: device added: PCI:0000:00:02.0,decodes=io+mem,owns=io+mem,locks=none
[    0.794497] vgaarb: loaded
[    0.795746] vgaarb: bridge control possible 0000:00:02.0
[    0.798547] SCSI subsystem initialized
[    0.800760] ACPI: bus type USB registered
[    0.802898] usbcore: registered new interface driver usbfs
[    0.805649] usbcore: registered new interface driver hub
[    0.808153] usbcore: registered new device driver usb
[    0.810944] PCI: Using ACPI for IRQ routing
[    0.821951] NetLabel: Initializing
[    0.823839] NetLabel:  domain hash size = 128
[    0.826059] NetLabel:  protocols = UNLABELED CIPSOv4
[    0.828785] NetLabel:  unlabeled traffic allowed by default
[    0.831462] amd_nb: Cannot enumerate AMD northbridges
[    0.833855] clocksource: Switched to clocksource kvm-clock
[    0.862818] AppArmor: AppArmor Filesystem Enabled
[    0.865191] pnp: PnP ACPI init
[    0.868209] pnp: PnP ACPI: found 3 devices
[    0.882100] clocksource: acpi_pm: mask: 0xffffff max_cycles: 0xffffff, max_idle_ns: 2085701024 ns
[    0.886558] NET: Registered protocol family 2
[    0.889010] TCP established hash table entries: 8192 (order: 4, 65536 bytes)
[    0.892513] TCP bind hash table entries: 8192 (order: 5, 131072 bytes)
[    0.895526] TCP: Hash tables configured (established 8192 bind 8192)
[    0.898563] UDP hash table entries: 512 (order: 2, 16384 bytes)
[    0.900599] UDP-Lite hash table entries: 512 (order: 2, 16384 bytes)
[    0.902770] NET: Registered protocol family 1
[    0.904372] pci 0000:00:00.0: Limiting direct PCI/PCI transfers
[    0.907402] pci 0000:00:01.0: Activating ISA DMA hang workarounds
[    0.910651] Unpacking initramfs...
[    1.273518] Freeing initrd memory: 14872K
[    1.275209] clocksource: tsc: mask: 0xffffffffffffffff max_cycles: 0x2879c7f065b, max_idle_ns: 440795303690 ns
[    1.278542] platform rtc_cmos: registered platform RTC device (no PNP device found)
[    1.281270] Scanning for low memory corruption every 60 seconds
[    1.283608] audit: initializing netlink subsys (disabled)
[    1.285347] audit: type=2000 audit(1588571501.119:1): initialized
[    1.287751] Initialise system trusted keyring
[    1.289566] HugeTLB registered 2 MB page size, pre-allocated 0 pages
[    1.293201] zbud: loaded
[    1.294675] VFS: Disk quotas dquot_6.6.0
[    1.296253] VFS: Dquot-cache hash table entries: 512 (order 0, 4096 bytes)
[    1.298661] squashfs: version 4.0 (2009/01/31) Phillip Lougher
[    1.300829] fuse init (API version 7.23)
[    1.302548] Key type big_key registered
[    1.303978] Allocating IMA MOK and blacklist keyrings.
[    1.307218] Key type asymmetric registered
[    1.308675] Asymmetric key parser 'x509' registered
[    1.310339] Block layer SCSI generic (bsg) driver version 0.4 loaded (major 249)
[    1.313129] io scheduler noop registered
[    1.314677] io scheduler deadline registered (default)
[    1.316411] io scheduler cfq registered
[    1.317922] pci_hotplug: PCI Hot Plug PCI Core version: 0.5
[    1.319920] pciehp: PCI Express Hot Plug Controller Driver version: 0.4
[    1.322160] ACPI: AC Adapter [AC] (on-line)
[    1.323723] input: Power Button as /devices/LNXSYSTM:00/LNXPWRBN:00/input/input0
[    1.326416] ACPI: Power Button [PWRF]
[    1.327951] input: Sleep Button as /devices/LNXSYSTM:00/LNXSLPBN:00/input/input1
[    1.330733] ACPI: Sleep Button [SLPF]
[    1.333230] ACPI: Battery Slot [BAT0] (battery present)
[    1.335226] GHES: HEST is not enabled!
[    1.336544] Serial: 8250/16550 driver, 32 ports, IRQ sharing enabled
[    1.359584] 00:02: ttyS0 at I/O 0x3f8 (irq = 4, base_baud = 115200) is a 16550A
[    1.363521] Linux agpgart interface v0.103
[    1.366785] loop: module loaded
[    1.368887] scsi host0: ata_piix
[    1.370435] scsi host1: ata_piix
[    1.371653] ata1: PATA max UDMA/33 cmd 0x1f0 ctl 0x3f6 bmdma 0xd000 irq 14
[    1.373848] ata2: PATA max UDMA/33 cmd 0x170 ctl 0x376 bmdma 0xd008 irq 15
[    1.376033] libphy: Fixed MDIO Bus: probed
[    1.377819] tun: Universal TUN/TAP device driver, 1.6
[    1.379595] tun: (C) 1999-2004 Max Krasnyansky <maxk@qualcomm.com>
[    1.381568] PPP generic driver version 2.4.2
[    1.383232] ehci_hcd: USB 2.0 'Enhanced' Host Controller (EHCI) Driver
[    1.385317] ehci-pci: EHCI PCI platform driver
[    1.386872] ehci-platform: EHCI generic platform driver
[    1.388597] ohci_hcd: USB 1.1 'Open' Host Controller (OHCI) Driver
[    1.390474] ohci-pci: OHCI PCI platform driver
[    1.392177] ohci-platform: OHCI generic platform driver
[    1.393962] uhci_hcd: USB Universal Host Controller Interface driver
[    1.395949] i8042: PNP: PS/2 Controller [PNP0303:PS2K,PNP0f03:PS2M] at 0x60,0x64 irq 1,12
[    1.399384] serio: i8042 KBD port at 0x60,0x64 irq 1
[    1.401192] serio: i8042 AUX port at 0x60,0x64 irq 12
[    1.403217] mousedev: PS/2 mouse device common for all mice
[    1.406734] rtc_cmos rtc_cmos: rtc core: registered rtc_cmos as rtc0
[    1.409407] input: AT Translated Set 2 keyboard as /devices/platform/i8042/serio0/input/input2
[    1.412740] rtc_cmos rtc_cmos: alarms up to one day, 114 bytes nvram
[    1.415776] i2c /dev entries driver
[    1.417919] device-mapper: uevent: version 1.0.3
[    1.420603] device-mapper: ioctl: 4.34.0-ioctl (2015-10-28) initialised: dm-devel@redhat.com
[    1.424783] ledtrig-cpu: registered to indicate activity on CPUs
[    1.428430] NET: Registered protocol family 10
[    1.430923] NET: Registered protocol family 17
[    1.432358] Key type dns_resolver registered
[    1.434971] registered taskstats version 1
[    1.436922] Loading compiled-in X.509 certificates
[    1.439964] Loaded X.509 cert 'Build time autogenerated kernel key: 4e6a82653c7e3a258f066f23f1954299de63b157'
[    1.444696] zswap: loaded using pool lzo/zbud
[    1.449075] Key type trusted registered
[    1.454870] Key type encrypted registered
[    1.456891] AppArmor: AppArmor sha1 policy hashing enabled
[    1.459864] ima: No TPM chip found, activating TPM-bypass!
[    1.462473] ima: Allocated hash algorithm: sha1
[    1.464788] evm: HMAC attrs: 0x1
[    1.466578]   Magic number: 4:161:870
[    1.468343] rtc_cmos rtc_cmos: setting system clock to 2020-05-04 05:51:36 UTC (1588571496)
[    1.471485] BIOS EDD facility v0.16 2004-Jun-25, 0 devices found
[    1.473496] EDD information not available.
[    2.267906] Freeing unused kernel memory: 1488K
[    2.269680] Write protecting the kernel read-only data: 14336k
[    2.272654] Freeing unused kernel memory: 1604K
[    2.274904] Freeing unused kernel memory: 64K
Loading, please wait...
starting version 229
[    2.295195] random: systemd-udevd: uninitialized urandom read (16 bytes read, 3 bits of entropy available)
[    2.295906] random: udevadm: uninitialized urandom read (16 bytes read, 3 bits of entropy available)
[    2.295932] random: udevadm: uninitialized urandom read (16 bytes read, 3 bits of entropy available)
[    2.309070] random: systemd-udevd: uninitialized urandom read (16 bytes read, 3 bits of entropy available)
[    2.309288] random: udevadm: uninitialized urandom read (16 bytes read, 3 bits of entropy available)
[    2.309336] random: udevadm: uninitialized urandom read (16 bytes read, 3 bits of entropy available)
[    2.309505] random: udevadm: uninitialized urandom read (16 bytes read, 3 bits of entropy available)
[    2.309563] random: udevadm: uninitialized urandom read (16 bytes read, 3 bits of entropy available)
[    2.309623] random: udevadm: uninitialized urandom read (16 bytes read, 3 bits of entropy available)
[    2.309683] random: udevadm: uninitialized urandom read (16 bytes read, 3 bits of entropy available)
[    2.380154] e1000: Intel(R) PRO/1000 Network Driver - version 7.3.21-k8-NAPI
[    2.384369] e1000: Copyright (c) 1999-2006 Intel Corporation.
[    2.387466] Fusion MPT base driver 3.04.20
[    2.389429] Copyright (c) 1999-2008 LSI Corporation
[    2.416671] Fusion MPT SPI Host driver 3.04.20
[    2.422649] AVX2 version of gcm_enc/dec engaged.
[    2.424386] AES CTR mode by8 optimization enabled
[    2.622599] input: ImExPS/2 Generic Explorer Mouse as /devices/platform/i8042/serio1/input/input4
[    2.825654] e1000 0000:00:03.0 eth0: (PCI:33MHz:32-bit) 02:0e:0c:9a:00:f0
[    2.827873] e1000 0000:00:03.0 eth0: Intel(R) PRO/1000 Network Connection
[    2.831425] mptbase: ioc0: Initiating bringup
[    2.831821] e1000 0000:00:03.0 enp0s3: renamed from eth0
[    2.903033] ioc0: LSI53C1030 A0: Capabilities={Initiator}
[    3.069569] scsi host2: ioc0: LSI53C1030 A0, FwRev=00000000h, Ports=1, MaxQ=256, IRQ=20
[    3.187058] scsi 2:0:0:0: Direct-Access     VBOX     HARDDISK         1.0  PQ: 0 ANSI: 5
[    3.190048] scsi target2:0:0: Beginning Domain Validation
[    3.194356] scsi target2:0:0: Domain Validation skipping write tests
[    3.196272] scsi target2:0:0: Ending Domain Validation
[    3.198597] scsi target2:0:0: asynchronous
[    3.202589] scsi 2:0:1:0: Direct-Access     VBOX     HARDDISK         1.0  PQ: 0 ANSI: 5
[    3.206107] scsi target2:0:1: Beginning Domain Validation
[    3.230222] scsi target2:0:1: Domain Validation skipping write tests
[    3.232781] scsi target2:0:1: Ending Domain Validation
[    3.235223] scsi target2:0:1: asynchronous
[    3.244079] sd 2:0:0:0: Attached scsi generic sg0 type 0
[    3.244522] sd 2:0:0:0: [sda] 20971520 512-byte logical blocks: (10.7 GB/10.0 GiB)
[    3.244742] sd 2:0:0:0: [sda] Write Protect is off
[    3.244876] sd 2:0:0:0: [sda] Incomplete mode parameter data
[    3.244877] sd 2:0:0:0: [sda] Assuming drive cache: write through
[    3.249463]  sda: sda1
[    3.250725] sd 2:0:0:0: [sda] Attached SCSI disk
[    3.261555] sd 2:0:1:0: Attached scsi generic sg1 type 0
[    3.261783] sd 2:0:1:0: [sdb] 20480 512-byte logical blocks: (10.5 MB/10.0 MiB)
[    3.262100] sd 2:0:1:0: [sdb] Write Protect is off
[    3.262275] sd 2:0:1:0: [sdb] Incomplete mode parameter data
[    3.262277] sd 2:0:1:0: [sdb] Assuming drive cache: write through
[    3.267052] sd 2:0:1:0: [sdb] Attached SCSI disk
Begin: Loading essential drivers ... [    4.912749] md: linear personality registered for level -1
[    4.919647] md: multipath personality registered for level -4
[    4.924706] md: raid0 personality registered for level 0
[    4.933033] md: raid1 personality registered for level 1
[    5.006378] raid6: sse2x1   gen()  7294 MB/s
[    5.074183] raid6: sse2x1   xor()  5556 MB/s
[    5.142179] raid6: sse2x2   gen()  8934 MB/s
[    5.210091] raid6: sse2x2   xor()  6349 MB/s
[    5.278176] raid6: sse2x4   gen()  9844 MB/s
[    5.350526] raid6: sse2x4   xor()  5273 MB/s
[    5.418278] raid6: avx2x1   gen() 13997 MB/s
[    5.485926] raid6: avx2x2   gen() 16966 MB/s
[    5.554020] raid6: avx2x4   gen() 20404 MB/s
[    5.556578] raid6: using algorithm avx2x4 gen() 20404 MB/s
[    5.559397] raid6: using avx2x2 recovery algorithm
[    5.562610] xor: automatically using best checksumming function:
[    5.602399]    avx       : 17576.000 MB/sec
[    5.605614] async_tx: api initialized (async)
[    5.619958] md: raid6 personality registered for level 6
[    5.622329] md: raid5 personality registered for level 5
[    5.624082] md: raid4 personality registered for level 4
[    5.633665] md: raid10 personality registered for level 10
done.
Begin: Running /scripts/init-premount ... done.
Begin: Mounting root file system ... Begin: Running /scripts/local-top ... done.
Begin: Running /scripts/local-premount ... [    5.680966] Btrfs loaded
Scanning for Btrfs filesystems
done.
Warning: fsck not present, so skipping root file system
[    5.718176] EXT4-fs (sda1): mounted filesystem with ordered data mode. Opts: (null)
done.
Begin: Running /scripts/local-bottom ... done.
Begin: Running /scripts/init-bottom ... done.
[    5.834941] systemd[1]: systemd 229 running in system mode. (+PAM +AUDIT +SELINUX +IMA +APPARMOR +SMACK +SYSVINIT +UTMP +LIBCRYPTSETUP +GCRYPT +GNUTLS +ACL +XZ -LZ4 +SECCOMP +BLKID +ELFUTILS +KMOD -IDN)
[    5.841160] systemd[1]: Detected virtualization oracle.
[    5.843337] systemd[1]: Detected architecture x86-64.

Welcome to [1mUbuntu 16.04.6 LTS[0m!

[    5.850294] systemd[1]: Set hostname to <ubuntu>.
[    5.855388] systemd[1]: Initializing machine ID from random generator.
[    5.857572] systemd[1]: Installed transient /etc/machine-id file.
[    6.037277] systemd[1]: Listening on udev Control Socket.
[[0;32m  OK  [0m] Listening on udev Control Socket.
[    6.040675] systemd[1]: Started Trigger resolvconf update for networkd DNS.
[[0;32m  OK  [0m] Started Trigger resolvconf update for networkd DNS.
[    6.045358] systemd[1]: Started Forward Password Requests to Wall Directory Watch.
[[0;32m  OK  [0m] Started Forward Password Requests to Wall Directory Watch.
[    6.052669] systemd[1]: Listening on /dev/initctl Compatibility Named Pipe.
[[0;32m  OK  [0m] Listening on /dev/initctl Compatibility Named Pipe.
[    6.056958] systemd[1]: Listening on Journal Socket (/dev/log).
[[0;32m  OK  [0m] Listening on Journal Socket (/dev/log).
[    6.060912] systemd[1]: Listening on Journal Socket.
[[0;32m  OK  [0m] Listening on Journal Socket.
[    6.064996] systemd[1]: Listening on udev Kernel Socket.
[[0;32m  OK  [0m] Listening on udev Kernel Socket.
[    6.069887] systemd[1]: Listening on Journal Audit Socket.
[[0;32m  OK  [0m] Listening on Journal Audit Socket.
[    6.073367] systemd[1]: Reached target User and Group Name Lookups.
[[0;32m  OK  [0m] Reached target User and Group Name Lookups.
[    6.077696] systemd[1]: Listening on LVM2 poll daemon socket.
[[0;32m  OK  [0m] Listening on LVM2 poll daemon socket.
[    6.082919] systemd[1]: Reached target System Time Synchronized.
[[0;32m  OK  [0m] Reached target System Time Synchronized.
[    6.087141] systemd[1]: Reached target Encrypted Volumes.
[[0;32m  OK  [0m] Reached target Encrypted Volumes.
[    6.091014] systemd[1]: Listening on Device-mapper event daemon FIFOs.
[[0;32m  OK  [0m] Listening on Device-mapper event daemon FIFOs.
[    6.095615] systemd[1]: Created slice User and Session Slice.
[[0;32m  OK  [0m] Created slice User and Session Slice.
[    6.102472] systemd[1]: Reached target Swap.
[[0;32m  OK  [0m] Reached target Swap.
[    6.106723] systemd[1]: Created slice System Slice.
[[0;32m  OK  [0m] Created slice System Slice.
[    6.122596] systemd[1]: Starting Set console keymap...
         Starting Set console keymap...
[    6.127711] systemd[1]: Starting Uncomplicated firewall...
         Starting Uncomplicated firewall...
[    6.134947] systemd[1]: Mounting Debug File System...
         Mounting Debug File System...
[    6.140521] systemd[1]: Starting Remount Root and Kernel File Systems...
         Starting Remount Root and Kernel File Systems...
[    6.150282] systemd[1]: Created slice system-serial\x2dgetty.slice.
[    6.154066] EXT4-fs (sda1): re-mounted. Opts: (null)
[[0;32m  OK  [0m] Created slice system-serial\x2dgetty.slice.
[    6.160918] systemd[1]: Starting Load Kernel Modules...
         Starting Load Kernel Modules...
[    6.168049] systemd[1]: Starting Create list of required static device nodes for the current kernel...
         Starting Create list of required st... nodes for the current kernel...
[    6.176507] systemd[1]: Starting Nameserver information manager...
         Starting Nameser[    6.181872] Loading iSCSI transport class v2.0-870.
ver information manager...
[    6.187064] systemd[1]: Mounting Huge Pages File System...
         Mounting Huge Pages File System...
[    6.192972] systemd[1]: Listening on Syslog Socket.
[[0;32m  OK  [0m] Listening on Syslog Socket.
[    6.199267] systemd[1]: Starting Journal Service...
         Starting Journal Service...
[    6.206624] systemd[1]: Reached target Slices.
[[0;32m  OK  [0m] Reached target Slices.
[    6.211476] systemd[1]: Mounting POSIX Message Queue File System...
         Mounting POSIX Message Queue File System...
[    6.223234] systemd[1]: Listening on LVM2 metadata daemon socket.
[[0;32m  OK  [0m] Listening on LVM2 metadata daemon socket.
[    6.239191] iscsi: registered transport (tcp)
[    6.258353] systemd[1]: Starting Monitoring of LVM2 mirrors, snapshots etc. using dmeventd or progress polling...
         Starting Monitoring of LVM2 mirrors... dmeventd or progress polling...
[    6.270614] systemd[1]: Set up automount Arbitrary Executable File Formats File System Automount Point.
[[0;32m  OK  [0m] Set up automount Arbitrary Executab...ats File System Automount Point.
[    6.281733] systemd[1]: Mounted Debug File System.
[[0;32m  OK  [0m] Mounted Debug File System.
[    6.285581] systemd[1]: Mounted Huge Pages File System.
[[0;32m  OK  [0m] Mounted Huge Pages File System.
[    6.289686] systemd[1]: Mounted POSIX Message Queue File System.
[[0;32m  OK  [0m] Mounted POSIX Message Queue File System.
[    6.294804] systemd[1]: Started Uncomplicated firewall.
[[0;32m  OK  [0m] Started Uncomplicated firewall.
[    6.309671] systemd[1]: Started Set console keymap.
[[0;32m  OK  [0m] Started Set console keymap.
[    6.314939] systemd[1]: Started Remount Root and Kernel File Systems.
[[0;32m  OK  [0m] Started Remount Root and Kernel File Systems.
[    6.322394] systemd[1]: Started Create list of required static device nodes for the current kernel.
[[0;32m  OK  [0m] Started Create list of required sta...ce nodes for the current kernel.
[    6.339696] iscsi: registered transport (iser)
[    6.340382] systemd[1]: Started Journal Service.
[[0;32m  OK  [0m] Started Journal Service.
[[0;32m  OK  [0m] Started Load Kernel Modules.
[[0;32m  OK  [0m] Started Nameserver information manager.
[[0;32m  OK  [0m] Started LVM2 metadata daemon.
         Starting Apply Kernel Variables...
         Mounting FUSE Control File System...
         Starting Create Static Device Nodes in /dev...
         Starting Load/Save Random Seed...
         Starting udev Coldplug all Devices...
         Starting Flush Journal to Persistent Storage...
[[0;32m  OK  [0m] Mounted FUSE Control File System.
[[0;32m  OK  [0m] Started Apply Kernel Variables.
[[0;32m  OK  [0m] Started Load/Save Random Seed.
[[0;32m  OK  [0m] Started Flush Journal to Persistent Storage.
[[0;32m  OK  [0m] Started Create Static Device Nodes in /dev.
         Starting udev Kernel Device Manager...
[[0;32m  OK  [0m] Started udev Kernel Device Manager.
[[0;32m  OK  [0m] Started udev Coldplug all Devices.
[[0;32m  OK  [0m] Started Dispatch Password Requests to Console Directory Watch.
[[0;32m  OK  [0m] Found device /dev/ttyS0.
[[0;32m  OK  [0m] Started Monitoring of LVM2 mirrors,...ng dmeventd or progress polling.
[[0;32m  OK  [0m] Reached target Local File Systems (Pre).
[[0;32m  OK  [0m] Reached target Local File Systems.
         Starting Set console font and keymap...
         Starting Tell Plymouth To Write Out Runtime Data...
         Starting LSB: AppArmor initialization...
         Starting Initial cloud-init job (pre-networking)...
         Starting Create Volatile Files and Directories...
         Starting Commit a transient machine-id on disk...
[[0;32m  OK  [0m] Listening on Load/Save RF Kill Switch Status /dev/rfkill Watch.
[[0;32m  OK  [0m] Started Tell Plymouth To Write Out Runtime Data.
[[0;32m  OK  [0m] Started Create Volatile Files and Directories.
         Starting Update UTMP about System Boot/Shutdown...
[[0;32m  OK  [0m] Started Commit a transient machine-id on disk.
[[0;32m  OK  [0m] Started Update UTMP about System Boot/Shutdown.
[    8.650564] cloud-init[521]: Cloud-init v. 19.4-33-gbb4131a2-0ubuntu1~16.04.1 running 'init-local' at Mon, 04 May 2020 05:51:43 +0000. Up 7.94 seconds.
[[0;32m  OK  [0m] Started Initial cloud-init job (pre-networking).
[[0;32m  OK  [0m] Reached target Network (Pre).
[[0;32m  OK  [0m] Started Set console font and keymap.
[[0;32m  OK  [0m] Created slice system-getty.slice.
[[0;32m  OK  [0m] Started LSB: AppArmor initialization.
         Starting Raise network interfaces...
[[0;32m  OK  [0m] Started Raise network interfaces.
         Starting Initial cloud-init job (metadata service crawler)...
[[0;32m  OK  [0m] Reached target Network.
[   11.750608] cloud-init[947]: Cloud-init v. 19.4-33-gbb4131a2-0ubuntu1~16.04.1 running 'init' at Mon, 04 May 2020 05:51:46 +0000. Up 10.94 seconds.
[   11.755527] cloud-init[947]: ci-info: ++++++++++++++++++++++++++++++++++++Net device info++++++++++++++++++++++++++++++++++++
[   11.768696] cloud-init[947]: ci-info: +--------+------+------------------------+---------------+--------+-------------------+
[   11.773440] cloud-init[947]: ci-info: | Device |  Up  |        Address         |      Mask     | Scope  |     Hw-Address    |
[   11.776944] cloud-init[947]: ci-info: +--------+------+------------------------+---------------+--------+-------------------+
[   11.789318] cloud-init[947]: ci-info: | enp0s3 | True |       10.0.2.15        | 255.255.255.0 | global | 02:0e:0c:9a:00:f0 |
[   11.801471] cloud-init[947]: ci-info: | enp0s3 | True | fe80::e:cff:fe9a:f0/64 |       .       |  link  | 02:0e:0c:9a:00:f0 |
[   11.812700] cloud-init[947]: ci-info: |   lo   | True |       127.0.0.1        |   255.0.0.0   |  host  |         .         |
[   11.817352] cloud-init[947]: ci-info: |   lo   | True |        ::1/128         |       .       |  host  |         .         |
[   11.822811] cloud-init[947]: ci-info: +--------+------+------------------------+---------------+--------+-------------------+
[   11.827178] cloud-init[947]: ci-info: +++++++++++++++++++++++++++Route IPv4 info++++++++++++++++++++++++++++
[   11.831697] cloud-init[947]: ci-info: +-------+-------------+----------+---------------+-----------+-------+
[   11.835802] cloud-init[947]: ci-info: | Route | Destination | Gateway  |    Genmask    | Interface | Flags |
[   11.839035] cloud-init[947]: ci-info: +-------+-------------+----------+---------------+-----------+-------+
[   11.845035] cloud-init[947]: ci-info: |   0   |   0.0.0.0   | 10.0.2.2 |    0.0.0.0    |   enp0s3  |   UG  |
[   11.848556] cloud-init[947]: ci-info: |   1   |   10.0.2.0  | 0.0.0.0  | 255.255.255.0 |   enp0s3  |   U   |
[   11.852525] cloud-init[947]: ci-info: +-------+-------------+----------+---------------+-----------+-------+
[   11.860646] cloud-init[947]: ci-info: +++++++++++++++++++Route IPv6 info+++++++++++++++++++
[   11.863770] cloud-init[947]: ci-info: +-------+-------------+---------+-----------+-------+
[   11.866892] cloud-init[947]: ci-info: | Route | Destination | Gateway | Interface | Flags |
[   11.870066] cloud-init[947]: ci-info: +-------+-------------+---------+-----------+-------+
[   11.873249] cloud-init[947]: ci-info: |   0   |  fe80::/64  |    ::   |   enp0s3  |   U   |
[   11.877083] cloud-init[947]: ci-info: |   3   |   ff00::/8  |    ::   |   enp0s3  |   U   |
[   11.880651] cloud-init[947]: ci-info: +-------+-------------+---------+-----------+-------+
[   11.884326] cloud-init[947]: Generating public/private rsa key pair.
[   11.887636] cloud-init[947]: Your identification has been saved in /etc/ssh/ssh_host_rsa_key.
[   11.891290] cloud-init[947]: Your public key has been saved in /etc/ssh/ssh_host_rsa_key.pub.
[   11.895366] cloud-init[947]: The key fingerprint is:
[   11.897708] cloud-init[947]: SHA256:Q04pLNS1cRNASAulNHpgxcprZXfTDXk2KXb75uJB1gQ root@ubuntu-xenial
[   11.901780] cloud-init[947]: The key's randomart image is:
[   11.904576] cloud-init[947]: +---[RSA 2048]----+
[   11.906878] cloud-init[947]: |  oo*+o+=.+oE.   |
[   11.909370] cloud-init[947]: | . =.=o. ==.*.   |
[   11.911472] cloud-init[947]: | ...+ + =o B o.  |
[   11.913970] cloud-init[947]: |  o.o..=o . oo   |
[   11.916120] cloud-init[947]: |   + . .S.  o..  |
[   11.918552] cloud-init[947]: |  o      . o  o  |
[   11.925002] cloud-init[947]: | .          .o   |
[[0;32m  OK  [0m] Started Initial cloud-init job (metadata service crawler).
[[0;32m  OK  [0m] Reached target System Initialization.
[[0;32m  OK  [0m[   11.932213] cloud-init[947]: |            ...  |
[   11.932708] cloud-init[947]: |           ...   |
[   11.933812] cloud-init[947]: +----[SHA256]-----+
[   11.935176] cloud-init[947]: Generating public/private dsa key pair.
] Listening on D-Bus System Message Bus Socket.
[   11.935618] cloud-init[947]: Your identification has been saved in /etc/ssh/ssh_host_dsa_key.
[   11.943423] cloud-init[947]: Your public key has been saved in /etc/ssh/ssh_host_dsa_key.pub.
[   11.946429] cloud-init[947]: The key fingerprint is:
[   11.946873] cloud-init[947]: SHA256:tVNut/daSLT5hu8Tta/sivzFbTgIRp7HFTXcrNDjUcg root@ubuntu-xenial
[[0;32m  OK  [0m] Started ACPI Events Check.
[   11.947237] cloud-init[947]: The key's randomart image is:
[   11.951065] cloud-init[947]: +---[DSA 1024]----+
[   11.951757] cloud-init[947]: |             oo*+|
[[0;32m  OK  [0m] Reached target Paths.
[   11.951931] cloud-init[947]: |            . Eo+|
[   11.955734] cloud-init[947]: |          o .oo+ |
[   11.956601] cloud-init[947]: |         + * ooo.|
[   11.957867] cloud-init[947]: |        S B = = o|
[   11.958790] cloud-init[947]: |         . = = X |
[   11.959874] cloud-init[947]: |            . O X|
[   11.960526] cloud-init[947]: |         . . o Oo|
[   11.961028] cloud-init[947]: |          o.oo=+=|
[   11.961523] cloud-init[947]: +----[SHA256]-----+
[   11.962305] cloud-init[947]: Generating public/private ecdsa key pair.
[   11.963102] cloud-init[947]: Your identification has been saved in /etc/ssh/ssh_host_ecdsa_key.
[[0;32m  OK  [0m] Listening on ACPID Listen Socket.
[[   11.964357] cloud-init[947]: Your public key has been saved in /etc/ssh/ssh_host_ecdsa_key.pub.
[0;32m  OK  [0m] Started Daily apt download activities.
[   11.971920] cloud-init[947]: The key fingerprint is:
[   11.975613] cloud-init[947]: SHA256:E+DInQ95hYlBR1Bbs6F64bsOiznzoohUksxLnGEDgzo root@ubuntu-xenial
[   11.976827] cloud-init[947]: The key's randomart image is:
[   11.978031] cloud-init[947]: +---[ECDSA 256]---+
[[0;32m  OK  [0m] Started Daily apt upgrade and clean activities.
[   11.979309] cloud-init[947]: |+    .=*+o=      |
[   11.984934] cloud-init[947]: |o. . +.=o= +     |
[   11.987501] cloud-init[947]: |.+  o * * .      |
[   11.987829] cloud-init[947]: |E =    * o       |
[   11.988723] cloud-init[947]: | X .  . S        |
[   11.989655] cloud-init[947]: |. +    . o       |
[   11.990592] cloud-init[947]: | o    . .        |
[   11.991578] cloud-init[947]: |o.  +o o .       |
[   11.992892] cloud-init[947]: |o ..o=o.o        |
[   11.993717] cloud-init[947]: +----[SHA256]-----+
[   11.994667] cloud-init[947]: Generating public/private ed25519 key pair.
[   11.995015] cloud-init[947]: Your identification has been saved in /etc/ssh/ssh_host_ed25519_key.
         Starting LXD - unix socket.
[   11.995289]          Starting Socket activation for snappy daemon.
cloud-init[[0;32m  OK  [0m] Listening on UUID daemon activation socket.
[[0;32m  OK  [0m] Started Daily Cleanup of Temporary Directories.
[947]: [Your public key has been saved in /etc/ssh/ssh_host_ed25519_key.pub.
[0;32m  OK  [0m] Started Message of the Day.
[   12.010369] [[0;32m  OK  [0m] Reached target Timers.
[[0;32m  OK  [0m] Reached target Cloud-config availability.
[[0;32m  OK  [0m] Reached target Network is Online.
cloud-init[947]: The key fingerprint is:
[   12.016715] cloud-init[947]: SHA256:dCnTG7Y5jXGg+q5vmHTXn9IOCHuYk1dl+2FqjPazeWE root@ubuntu-xenial
[   12.019730] cloud-init[947]: The key's randomart image is:
[   12.022380] cloud-init[947]: +--[ED25519 256]--+         Starting iSCSI initiator daemon (iscsid)...
[[0;32m  OK  [0m] Listening on LXD - unix socket.
[[0;32m  OK  [0m] Listening on Socket activation for snappy daemon.
[[0;32m  OK  [0m] Reached target Sockets.
[[0;32m  OK  [0m] Reached target Basic System.
         Starting System Logging Service...
         Starting Login Service...

[   12.032588] cloud-init[947]: |          .      |
[   12.035593] cloud-init         Starting Pollinate to seed the pseudo random number generator...
[947]: |         o o     |
[[0;32m  OK  [0m] Started Regular background program processing daemon.
         Starting LSB: MD monitoring daemon...
[[0;32m  OK  [0m] Started D-Bus System Message Bus.
[   12.064761] cloud-init[947]: |        = B . o  |
[   12.068860] cloud-init[947]: |       o = X o . |
[   12.075201] cloud-init[947]: |      . S *.o .o |
[   12.080824] cloud-init[947]: |      ...*.++ oE.|
[   12.083336] cloud-init[947]: |     . +B.+o.*..o|
[   12.085538] cloud-init[947]: |      o..+. +o=. |
[   12.089236] cloud-init[947]: |      .+o    *=  |
[   12.091695] cloud-init[947]: +----[SHA256]-----+
[[0;32m  OK  [0m] Started ACPI event daemon.
[[0;32m  OK  [0m] Started Deferred execution scheduler.
         Starting LSB: Record successful boot for GRUB...
[[0;32m  OK  [0m] Started FUSE filesystem for LXC.
         Starting Accounts Service...
         Starting /etc/rc.local Compatibility...
         Starting Snappy daemon...
         Starting Virtualbox guest utils...
         Starting LXD - container startup/shutdown...
[[0;32m  OK  [0m] Started System Logging Service.
[[0;32m  OK  [0m] Started /etc/rc.local Compatibility.
[[0;32m  OK  [0m] Started iSCSI initiator daemon (iscsid).
         Starting Login to default iSCSI targets...
[[0;32m  OK  [0m] Started Login Service.
[[0;32m  OK  [0m] Started Unattended Upgrades Shutdown.
[[0;32m  OK  [0m] Started Login to default iSCSI targets.
[[0;32m  OK  [0m] Started LSB: MD monitoring daemon.
[[0;32m  OK  [0m] Reached target Remote File Systems (Pre).
[[0;32m  OK  [0m] Reached target Remote File Systems.
         Starting LSB: Set the CPU Frequency Scaling governor to "ondemand"...
         Starting Permit User Sessions...
         Starting LSB: automatic crash report generation...
         Starting LSB: daemon to balance interrupts for SMP systems...
[[0;32m  OK  [0m] Started Permit User Sessions.
         Starting Hold until boot process finishes up...
         Starting Terminate Plymouth Boot Screen...
[[0;32m  OK  [0m] Started LSB: Set the CPU Frequency Scaling governor to "ondemand".
[[0;32m  OK  [0m] Started Hold until boot process finishes up.
[[0;32m  OK  [0m] Started Terminate Plymouth Boot Screen.
         Starting Authenticate and Authorize Users to Run Privileged Tasks...
[[0;32m  OK  [0m] Started Serial Getty on ttyS0.
[[0;32m  OK  [0m] Started Getty on tty1.
[[0;32m  OK  [0m] Reached target Login Prompts.
         Starting Set console scheme...
[[0;32m  OK  [0m] Started LSB: Record successful boot for GRUB.
[[0;32m  OK  [0m] Started Set console scheme.
[[0;32m  OK  [0m] Started LSB: daemon to balance interrupts for SMP systems.
[[0;32m  OK  [0m] Started LSB: automatic crash report generation.
[[0;32m  OK  [0m] Started Authenticate and Authorize Users to Run Privileged Tasks.
[[0;32m  OK  [0m] Started Accounts Service.
[[0;32m  OK  [0m] Started LXD - container startup/shutdown.
[[0;32m  OK  [0m] Started Virtualbox guest utils.
[[0;32m  OK  [0m] Started Snappy daemon.
         Starting Wait until snapd is fully seeded...
[[0;32m  OK  [0m] Started Pollinate to seed the pseudo random number generator.
         Starting OpenBSD Secure Shell server...
[[0;32m  OK  [0m] Started OpenBSD Secure Shell server.
[[0;32m  OK  [0m] Created slice User Slice of vagrant.
         Starting User Manager for UID 1000...
[[0;32m  OK  [0m] Started Session 1 of user vagrant.
[[0;32m  OK  [0m] Started User Manager for UID 1000.
[[0;32m  OK  [0m] Started Wait until snapd is fully seeded.
         Starting Apply the settings specified in cloud-config...
[[0;32m  OK  [0m] Reached target Multi-User System.
[[0;32m  OK  [0m] Reached target Graphical Interface.
         Starting Update UTMP about System Runlevel Changes...
[[0;32m  OK  [0m] Started Update UTMP about System Runlevel Changes.
[   15.033516] cloud-init[1376]: Generating locales (this might take a while)...
[   16.887491] cloud-init[1376]:   en_US.UTF-8... done
[   16.889591] cloud-init[1376]: Generation complete.
[   17.327784] cloud-init[1376]: Cloud-init v. 19.4-33-gbb4131a2-0ubuntu1~16.04.1 running 'modules:config' at Mon, 04 May 2020 05:51:50 +0000. Up 14.77 seconds.
[[0;32m  OK  [0m] Started Apply the settings specified in cloud-config.
         Starting Execute cloud user/final scripts...
ci-info: no authorized SSH keys fingerprints found for user ubuntu.
<14>May  4 05:51:53 ec2: 
<14>May  4 05:51:53 ec2: #############################################################
<14>May  4 05:51:53 ec2: -----BEGIN SSH HOST KEY FINGERPRINTS-----
<14>May  4 05:51:53 ec2: 1024 SHA256:tVNut/daSLT5hu8Tta/sivzFbTgIRp7HFTXcrNDjUcg root@ubuntu-xenial (DSA)
<14>May  4 05:51:53 ec2: 256 SHA256:E+DInQ95hYlBR1Bbs6F64bsOiznzoohUksxLnGEDgzo root@ubuntu-xenial (ECDSA)
<14>May  4 05:51:53 ec2: 256 SHA256:dCnTG7Y5jXGg+q5vmHTXn9IOCHuYk1dl+2FqjPazeWE root@ubuntu-xenial (ED25519)
<14>May  4 05:51:53 ec2: 2048 SHA256:Q04pLNS1cRNASAulNHpgxcprZXfTDXk2KXb75uJB1gQ root@ubuntu-xenial (RSA)
<14>May  4 05:51:53 ec2: -----END SSH HOST KEY FINGERPRINTS-----
<14>May  4 05:51:53 ec2: #############################################################
-----BEGIN SSH HOST KEY KEYS-----
ecdsa-sha2-nistp256 AAAAE2VjZHNhLXNoYTItbmlzdHAyNTYAAAAIbmlzdHAyNTYAAABBBJo+z/c1JDV0yVnucSJc+JTVBbLU2aRT7gnspKFgLrENTzS45UC1BUhpwUxy+Vll3X0IYhPq6XpmeefR6nRVoko= root@ubuntu-xenial
ssh-ed25519 AAAAC3NzaC1lZDI1NTE5AAAAINH1pWC6e7WVXxWeZKLqY6jW986ZvjzKuZciQy3Os9Fl root@ubuntu-xenial
ssh-rsa AAAAB3NzaC1yc2EAAAADAQABAAABAQDqU/8Nq+R8GqXGcPfM7VHVFtkJXQ06uv/rSg139F8ioEzN7C2IyO8UmBiVBZ9IiwbTYxg4yjGMVyIARqKVRCTAOQ7IfwPMPlry1DTCTEznxPZvJYY3IxQ68yh5U+JQTDdrkX/iuiV43Osrmy2Z00/Q3jVzDY+P5l2CeScPR1ZlMBsr2WtS3kXONktbOk3YiOsho/TLtTMOS/t0EHo7W7XLgAjTQFBqdCpebJRlfxSfgSPa0PBoBnFbd42Mpv/ED81ADoIbGNHRT/4AWnGNN9vuwnZRfzUQAj3JlMQWKmdHLG2+NwFe4OCzL8MxdQHJ7n9SabkflZBPTNFuq35amnIf root@ubuntu-xenial
-----END SSH HOST KEY KEYS-----
[   18.312116] cloud-init[1546]: Cloud-init v. 19.4-33-gbb4131a2-0ubuntu1~16.04.1 running 'modules:final' at Mon, 04 May 2020 05:51:53 +0000. Up 18.03 seconds.
[   18.315559] cloud-init[1546]: ci-info: no authorized SSH keys fingerprints found for user ubuntu.
[   18.316133] cloud-init[1546]: Cloud-init v. 19.4-33-gbb4131a2-0ubuntu1~16.04.1 finished at Mon, 04 May 2020 05:51:53 +0000. Datasource DataSourceNoCloud [seed=/dev/sdb][dsmode=net].  Up 18.28 seconds

Ubuntu 16.04.6 LTS ubuntu-xenial ttyS0

ubuntu-xenial login: 