[    0.000000] Initializing cgroup subsys cpuset
[    0.000000] Initializing cgroup subsys cpu
[    0.000000] Initializing cgroup subsys cpuacct
[    0.000000] Linux version 4.4.0-176-generic (buildd@lgw01-amd64-035) (gcc version 5.4.0 20160609 (Ubuntu 5.4.0-6ubuntu1~16.04.12) ) #206-Ubuntu SMP Fri Feb 28 05:02:04 UTC 2020 (Ubuntu 4.4.0-176.206-generic 4.4.211)
[    0.000000] Command line: BOOT_IMAGE=/boot/vmlinuz-4.4.0-176-generic root=UUID=3bda5ecb-45e7-4190-b7c8-0d4f527f03d6 ro console=tty1 console=ttyS0
[    0.000000] KERNEL supported cpus:
[    0.000000]   Intel GenuineIntel
[    0.000000]   AMD AuthenticAMD
[    0.000000]   Centaur CentaurHauls
[    0.000000] x86/fpu: xstate_offset[2]:  576, xstate_sizes[2]:  256
[    0.000000] x86/fpu: Supporting XSAVE feature 0x01: 'x87 floating point registers'
[    0.000000] x86/fpu: Supporting XSAVE feature 0x02: 'SSE registers'
[    0.000000] x86/fpu: Supporting XSAVE feature 0x04: 'AVX registers'
[    0.000000] x86/fpu: Enabled xstate features 0x7, context size is 832 bytes, using 'standard' format.
[    0.000000] e820: BIOS-provided physical RAM map:
[    0.000000] BIOS-e820: [mem 0x0000000000000000-0x000000000009fbff] usable
[    0.000000] BIOS-e820: [mem 0x000000000009fc00-0x000000000009ffff] reserved
[    0.000000] BIOS-e820: [mem 0x00000000000f0000-0x00000000000fffff] reserved
[    0.000000] BIOS-e820: [mem 0x0000000000100000-0x000000003ffeffff] usable
[    0.000000] BIOS-e820: [mem 0x000000003fff0000-0x000000003fffffff] ACPI data
[    0.000000] BIOS-e820: [mem 0x00000000fec00000-0x00000000fec00fff] reserved
[    0.000000] BIOS-e820: [mem 0x00000000fee00000-0x00000000fee00fff] reserved
[    0.000000] BIOS-e820: [mem 0x00000000fffc0000-0x00000000ffffffff] reserved
[    0.000000] NX (Execute Disable) protection: active
[    0.000000] SMBIOS 2.5 present.
[    0.000000] Hypervisor detected: KVM
[    0.000000] e820: last_pfn = 0x3fff0 max_arch_pfn = 0x400000000
[    0.000000] MTRR: Disabled
[    0.000000] x86/PAT: MTRRs disabled, skipping PAT initialization too.
[    0.000000] CPU MTRRs all blank - virtualized system.
[    0.000000] x86/PAT: Configuration [0-7]: WB  WT  UC- UC  WB  WT  UC- UC  
[    0.000000] found SMP MP-table at [mem 0x0009fff0-0x0009ffff] mapped at [ffff88000009fff0]
[    0.000000] Scanning 1 areas for low memory corruption
[    0.000000] RAMDISK: [mem 0x361cc000-0x370ddfff]
[    0.000000] ACPI: Early table checksum verification disabled
[    0.000000] ACPI: RSDP 0x00000000000E0000 000024 (v02 VBOX  )
[    0.000000] ACPI: XSDT 0x000000003FFF0030 00003C (v01 VBOX   VBOXXSDT 00000001 ASL  00000061)
[    0.000000] ACPI: FACP 0x000000003FFF00F0 0000F4 (v04 VBOX   VBOXFACP 00000001 ASL  00000061)
[    0.000000] ACPI: DSDT 0x000000003FFF0470 002325 (v02 VBOX   VBOXBIOS 00000002 INTL 20100528)
[    0.000000] ACPI: FACS 0x000000003FFF0200 000040
[    0.000000] ACPI: FACS 0x000000003FFF0200 000040
[    0.000000] ACPI: APIC 0x000000003FFF0240 00005C (v02 VBOX   VBOXAPIC 00000001 ASL  00000061)
[    0.000000] ACPI: SSDT 0x000000003FFF02A0 0001CC (v01 VBOX   VBOXCPUT 00000002 INTL 20100528)
[    0.000000] No NUMA configuration found
[    0.000000] Faking a node at [mem 0x0000000000000000-0x000000003ffeffff]
[    0.000000] NODE_DATA(0) allocated [mem 0x3ffeb000-0x3ffeffff]
[    0.000000] kvm-clock: Using msrs 4b564d01 and 4b564d00
[    0.000000] kvm-clock: cpu 0, msr 0:3ffe3001, primary cpu clock
[    0.000000] kvm-clock: using sched offset of 3580164693 cycles
[    0.000000] clocksource: kvm-clock: mask: 0xffffffffffffffff max_cycles: 0x1cd42e4dffb, max_idle_ns: 881590591483 ns
[    0.000000] Zone ranges:
[    0.000000]   DMA      [mem 0x0000000000001000-0x0000000000ffffff]
[    0.000000]   DMA32    [mem 0x0000000001000000-0x000000003ffeffff]
[    0.000000]   Normal   empty
[    0.000000]   Device   empty
[    0.000000] Movable zone start for each node
[    0.000000] Early memory node ranges
[    0.000000]   node   0: [mem 0x0000000000001000-0x000000000009efff]
[    0.000000]   node   0: [mem 0x0000000000100000-0x000000003ffeffff]
[    0.000000] Initmem setup node 0 [mem 0x0000000000001000-0x000000003ffeffff]
[    0.000000] ACPI: PM-Timer IO Port: 0x4008
[    0.000000] IOAPIC[0]: apic_id 2, version 32, address 0xfec00000, GSI 0-23
[    0.000000] ACPI: INT_SRC_OVR (bus 0 bus_irq 0 global_irq 2 dfl dfl)
[    0.000000] ACPI: INT_SRC_OVR (bus 0 bus_irq 9 global_irq 9 low level)
[    0.000000] Using ACPI (MADT) for SMP configuration information
[    0.000000] smpboot: Allowing 2 CPUs, 0 hotplug CPUs
[    0.000000] PM: Registered nosave memory: [mem 0x00000000-0x00000fff]
[    0.000000] PM: Registered nosave memory: [mem 0x0009f000-0x0009ffff]
[    0.000000] PM: Registered nosave memory: [mem 0x000a0000-0x000effff]
[    0.000000] PM: Registered nosave memory: [mem 0x000f0000-0x000fffff]
[    0.000000] e820: [mem 0x40000000-0xfebfffff] available for PCI devices
[    0.000000] Booting paravirtualized kernel on KVM
[    0.000000] clocksource: refined-jiffies: mask: 0xffffffff max_cycles: 0xffffffff, max_idle_ns: 7645519600211568 ns
[    0.000000] setup_percpu: NR_CPUS:512 nr_cpumask_bits:512 nr_cpu_ids:2 nr_node_ids:1
[    0.000000] PERCPU: Embedded 33 pages/cpu @ffff88003fc00000 s95448 r8192 d31528 u1048576
[    0.000000] Built 1 zonelists in Node order, mobility grouping on.  Total pages: 257912
[    0.000000] Policy zone: DMA32
[    0.000000] Kernel command line: BOOT_IMAGE=/boot/vmlinuz-4.4.0-176-generic root=UUID=3bda5ecb-45e7-4190-b7c8-0d4f527f03d6 ro console=tty1 console=ttyS0
[    0.000000] PID hash table entries: 4096 (order: 3, 32768 bytes)
[    0.000000] Memory: 997120K/1048120K available (8626K kernel code, 1336K rwdata, 4032K rodata, 1488K init, 1292K bss, 51000K reserved, 0K cma-reserved)
[    0.000000] SLUB: HWalign=64, Order=0-3, MinObjects=0, CPUs=2, Nodes=1
[    0.000000] Kernel/User page tables isolation: enabled
[    0.000000] Hierarchical RCU implementation.
[    0.000000] 	Build-time adjustment of leaf fanout to 64.
[    0.000000] 	RCU restricting CPUs from NR_CPUS=512 to nr_cpu_ids=2.
[    0.000000] RCU: Adjusting geometry for rcu_fanout_leaf=64, nr_cpu_ids=2
[    0.000000] NR_IRQS:33024 nr_irqs:440 16
[    0.000000] Console: colour VGA+ 80x25
[    0.000000] console [tty1] enabled
[    0.000000] console [ttyS0] enabled
[    0.000000] tsc: Detected 2807.998 MHz processor
[    0.219927] Calibrating delay loop (skipped) preset value.. 5615.99 BogoMIPS (lpj=11231992)
[    0.222693] pid_max: default: 32768 minimum: 301
[    0.224221] ACPI: Core revision 20150930
[    0.228091] ACPI: 2 ACPI AML tables successfully acquired and loaded
[    0.230171] Security Framework initialized
[    0.231569] Yama: becoming mindful.
[    0.232800] AppArmor: AppArmor initialized
[    0.234293] Dentry cache hash table entries: 131072 (order: 8, 1048576 bytes)
[    0.237532] Inode-cache hash table entries: 65536 (order: 7, 524288 bytes)
[    0.239674] Mount-cache hash table entries: 2048 (order: 2, 16384 bytes)
[    0.241653] Mountpoint-cache hash table entries: 2048 (order: 2, 16384 bytes)
[    0.243909] Initializing cgroup subsys io
[    0.245258] Initializing cgroup subsys memory
[    0.246717] Initializing cgroup subsys devices
[    0.248164] Initializing cgroup subsys freezer
[    0.249618] Initializing cgroup subsys net_cls
[    0.251056] Initializing cgroup subsys perf_event
[    0.252588] Initializing cgroup subsys net_prio
[    0.254044] Initializing cgroup subsys hugetlb
[    0.255510] Initializing cgroup subsys pids
[    0.258712] mce: CPU supports 0 MCE banks
[    0.260101] Last level iTLB entries: 4KB 64, 2MB 8, 4MB 8
[    0.261771] Last level dTLB entries: 4KB 64, 2MB 0, 4MB 0, 1GB 4
[    0.263699] Spectre V1 : Mitigation: usercopy/swapgs barriers and __user pointer sanitization
[    0.266400] Spectre V2 : Mitigation: Full generic retpoline
[    0.268155] Spectre V2 : Spectre v2 / SpectreRSB mitigation: Filling RSB on context switch
[    0.270814] Speculative Store Bypass: Vulnerable
[    0.272453] MDS: Mitigation: Clear CPU buffers
[    0.277914] Freeing SMP alternatives memory: 36K
[    0.287896] ftrace: allocating 32305 entries in 127 pages
[    0.374231] smpboot: APIC(0) Converting physical 0 to logical package 0
[    0.376227] smpboot: Max logical packages: 1
[    0.378050] x2apic enabled
[    0.379541] Switched APIC routing to physical x2apic.
[    0.382970] ..TIMER: vector=0x30 apic1=0 pin1=2 apic2=-1 pin2=-1
[    0.492928] smpboot: CPU0: Intel(R) Core(TM) i7-6600U CPU @ 2.60GHz (family: 0x6, model: 0x4e, stepping: 0x3)
[    0.496217] Performance Events: unsupported p6 CPU model 78 no PMU driver, software events only.
[    0.511434] KVM setup paravirtual spinlock
[    0.513611] x86: Booting SMP configuration:
[    0.515010] .... node  #0, CPUs:      #1
[    0.516320] kvm-clock: cpu 1, msr 0:3ffe3041, secondary cpu clock
[    0.520278] mce: CPU supports 0 MCE banks
[    0.523656] x86: Booted up 1 node, 2 CPUs
[    0.525486] smpboot: Total of 2 processors activated (11231.99 BogoMIPS)
[    0.527916] devtmpfs: initialized
[    0.530881] evm: security.selinux
[    0.532074] evm: security.SMACK64
[    0.533274] evm: security.SMACK64EXEC
[    0.534563] evm: security.SMACK64TRANSMUTE
[    0.535912] evm: security.SMACK64MMAP
[    0.537195] evm: security.ima
[    0.538292] evm: security.capability
[    0.539735] clocksource: jiffies: mask: 0xffffffff max_cycles: 0xffffffff, max_idle_ns: 7645041785100000 ns
[    0.542770] futex hash table entries: 512 (order: 3, 32768 bytes)
[    0.544757] pinctrl core: initialized pinctrl subsystem
[    0.546472] RTC time:  5:59:46, date: 04/06/20
[    0.548108] NET: Registered protocol family 16
[    0.562812] cpuidle: using governor ladder
[    0.574521] cpuidle: using governor menu
[    0.575889] PCCT header not found.
[    0.577221] ACPI: bus type PCI registered
[    0.578680] acpiphp: ACPI Hot Plug PCI Controller Driver version: 0.5
[    0.580874] PCI: Using configuration type 1 for base access
[    0.592776] ACPI: Added _OSI(Module Device)
[    0.594205] ACPI: Added _OSI(Processor Device)
[    0.595673] ACPI: Added _OSI(3.0 _SCP Extensions)
[    0.597251] ACPI: Added _OSI(Processor Aggregator Device)
[    0.599875] ACPI: Executed 1 blocks of module-level executable AML code
[    0.604945] ACPI: Interpreter enabled
[    0.606216] ACPI: (supports S0 S5)
[    0.607404] ACPI: Using IOAPIC for interrupt routing
[    0.609272] PCI: Using host bridge windows from ACPI; if necessary, use "pci=nocrs" and report a bug
[    0.617237] ACPI: PCI Root Bridge [PCI0] (domain 0000 [bus 00-ff])
[    0.619067] acpi PNP0A03:00: _OSC: OS supports [ASPM ClockPM Segments MSI]
[    0.621872] acpi PNP0A03:00: _OSC: not requesting OS control; OS requires [ExtendedConfig ASPM ClockPM MSI]
[    0.624949] acpi PNP0A03:00: fail to add MMCONFIG information, can't access extended PCI configuration space under this bridge.
[    0.628871] PCI host bridge to bus 0000:00
[    0.630269] pci_bus 0000:00: root bus resource [io  0x0000-0x0cf7 window]
[    0.632302] pci_bus 0000:00: root bus resource [io  0x0d00-0xffff window]
[    0.634274] pci_bus 0000:00: root bus resource [mem 0x000a0000-0x000bffff window]
[    0.636847] pci_bus 0000:00: root bus resource [mem 0x40000000-0xfdffffff window]
[    0.639349] pci_bus 0000:00: root bus resource [bus 00-ff]
[    0.643695] pci 0000:00:01.1: legacy IDE quirk: reg 0x10: [io  0x01f0-0x01f7]
[    0.645949] pci 0000:00:01.1: legacy IDE quirk: reg 0x14: [io  0x03f6]
[    0.648061] pci 0000:00:01.1: legacy IDE quirk: reg 0x18: [io  0x0170-0x0177]
[    0.650133] pci 0000:00:01.1: legacy IDE quirk: reg 0x1c: [io  0x0376]
[    0.683305] pci 0000:00:07.0: quirk: [io  0x4000-0x403f] claimed by PIIX4 ACPI
[    0.685780] pci 0000:00:07.0: quirk: [io  0x4100-0x410f] claimed by PIIX4 SMB
[    0.696705] ACPI: PCI Interrupt Link [LNKA] (IRQs 5 9 10 *11)
[    0.699299] ACPI: PCI Interrupt Link [LNKB] (IRQs 5 9 *10 11)
[    0.701707] ACPI: PCI Interrupt Link [LNKC] (IRQs 5 *9 10 11)
[    0.704098] ACPI: PCI Interrupt Link [LNKD] (IRQs 5 9 10 *11)
[    0.706552] ACPI: Enabled 2 GPEs in block 00 to 07
[    0.708457] vgaarb: setting as boot device: PCI:0000:00:02.0
[    0.710197] vgaarb: device added: PCI:0000:00:02.0,decodes=io+mem,owns=io+mem,locks=none
[    0.712857] vgaarb: loaded
[    0.713888] vgaarb: bridge control possible 0000:00:02.0
[    0.716152] SCSI subsystem initialized
[    0.718089] ACPI: bus type USB registered
[    0.719855] usbcore: registered new interface driver usbfs
[    0.721976] usbcore: registered new interface driver hub
[    0.723675] usbcore: registered new device driver usb
[    0.725552] PCI: Using ACPI for IRQ routing
[    0.730357] NetLabel: Initializing
[    0.731555] NetLabel:  domain hash size = 128
[    0.732987] NetLabel:  protocols = UNLABELED CIPSOv4
[    0.734571] NetLabel:  unlabeled traffic allowed by default
[    0.736454] amd_nb: Cannot enumerate AMD northbridges
[    0.738062] clocksource: Switched to clocksource kvm-clock
[    0.748490] AppArmor: AppArmor Filesystem Enabled
[    0.750219] pnp: PnP ACPI init
[    0.752494] pnp: PnP ACPI: found 3 devices
[    0.763836] clocksource: acpi_pm: mask: 0xffffff max_cycles: 0xffffff, max_idle_ns: 2085701024 ns
[    0.766767] NET: Registered protocol family 2
[    0.768347] TCP established hash table entries: 8192 (order: 4, 65536 bytes)
[    0.770422] TCP bind hash table entries: 8192 (order: 5, 131072 bytes)
[    0.772403] TCP: Hash tables configured (established 8192 bind 8192)
[    0.774303] UDP hash table entries: 512 (order: 2, 16384 bytes)
[    0.776113] UDP-Lite hash table entries: 512 (order: 2, 16384 bytes)
[    0.778045] NET: Registered protocol family 1
[    0.779494] pci 0000:00:00.0: Limiting direct PCI/PCI transfers
[    0.781296] pci 0000:00:01.0: Activating ISA DMA hang workarounds
[    0.783315] Unpacking initramfs...
[    1.055209] Freeing initrd memory: 15432K
[    1.056717] clocksource: tsc: mask: 0xffffffffffffffff max_cycles: 0x2879c456dd4, max_idle_ns: 440795285767 ns
[    1.059855] platform rtc_cmos: registered platform RTC device (no PNP device found)
[    1.062438] Scanning for low memory corruption every 60 seconds
[    1.064666] audit: initializing netlink subsys (disabled)
[    1.066376] audit: type=2000 audit(1586152791.263:1): initialized
[    1.068553] Initialise system trusted keyring
[    1.070138] HugeTLB registered 2 MB page size, pre-allocated 0 pages
[    1.073607] zbud: loaded
[    1.075093] VFS: Disk quotas dquot_6.6.0
[    1.076451] VFS: Dquot-cache hash table entries: 512 (order 0, 4096 bytes)
[    1.078710] squashfs: version 4.0 (2009/01/31) Phillip Lougher
[    1.080793] fuse init (API version 7.23)
[    1.082304] Key type big_key registered
[    1.083682] Allocating IMA MOK and blacklist keyrings.
[    1.086655] Key type asymmetric registered
[    1.088030] Asymmetric key parser 'x509' registered
[    1.089613] Block layer SCSI generic (bsg) driver version 0.4 loaded (major 249)
[    1.092175] io scheduler noop registered
[    1.093560] io scheduler deadline registered (default)
[    1.095243] io scheduler cfq registered
[    1.096635] pci_hotplug: PCI Hot Plug PCI Core version: 0.5
[    1.098351] pciehp: PCI Express Hot Plug Controller Driver version: 0.4
[    1.100484] ACPI: AC Adapter [AC] (on-line)
[    1.101941] input: Power Button as /devices/LNXSYSTM:00/LNXPWRBN:00/input/input0
[    1.104464] ACPI: Power Button [PWRF]
[    1.105799] input: Sleep Button as /devices/LNXSYSTM:00/LNXSLPBN:00/input/input1
[    1.108340] ACPI: Sleep Button [SLPF]
[    1.110696] ACPI: Battery Slot [BAT0] (battery present)
[    1.112443] GHES: HEST is not enabled!
[    1.113807] Serial: 8250/16550 driver, 32 ports, IRQ sharing enabled
[    1.136574] 00:02: ttyS0 at I/O 0x3f8 (irq = 4, base_baud = 115200) is a 16550A
[    1.140253] Linux agpgart interface v0.103
[    1.147070] loop: module loaded
[    1.148928] scsi host0: ata_piix
[    1.150290] scsi host1: ata_piix
[    1.151528] ata1: PATA max UDMA/33 cmd 0x1f0 ctl 0x3f6 bmdma 0xd000 irq 14
[    1.153560] ata2: PATA max UDMA/33 cmd 0x170 ctl 0x376 bmdma 0xd008 irq 15
[    1.155682] libphy: Fixed MDIO Bus: probed
[    1.157212] tun: Universal TUN/TAP device driver, 1.6
[    1.159174] tun: (C) 1999-2004 Max Krasnyansky <maxk@qualcomm.com>
[    1.161094] PPP generic driver version 2.4.2
[    1.162703] ehci_hcd: USB 2.0 'Enhanced' Host Controller (EHCI) Driver
[    1.164638] ehci-pci: EHCI PCI platform driver
[    1.166111] ehci-platform: EHCI generic platform driver
[    1.167870] ohci_hcd: USB 1.1 'Open' Host Controller (OHCI) Driver
[    1.169723] ohci-pci: OHCI PCI platform driver
[    1.171207] ohci-platform: OHCI generic platform driver
[    1.172857] uhci_hcd: USB Universal Host Controller Interface driver
[    1.174867] i8042: PNP: PS/2 Controller [PNP0303:PS2K,PNP0f03:PS2M] at 0x60,0x64 irq 1,12
[    1.178160] serio: i8042 KBD port at 0x60,0x64 irq 1
[    1.180003] serio: i8042 AUX port at 0x60,0x64 irq 12
[    1.181730] mousedev: PS/2 mouse device common for all mice
[    1.184116] rtc_cmos rtc_cmos: rtc core: registered rtc_cmos as rtc0
[    1.186165] input: AT Translated Set 2 keyboard as /devices/platform/i8042/serio0/input/input2
[    1.189108] rtc_cmos rtc_cmos: alarms up to one day, 114 bytes nvram
[    1.191060] i2c /dev entries driver
[    1.192363] device-mapper: uevent: version 1.0.3
[    1.193905] device-mapper: ioctl: 4.34.0-ioctl (2015-10-28) initialised: dm-devel@redhat.com
[    1.196891] ledtrig-cpu: registered to indicate activity on CPUs
[    1.199384] NET: Registered protocol family 10
[    1.201069] NET: Registered protocol family 17
[    1.202546] Key type dns_resolver registered
[    1.204263] registered taskstats version 1
[    1.205634] Loading compiled-in X.509 certificates
[    1.207885] Loaded X.509 cert 'Build time autogenerated kernel key: c2b7431ed9258328a3a0cf301f850647788d8e61'
[    1.211023] zswap: loaded using pool lzo/zbud
[    1.214528] Key type trusted registered
[    1.219509] Key type encrypted registered
[    1.220882] AppArmor: AppArmor sha1 policy hashing enabled
[    1.222663] ima: No TPM chip found, activating TPM-bypass!
[    1.224367] ima: Allocated hash algorithm: sha1
[    1.225834] evm: HMAC attrs: 0x1
[    1.227526]   Magic number: 0:408:971
[    1.228930] rtc_cmos rtc_cmos: setting system clock to 2020-04-06 05:59:46 UTC (1586152786)
[    1.231736] BIOS EDD facility v0.16 2004-Jun-25, 0 devices found
[    1.233538] EDD information not available.
[    1.436137] Freeing unused kernel memory: 1488K
[    1.437628] Write protecting the kernel read-only data: 14336k
[    1.439897] Freeing unused kernel memory: 1604K
[    1.441560] Freeing unused kernel memory: 64K
Loading, please wait...
starting version 229
[    1.457350] random: systemd-udevd: uninitialized urandom read (16 bytes read, 3 bits of entropy available)
[    1.458018] random: udevadm: uninitialized urandom read (16 bytes read, 3 bits of entropy available)
[    1.458040] random: udevadm: uninitialized urandom read (16 bytes read, 3 bits of entropy available)
[    1.468096] random: udevadm: uninitialized urandom read (16 bytes read, 3 bits of entropy available)
[    1.468145] random: udevadm: uninitialized urandom read (16 bytes read, 3 bits of entropy available)
[    1.468309] random: udevadm: uninitialized urandom read (16 bytes read, 3 bits of entropy available)
[    1.468367] random: udevadm: uninitialized urandom read (16 bytes read, 3 bits of entropy available)
[    1.468424] random: udevadm: uninitialized urandom read (16 bytes read, 3 bits of entropy available)
[    1.468487] random: udevadm: uninitialized urandom read (16 bytes read, 3 bits of entropy available)
[    1.468573] random: udevadm: uninitialized urandom read (16 bytes read, 3 bits of entropy available)
[    1.529604] e1000: Intel(R) PRO/1000 Network Driver - version 7.3.21-k8-NAPI
[    1.532846] e1000: Copyright (c) 1999-2006 Intel Corporation.
[    1.535577] Fusion MPT base driver 3.04.20
[    1.537434] Copyright (c) 1999-2008 LSI Corporation
[    1.544202] Fusion MPT SPI Host driver 3.04.20
[    1.563288] AVX2 version of gcm_enc/dec engaged.
[    1.565516] AES CTR mode by8 optimization enabled
[    1.768191] input: ImExPS/2 Generic Explorer Mouse as /devices/platform/i8042/serio1/input/input4
[    2.409772] e1000 0000:00:03.0 eth0: (PCI:33MHz:32-bit) 02:0e:0c:9a:00:f0
[    2.411864] e1000 0000:00:03.0 eth0: Intel(R) PRO/1000 Network Connection
[    2.414742] mptbase: ioc0: Initiating bringup
[    3.658981] ioc0: LSI53C1030 A0: Capabilities={Initiator}
[    6.381508] scsi host2: ioc0: LSI53C1030 A0, FwRev=00000000h, Ports=1, MaxQ=256, IRQ=20
[    8.062750] scsi 2:0:0:0: Direct-Access     VBOX     HARDDISK         1.0  PQ: 0 ANSI: 5
[    8.065936] scsi target2:0:0: Beginning Domain Validation
[    8.069552] scsi target2:0:0: Domain Validation skipping write tests
[    8.071509] scsi target2:0:0: Ending Domain Validation
[    8.073223] scsi target2:0:0: asynchronous
[    8.075239] scsi 2:0:1:0: Direct-Access     VBOX     HARDDISK         1.0  PQ: 0 ANSI: 5
[    8.077874] scsi target2:0:1: Beginning Domain Validation
[    8.081320] scsi target2:0:1: Domain Validation skipping write tests
[    8.083229] scsi target2:0:1: Ending Domain Validation
[    8.084923] scsi target2:0:1: asynchronous
[    8.099221] sd 2:0:0:0: Attached scsi generic sg0 type 0
[    8.121053] sd 2:0:0:0: [sda] 20971520 512-byte logical blocks: (10.7 GB/10.0 GiB)
[    8.125030] sd 2:0:0:0: [sda] Write Protect is off
[    8.127520] sd 2:0:1:0: Attached scsi generic sg1 type 0
[    8.130287] sd 2:0:0:0: [sda] Incomplete mode parameter data
[    8.132311] sd 2:0:0:0: [sda] Assuming drive cache: write through
[    8.133221] sd 2:0:1:0: [sdb] 20480 512-byte logical blocks: (10.5 MB/10.0 MiB)
[    8.137751] sd 2:0:1:0: [sdb] Write Protect is off
[    8.140407] sd 2:0:1:0: [sdb] Incomplete mode parameter data
[    8.143091] sd 2:0:1:0: [sdb] Assuming drive cache: write through
[    8.147883]  sda: sda1
[    8.150245] sd 2:0:0:0: [sda] Attached SCSI disk
[    8.153168] sd 2:0:1:0: [sdb] Attached SCSI disk
[    8.554386] e1000 0000:00:08.0 eth1: (PCI:33MHz:32-bit) 08:00:27:84:ab:7a
[    8.556398] e1000 0000:00:08.0 eth1: Intel(R) PRO/1000 Network Connection
[    8.559686] e1000 0000:00:08.0 enp0s8: renamed from eth1
[    8.572321] e1000 0000:00:03.0 enp0s3: renamed from eth0
Begin: Loading essential drivers ... [   10.208886] md: linear personality registered for level -1
[   10.213582] md: multipath personality registered for level -4
[   10.218222] md: raid0 personality registered for level 0
[   10.224295] md: raid1 personality registered for level 1
[   10.298419] raid6: sse2x1   gen()  8822 MB/s
[   10.366243] raid6: sse2x1   xor()  6625 MB/s
[   10.434571] raid6: sse2x2   gen() 11018 MB/s
[   10.502423] raid6: sse2x2   xor()  7481 MB/s
[   10.570229] raid6: sse2x4   gen() 12328 MB/s
[   10.638552] raid6: sse2x4   xor()  8500 MB/s
[   10.706421] raid6: avx2x1   gen() 16768 MB/s
[   10.778116] raid6: avx2x2   gen() 18782 MB/s
[   10.846436] raid6: avx2x4   gen() 22131 MB/s
[   10.847886] raid6: using algorithm avx2x4 gen() 22131 MB/s
[   10.849571] raid6: using avx2x2 recovery algorithm
[   10.852572] xor: automatically using best checksumming function:
[   10.890835]    avx       : 22001.000 MB/sec
[   10.893620] async_tx: api initialized (async)
[   10.906942] md: raid6 personality registered for level 6
[   10.908795] md: raid5 personality registered for level 5
[   10.910434] md: raid4 personality registered for level 4
[   10.919640] md: raid10 personality registered for level 10
done.
Begin: Running /scripts/init-premount ... done.
Begin: Mounting root file system ... Begin: Running /scripts/local-top ... done.
Begin: Running /scripts/local-premount ... [   10.960430] Btrfs loaded
Scanning for Btrfs filesystems
done.
Warning: fsck not present, so skipping root file system
[   10.993277] EXT4-fs (sda1): INFO: recovery required on readonly filesystem
[   10.995362] EXT4-fs (sda1): write access will be enabled during recovery
[   11.006901] EXT4-fs (sda1): recovery complete
[   11.008509] EXT4-fs (sda1): mounted filesystem with ordered data mode. Opts: (null)
done.
Begin: Running /scripts/local-bottom ... done.
Begin: Running /scripts/init-bottom ... done.
[   11.120592] systemd[1]: systemd 229 running in system mode. (+PAM +AUDIT +SELINUX +IMA +APPARMOR +SMACK +SYSVINIT +UTMP +LIBCRYPTSETUP +GCRYPT +GNUTLS +ACL +XZ -LZ4 +SECCOMP +BLKID +ELFUTILS +KMOD -IDN)
[   11.125944] systemd[1]: Detected virtualization oracle.
[   11.127611] systemd[1]: Detected architecture x86-64.

Welcome to [1mUbuntu 16.04.6 LTS[0m!

[   11.132376] systemd[1]: Set hostname to <ubuntu-xenial>.
[   11.275381] systemd[1]: Listening on Journal Audit Socket.
[[0;32m  OK  [0m] Listening on Journal Audit Socket.
[   11.278709] systemd[1]: Created slice User and Session Slice.
[[0;32m  OK  [0m] Created slice User and Session Slice.
[   11.282058] systemd[1]: Reached target Swap.
[[0;32m  OK  [0m] Reached target Swap.
[   11.284811] systemd[1]: Listening on LVM2 poll daemon socket.
[[0;32m  OK  [0m] Listening on LVM2 poll daemon socket.
[   11.288470] systemd[1]: Created slice System Slice.
[[0;32m  OK  [0m] Created slice System Slice.
[   11.291393] systemd[1]: Reached target Slices.
[[0;32m  OK  [0m] Reached target Slices.
[   11.294376] systemd[1]: Reached target System Time Synchronized.
[[0;32m  OK  [0m] Reached target System Time Synchronized.
[   11.297918] systemd[1]: Listening on LVM2 metadata daemon socket.
[[0;32m  OK  [0m] Listening on LVM2 metadata daemon socket.
[   11.301533] systemd[1]: Listening on Journal Socket (/dev/log).
[[0;32m  OK  [0m] Listening on Journal Socket (/dev/log).
[   11.305235] systemd[1]: Listening on Journal Socket.
[[0;32m  OK  [0m] Listening on Journal Socket.
[   11.318451] systemd[1]: Starting Uncomplicated firewall...
         Starting Uncomplicated firewall...
[   11.323507] systemd[1]: Mounting POSIX Message Queue File System...
         Mounting POSIX Message Queue File System...
[   11.329071] systemd[1]: Mounting Huge Pages File System...
         Mounting Huge Pages File System...
[   11.335616] systemd[1]: Starting Remount Root and Kernel File Systems...
         Starting Remount Root and Kernel File Systems...
[   11.341553] systemd[1]: Mounting Debug File System...
         Mounting Debug File System...
[   11.346549] EXT4-fs (sda1): re-mounted. Opts: (null)
[   11.351424] systemd[1]: Starting Load Kernel Modules...
         Starting Load Kernel Modules...
[   11.355526] systemd[1]: Started Trigger resolvconf update for networkd DNS.
[[0;32m  OK  [0m] Started Trigger resolvconf update for networkd DNS.
[   11.360211] systemd[1]: Listening on udev Control Socket.
[[0;32m  OK  [0m] Listening on udev Control Socket.
   11.364341] Loading iSCSI transport class v2.0-870.
[   11.365127] systemd[1]: Starting Set console keymap...
[   11.366746] ip_tables: (C) 2000-2006 Netfilter Core Team
         Starting Set console keymap...
[   11.372662] systemd[1]: Reached target Encrypted Volumes.
[[0;32m  OK  [0m] Reached target Encrypted Volumes.
[   11.375958] systemd[1]: Listening on /dev/initctl Compatibility Named Pipe.
[[0;32m  OK  [0m] Listening on /dev/initctl Compatibility Named Pipe.
[   11.381936] systemd[1]: Listening on Syslog Socket.
[[0;32m  OK  [0m] Listening on Syslog Socket.
[   11.394070] nf_conntrack version 0.5.0 (7935 buckets, 31740 max)
[   11.398173] iscsi: registered transport (tcp)
[   11.398307] systemd[1]: Starting Create list of required static device nodes for the current kernel...
         Starting Create list of required st... nodes for the current kernel...
[   11.408342] systemd[1]: Starting Nameserver information manager...
         Starting Nameserver information manager...
[   11.415335] systemd[1]: Starting Journal Service...
         Starting Journal Service...
[   11.419504] systemd[1]: Reached target User and Group Name Lookups.
[[0;32m  OK  [0m] Reached target User and Group Name Lookups.
[   11.426861] systemd[1]: Set up automount Arbitrary Executable File Formats File System Automount Point.
[[0;32m  OK  [0m] Set up automount Arbitrary Executab...ats File System Automount Point.
[   11.436725] systemd[1]: Created slice system-serial\x2dgetty.slice.
[[0;32m  OK  [0m] Created slice system-serial\x2dgetty.slice.
[   11.441695] systemd[1]: Listening on Device-mapper event daemon FIFOs.
[[0;32m  OK  [0m] Listening on Device-mapper event daemon FIFOs.
[   11.459850] ip6_tables: (C) 2000-2006 Netfilter Core Team
[   11.462518] systemd[1]: Starting Monitoring of LVM2 mirrors, snapshots etc. using dmeventd or progress polling...
         Starting Monitoring of LVM2 mirrors... dmeventd or progress polling...
[   11.472423] systemd[1]: Listening on udev Kernel Socket.
[[0;32m  OK  [0m] Listening on udev Kernel Socket.
[   11.478391] iscsi: registered transport (iser)
[   11.482187] systemd[1]: Started Forward Password Requests to Wall Directory Watch.
[[0;32m  OK  [0m] Started Forward Password Requests to Wall Directory Watch.
[   11.489524] systemd[1]: Mounted Debug File System.
[[0;32m  OK  [0m] Mounted Debug File System.
[   11.493463] systemd[1]: Mounted Huge Pages File System.
[[0;32m  OK  [0m] Mounted Huge Pages File System.
[   11.498779] systemd[1]: Mounted POSIX Message Queue File System.
[[0;32m  OK  [0m] Mounted POSIX Message Queue File System.
[   11.505657] systemd[1]: Started Remount Root and Kernel File Systems.
[[0;32m  OK  [0m] Started Remount Root and Kernel File Systems.
[   11.515298] systemd[1]: Started Load Kernel Modules.
[[0;32m  OK  [0m] Started Load Kernel Modules.
[   11.520216] systemd[1]: Started Create list of required static device nodes for the current kernel.
[[0;32m  OK  [0m] Started Create list of required sta...ce nodes for the current kernel.
[   11.548895] systemd[1]: Started LVM2 metadata daemon.
[[0;32m  OK  [0m] Started LVM2 metadata daemon.
[   11.555250] systemd[1]: Starting Create Static Device Nodes in /dev...
         Starting Create Static Device Nodes in /dev...
[   11.559944] systemd[1]: Mounting FUSE Control File System...
         Mounting FUSE Control File System...
[   11.565024] systemd[1]: Starting Apply Kernel Variables...
         Starting Apply Kernel Variables...
[   11.572184] systemd[1]: Starting udev Coldplug all Devices...
         Starting udev Coldplug all Devices...
[   11.576444] systemd[1]: Starting Load/Save Random Seed...
         Starting Load/Save Random Seed...
[   11.581076] systemd[1]: Mounted FUSE Control File System.
[[0;32m  OK  [0m] Mounted FUSE Control File System.
[[0;32m  OK  [0m] Started Journal Service.
[[0;32m  OK  [0m] Started Set console keymap.
[[0;32m  OK  [0m] Started Nameserver information manager.
[[0;32m  OK  [0m] Started Create Static Device Nodes in /dev.
[[0;32m  OK  [0m] Started Apply Kernel Variables.
[[0;32m  OK  [0m] Started Load/Save Random Seed.
         Starting udev Kernel Device Manager...
         Starting Flush Journal to Persistent Storage...
[[0;32m  OK  [0m] Started Flush Journal to Persistent Storage.
[[0;32m  OK  [0m] Started udev Coldplug all Devices.
[[0;32m  OK  [0m] Started udev Kernel Device Manager.
[[0;32m  OK  [0m] Started Dispatch Password Requests to Console Directory Watch.
[[0;32m  OK  [0m] Started Uncomplicated firewall.
[[0;32m  OK  [0m] Found device /dev/ttyS0.
[[0;32m  OK  [0m] Listening on Load/Save RF Kill Switch Status /dev/rfkill Watch.
[[0;32m  OK  [0m] Found device 82540EM Gigabit Ethern...r (PRO/1000 MT Desktop Adapter).
[[0;32m  OK  [0m] Started Monitoring of LVM2 mirrors,...ng dmeventd or progress polling.
[[0;32m  OK  [0m] Reached target Local File Systems (Pre).
[[0;32m  OK  [0m] Reached target Local File Systems.
         Starting Tell Plymouth To Write Out Runtime Data...
         Starting LSB: AppArmor initialization...
         Starting Set console font and keymap...
         Starting Initial cloud-init job (pre-networking)...
         Starting Create Volatile Files and Directories...
[[0;32m  OK  [0m] Started Tell Plymouth To Write Out Runtime Data.
[[0;32m  OK  [0m] Started Create Volatile Files and Directories.
         Starting Update UTMP about System Boot/Shutdown...
[[0;32m  OK  [0m] Started LSB: AppArmor initialization.
[[0;32m  OK  [0m] Started Update UTMP about System Boot/Shutdown.
[[0;32m  OK  [0m] Started Set console font and keymap.
[[0;32m  OK  [0m] Created slice system-getty.slice.
[   13.548141] cloud-init[709]: Cloud-init v. 19.4-33-gbb4131a2-0ubuntu1~16.04.1 running 'init-local' at Mon, 06 Apr 2020 05:59:58 +0000. Up 13.19 seconds.
[[0;32m  OK  [0m] Started Initial cloud-init job (pre-networking).
[[0;32m  OK  [0m] Reached target Network (Pre).
[[0;32m  OK  [0m] Started ifup for enp0s3.
         Starting Raise network interfaces...
[[0;32m  OK  [0m] Started Raise network interfaces.
         Starting Initial cloud-init job (metadata service crawler)...
[[0;32m  OK  [0m] Reached target Network.
[   14.649483] cloud-init[1067]: Cloud-init v. 19.4-33-gbb4131a2-0ubuntu1~16.04.1 running 'init' at Mon, 06 Apr 2020 05:59:59 +0000. Up 14.27 seconds.
[   14.654272] cloud-init[1067]: ci-info: ++++++++++++++++++++++++++++++++++++Net device info+++++++++++++++++++++++++++++++++++++
[   14.658467] cloud-init[1067]: ci-info: +--------+-------+------------------------+---------------+--------+-------------------+
[   14.662710] cloud-init[1067]: ci-info: | Device |   Up  |        Address         |      Mask     | Scope  |     Hw-Address    |
[   14.665658] cloud-init[1067]: ci-info: +--------+-------+------------------------+---------------+--------+-------------------+
[   14.668696] cloud-init[1067]: ci-info: | enp0s3 |  True |       10.0.2.15        | 255.255.255.0 | global | 02:0e:0c:9a:00:f0 |
[   14.671728] cloud-init[1067]: ci-info: | enp0s3 |  True | fe80::e:cff:fe9a:f0/64 |       .       |  link  | 02:0e:0c:9a:00:f0 |
[   14.674745] cloud-init[1067]: ci-info: | enp0s8 | False |           .            |       .       |   .    | 08:00:27:84:ab:7a |
[   14.678069] cloud-init[1067]: ci-info: |   lo   |  True |       127.0.0.1        |   255.0.0.0   |  host  |         .         |
[   14.681351] cloud-init[1067]: ci-info: |   lo   |  True |        ::1/128         |       .       |  host  |         .         |
[   14.684550] cloud-init[1067]: ci-info: +--------+-------+------------------------+---------------+--------+-------------------+
[   14.687801] cloud-init[1067]: ci-info: +++++++++++++++++++++++++++Route IPv4 info++++++++++++++++++++++++++++
[   14.690650] cloud-init[1067]: ci-info: +-------+-------------+----------+---------------+-----------+-------+
[   14.693826] cloud-init[1067]: ci-info: | Route | Destination | Gateway  |    Genmask    | Interface | Flags |
[   14.696356] cloud-init[1067]: ci-info: +-------+-------------+----------+---------------+-----------+-------+
[   14.699340] cloud-init[1067]: ci-info: |   0   |   0.0.0.0   | 10.0.2.2 |    0.0.0.0    |   enp0s3  |   UG  |
[   14.702465] cloud-init[1067]: ci-info: |   1   |   10.0.2.0  | 0.0.0.0  | 255.255.255.0 |   enp0s3  |   U   |
[   14.713032] cloud-init[1067]: ci-info: +-------+-------------+----------+---------------+-----------+-------+
[   14.715940] cloud-init[1067]: ci-info: +++++++++++++++++++Route IPv6 info+++++++++++++++++++
[   14.718694] cloud-init[1067]: ci-info: +-------+-------------+---------+-----------+-------+
[   14.721157] cloud-init[1067]: ci-info: | Route | Destination | Gateway | Interface | Flags |
[   14.723794] cloud-init[1067]: ci-info: +-------+-------------+---------+-----------+-------+
[   14.726520] cloud-init[1067]: ci-info: |   0   |  fe80::/64  |    ::   |   enp0s3  |   U   |
[   14.728995] cloud-init[1067]: ci-info: |   3   |   ff00::/8  |    ::   |   enp0s3  |   U   |
[   14.731278] cloud-init[1067]: ci-info: +-------+-------------+---------+-----------+-------+
[[0;32m  OK  [0m] Started Initial cloud-init job (metadata service crawler).
[[0;32m  OK  [0m] Reached target Cloud-config availability.
[[0;32m  OK  [0m] Reached target System Initialization.
[[0;32m  OK  [0m] Listening on D-Bus System Message Bus Socket.
[[0;32m  OK  [0m] Started Daily apt download activities.
         Starting Socket activation for snappy daemon.
[[0;32m  OK  [0m] Listening on ACPID Listen Socket.
[[0;32m  OK  [0m] Started Daily Cleanup of Temporary Directories.
         Starting LXD - unix socket.
[[0;32m  OK  [0m] Started ACPI Events Check.
[[0;32m  OK  [0m] Reached target Paths.
[[0;32m  OK  [0m] Started Message of the Day.
[[0;32m  OK  [0m] Listening on UUID daemon activation socket.
[[0;32m  OK  [0m] Started Daily apt upgrade and clean activities.
[[0;32m  OK  [0m] Reached target Timers.
[[0;32m  OK  [0m] Reached target Network is Online.
         Starting iSCSI initiator daemon (iscsid)...
[[0;32m  OK  [0m] Listening on Socket activation for snappy daemon.
[[0;32m  OK  [0m] Listening on LXD - unix socket.
[[0;32m  OK  [0m] Reached target Sockets.
[[0;32m  OK  [0m] Reached target Basic System.
         Starting LXD - container startup/shutdown...
[[0;32m  OK  [0m] Started ACPI event daemon.
[[0;32m  OK  [0m] Started D-Bus System Message Bus.
         Starting Accounts Service...
         Starting Login Service...
         Starting /etc/rc.local Compatibility...
         Starting LSB: MD monitoring daemon...
         Starting OpenBSD Secure Shell server...
         Starting System Logging Service...
         Starting Virtualbox guest utils...
[[0;32m  OK  [0m] Started Deferred execution scheduler.
[[0;32m  OK  [0m] Started Regular background program processing daemon.
[[0;32m  OK  [0m] Started FUSE filesystem for LXC.
         Starting LSB: Record successful boot for GRUB...
         Starting Snappy daemon...
[[0;32m  OK  [0m] Started iSCSI initiator daemon (iscsid).
[[0;32m  OK  [0m] Started /etc/rc.local Compatibility.
         Starting Login to default iSCSI targets...
[[0;32m  OK  [0m] Started Login Service.
[[0;32m  OK  [0m] Started LSB: MD monitoring daemon.
[[0;32m  OK  [0m] Started System Logging Service.
[[0;32m  OK  [0m] Started OpenBSD Secure Shell server.
         Starting Authenticate and Authorize Users to Run Privileged Tasks...
[[0;32m  OK  [0m] Started Unattended Upgrades Shutdown.
[[0;32m  OK  [0m] Started LXD - container startup/shutdown.
[[0;32m  OK  [0m] Started LSB: Record successful boot for GRUB.
[[0;32m  OK  [0m] Started Authenticate and Authorize Users to Run Privileged Tasks.
[[0;32m  OK  [0m] Started Login to default iSCSI targets.
[[0;32m  OK  [0m] Reached target Remote File Systems (Pre).
[[0;32m  OK  [0m] Reached target Remote File Systems.
         Starting Permit User Sessions...
         Starting LSB: Set the CPU Frequency Scaling governor to "ondemand"...
         Starting LSB: automatic crash report generation...
         Starting LSB: daemon to balance interrupts for SMP systems...
[[0;32m  OK  [0m] Started Permit User Sessions.
[[0;32m  OK  [0m] Started Accounts Service.
         Starting Terminate Plymouth Boot Screen...
         Starting Hold until boot process finishes up...
[[0;32m  OK  [0m] Started Terminate Plymouth Boot Screen.
[[0;32m  OK  [0m] Started LSB: Set the CPU Frequency Scaling governor to "ondemand".
[[0;32m  OK  [0m] Started Hold until boot process finishes up.
[[0;32m  OK  [0m] Started Getty on tty1.
[[0;32m  OK  [0m] Started Serial Getty on ttyS0.
[[0;32m  OK  [0m] Reached target Login Prompts.
         Starting Set console scheme...
[[0;32m  OK  [0m] Started Virtualbox guest utils.
[[0;32m  OK  [0m] Started LSB: automatic crash report generation.
[[0;32m  OK  [0m] Started LSB: daemon to balance interrupts for SMP systems.
[[0;32m  OK  [0m] Started Set console scheme.
[[0;32m  OK  [0m] Started Snappy daemon.
         Starting Wait until snapd is fully seeded...
[[0;32m  OK  [0m] Started Wait until snapd is fully seeded.
[[0;32m  OK  [0m] Reached target Multi-User System.
[[0;32m  OK  [0m] Reached target Graphical Interface.
         Starting Update UTMP about System Runlevel Changes...
         Starting Apply the settings specified in cloud-config...
[[0;32m  OK  [0m] Started Update UTMP about System Runlevel Changes.
[   15.969138] cloud-init[1333]: Cloud-init v. 19.4-33-gbb4131a2-0ubuntu1~16.04.1 running 'modules:config' at Mon, 06 Apr 2020 06:00:01 +0000. Up 15.81 seconds.
[[0;32m  OK  [0m] Started Apply the settings specified in cloud-config.
         Starting Execute cloud user/final scripts...
[   16.670494] cloud-init[1347]: Cloud-init v. 19.4-33-gbb4131a2-0ubuntu1~16.04.1 running 'modules:final' at Mon, 06 Apr 2020 06:00:02 +0000. Up 16.51 seconds.
[   16.674651] cloud-init[1347]: Cloud-init v. 19.4-33-gbb4131a2-0ubuntu1~16.04.1 finished at Mon, 06 Apr 2020 06:00:02 +0000. Datasource DataSourceNoCloud [seed=/dev/sdb][dsmode=net].  Up 16.66 seconds
[[0;32m  OK  [0m] Started Execute cloud user/final scripts.
[[0;32m  OK  [0m] Reached target Cloud-init target.

Ubuntu 16.04.6 LTS ubuntu-xenial ttyS0

ubuntu-xenial login: 