[    0.000000] Initializing cgroup subsys cpuset
[    0.000000] Initializing cgroup subsys cpu
[    0.000000] Initializing cgroup subsys cpuacct
[    0.000000] Linux version 4.4.0-173-generic (buildd@lgw01-amd64-037) (gcc version 5.4.0 20160609 (Ubuntu 5.4.0-6ubuntu1~16.04.12) ) #203-Ubuntu SMP Wed Jan 15 02:55:01 UTC 2020 (Ubuntu 4.4.0-173.203-generic 4.4.208)
[    0.000000] Command line: BOOT_IMAGE=/boot/vmlinuz-4.4.0-173-generic root=LABEL=cloudimg-rootfs ro console=tty1 console=ttyS0
[    0.000000] KERNEL supported cpus:
[    0.000000]   Intel GenuineIntel
[    0.000000]   AMD AuthenticAMD
[    0.000000]   Centaur CentaurHauls
[    0.000000] x86/fpu: xstate_offset[2]:  576, xstate_sizes[2]:  256
[    0.000000] x86/fpu: Supporting XSAVE feature 0x01: 'x87 floating point registers'
[    0.000000] x86/fpu: Supporting XSAVE feature 0x02: 'SSE registers'
[    0.000000] x86/fpu: Supporting XSAVE feature 0x04: 'AVX registers'
[    0.000000] x86/fpu: Enabled xstate features 0x7, context size is 832 bytes, using 'standard' format.
[    0.000000] e820: BIOS-provided physical RAM map:
[    0.000000] BIOS-e820: [mem 0x0000000000000000-0x000000000009fbff] usable
[    0.000000] BIOS-e820: [mem 0x000000000009fc00-0x000000000009ffff] reserved
[    0.000000] BIOS-e820: [mem 0x00000000000f0000-0x00000000000fffff] reserved
[    0.000000] BIOS-e820: [mem 0x0000000000100000-0x000000001ffeffff] usable
[    0.000000] BIOS-e820: [mem 0x000000001fff0000-0x000000001fffffff] ACPI data
[    0.000000] BIOS-e820: [mem 0x00000000fec00000-0x00000000fec00fff] reserved
[    0.000000] BIOS-e820: [mem 0x00000000fee00000-0x00000000fee00fff] reserved
[    0.000000] BIOS-e820: [mem 0x00000000fffc0000-0x00000000ffffffff] reserved
[    0.000000] NX (Execute Disable) protection: active
[    0.000000] SMBIOS 2.5 present.
[    0.000000] Hypervisor detected: KVM
[    0.000000] e820: last_pfn = 0x1fff0 max_arch_pfn = 0x400000000
[    0.000000] MTRR: Disabled
[    0.000000] x86/PAT: MTRRs disabled, skipping PAT initialization too.
[    0.000000] CPU MTRRs all blank - virtualized system.
[    0.000000] x86/PAT: Configuration [0-7]: WB  WT  UC- UC  WB  WT  UC- UC  
[    0.000000] found SMP MP-table at [mem 0x0009fff0-0x0009ffff] mapped at [ffff88000009fff0]
[    0.000000] Scanning 1 areas for low memory corruption
[    0.000000] RAMDISK: [mem 0x1e8bc000-0x1f741fff]
[    0.000000] ACPI: Early table checksum verification disabled
[    0.000000] ACPI: RSDP 0x00000000000E0000 000024 (v02 VBOX  )
[    0.000000] ACPI: XSDT 0x000000001FFF0030 00003C (v01 VBOX   VBOXXSDT 00000001 ASL  00000061)
[    0.000000] ACPI: FACP 0x000000001FFF00F0 0000F4 (v04 VBOX   VBOXFACP 00000001 ASL  00000061)
[    0.000000] ACPI: DSDT 0x000000001FFF0470 002325 (v02 VBOX   VBOXBIOS 00000002 INTL 20100528)
[    0.000000] ACPI: FACS 0x000000001FFF0200 000040
[    0.000000] ACPI: FACS 0x000000001FFF0200 000040
[    0.000000] ACPI: APIC 0x000000001FFF0240 00005C (v02 VBOX   VBOXAPIC 00000001 ASL  00000061)
[    0.000000] ACPI: SSDT 0x000000001FFF02A0 0001CC (v01 VBOX   VBOXCPUT 00000002 INTL 20100528)
[    0.000000] No NUMA configuration found
[    0.000000] Faking a node at [mem 0x0000000000000000-0x000000001ffeffff]
[    0.000000] NODE_DATA(0) allocated [mem 0x1ffeb000-0x1ffeffff]
[    0.000000] kvm-clock: Using msrs 4b564d01 and 4b564d00
[    0.000000] kvm-clock: cpu 0, msr 0:1ffe3001, primary cpu clock
[    0.000000] kvm-clock: using sched offset of 3850649242 cycles
[    0.000000] clocksource: kvm-clock: mask: 0xffffffffffffffff max_cycles: 0x1cd42e4dffb, max_idle_ns: 881590591483 ns
[    0.000000] Zone ranges:
[    0.000000]   DMA      [mem 0x0000000000001000-0x0000000000ffffff]
[    0.000000]   DMA32    [mem 0x0000000001000000-0x000000001ffeffff]
[    0.000000]   Normal   empty
[    0.000000]   Device   empty
[    0.000000] Movable zone start for each node
[    0.000000] Early memory node ranges
[    0.000000]   node   0: [mem 0x0000000000001000-0x000000000009efff]
[    0.000000]   node   0: [mem 0x0000000000100000-0x000000001ffeffff]
[    0.000000] Initmem setup node 0 [mem 0x0000000000001000-0x000000001ffeffff]
[    0.000000] ACPI: PM-Timer IO Port: 0x4008
[    0.000000] IOAPIC[0]: apic_id 2, version 32, address 0xfec00000, GSI 0-23
[    0.000000] ACPI: INT_SRC_OVR (bus 0 bus_irq 0 global_irq 2 dfl dfl)
[    0.000000] ACPI: INT_SRC_OVR (bus 0 bus_irq 9 global_irq 9 low level)
[    0.000000] Using ACPI (MADT) for SMP configuration information
[    0.000000] smpboot: Allowing 2 CPUs, 0 hotplug CPUs
[    0.000000] PM: Registered nosave memory: [mem 0x00000000-0x00000fff]
[    0.000000] PM: Registered nosave memory: [mem 0x0009f000-0x0009ffff]
[    0.000000] PM: Registered nosave memory: [mem 0x000a0000-0x000effff]
[    0.000000] PM: Registered nosave memory: [mem 0x000f0000-0x000fffff]
[    0.000000] e820: [mem 0x20000000-0xfebfffff] available for PCI devices
[    0.000000] Booting paravirtualized kernel on KVM
[    0.000000] clocksource: refined-jiffies: mask: 0xffffffff max_cycles: 0xffffffff, max_idle_ns: 7645519600211568 ns
[    0.000000] setup_percpu: NR_CPUS:512 nr_cpumask_bits:512 nr_cpu_ids:2 nr_node_ids:1
[    0.000000] PERCPU: Embedded 33 pages/cpu @ffff88001fc00000 s95448 r8192 d31528 u1048576
[    0.000000] Built 1 zonelists in Node order, mobility grouping on.  Total pages: 128888
[    0.000000] Policy zone: DMA32
[    0.000000] Kernel command line: BOOT_IMAGE=/boot/vmlinuz-4.4.0-173-generic root=LABEL=cloudimg-rootfs ro console=tty1 console=ttyS0
[    0.000000] PID hash table entries: 2048 (order: 2, 16384 bytes)
[    0.000000] Memory: 481600K/523832K available (8626K kernel code, 1336K rwdata, 4032K rodata, 1488K init, 1292K bss, 42232K reserved, 0K cma-reserved)
[    0.000000] SLUB: HWalign=64, Order=0-3, MinObjects=0, CPUs=2, Nodes=1
[    0.000000] Kernel/User page tables isolation: enabled
[    0.000000] Hierarchical RCU implementation.
[    0.000000] 	Build-time adjustment of leaf fanout to 64.
[    0.000000] 	RCU restricting CPUs from NR_CPUS=512 to nr_cpu_ids=2.
[    0.000000] RCU: Adjusting geometry for rcu_fanout_leaf=64, nr_cpu_ids=2
[    0.000000] NR_IRQS:33024 nr_irqs:440 16
[    0.000000] Console: colour VGA+ 80x25
[    0.000000] console [tty1] enabled
[    0.000000] console [ttyS0] enabled
[    0.000000] tsc: Detected 2807.998 MHz processor
[    0.231999] Calibrating delay loop (skipped) preset value.. 5615.99 BogoMIPS (lpj=11231992)
[    0.234946] pid_max: default: 32768 minimum: 301
[    0.236821] ACPI: Core revision 20150930
[    0.240477] ACPI: 2 ACPI AML tables successfully acquired and loaded
[    0.242979] Security Framework initialized
[    0.244538] Yama: becoming mindful.
[    0.245821] AppArmor: AppArmor initialized
[    0.247287] Dentry cache hash table entries: 65536 (order: 7, 524288 bytes)
[    0.249411] Inode-cache hash table entries: 32768 (order: 6, 262144 bytes)
[    0.251754] Mount-cache hash table entries: 1024 (order: 1, 8192 bytes)
[    0.253721] Mountpoint-cache hash table entries: 1024 (order: 1, 8192 bytes)
[    0.255936] Initializing cgroup subsys io
[    0.257273] Initializing cgroup subsys memory
[    0.258847] Initializing cgroup subsys devices
[    0.260325] Initializing cgroup subsys freezer
[    0.261987] Initializing cgroup subsys net_cls
[    0.263768] Initializing cgroup subsys perf_event
[    0.265491] Initializing cgroup subsys net_prio
[    0.267356] Initializing cgroup subsys hugetlb
[    0.269395] Initializing cgroup subsys pids
[    0.272117] mce: CPU supports 0 MCE banks
[    0.273723] Last level iTLB entries: 4KB 64, 2MB 8, 4MB 8
[    0.275579] Last level dTLB entries: 4KB 64, 2MB 0, 4MB 0, 1GB 4
[    0.277403] Spectre V1 : Mitigation: usercopy/swapgs barriers and __user pointer sanitization
[    0.280290] Spectre V2 : Mitigation: Full generic retpoline
[    0.282094] Spectre V2 : Spectre v2 / SpectreRSB mitigation: Filling RSB on context switch
[    0.285003] Speculative Store Bypass: Vulnerable
[    0.286610] MDS: Mitigation: Clear CPU buffers
[    0.292558] Freeing SMP alternatives memory: 36K
[    0.302760] ftrace: allocating 32304 entries in 127 pages
[    0.394168] smpboot: APIC(0) Converting physical 0 to logical package 0
[    0.396425] smpboot: Max logical packages: 1
[    0.398503] x2apic enabled
[    0.399954] Switched APIC routing to physical x2apic.
[    0.403545] ..TIMER: vector=0x30 apic1=0 pin1=2 apic2=-1 pin2=-1
[    0.513580] smpboot: CPU0: Intel(R) Core(TM) i7-6600U CPU @ 2.60GHz (family: 0x6, model: 0x4e, stepping: 0x3)
[    0.516990] Performance Events: unsupported p6 CPU model 78 no PMU driver, software events only.
[    0.532743] KVM setup paravirtual spinlock
[    0.535159] x86: Booting SMP configuration:
[    0.536722] .... node  #0, CPUs:      #1
[    0.538112] kvm-clock: cpu 1, msr 0:1ffe3041, secondary cpu clock
[    0.542811] mce: CPU supports 0 MCE banks
[    0.546244] x86: Booted up 1 node, 2 CPUs
[    0.547942] smpboot: Total of 2 processors activated (11231.99 BogoMIPS)
[    0.553703] devtmpfs: initialized
[    0.556731] evm: security.selinux
[    0.558116] evm: security.SMACK64
[    0.559600] evm: security.SMACK64EXEC
[    0.560848] evm: security.SMACK64TRANSMUTE
[    0.562204] evm: security.SMACK64MMAP
[    0.563557] evm: security.ima
[    0.564649] evm: security.capability
[    0.566125] clocksource: jiffies: mask: 0xffffffff max_cycles: 0xffffffff, max_idle_ns: 7645041785100000 ns
[    0.569656] futex hash table entries: 512 (order: 3, 32768 bytes)
[    0.571798] pinctrl core: initialized pinctrl subsystem
[    0.573566] RTC time:  4:53:31, date: 04/06/20
[    0.575815] NET: Registered protocol family 16
[    0.585706] cpuidle: using governor ladder
[    0.606206] cpuidle: using governor menu
[    0.607766] PCCT header not found.
[    0.609054] ACPI: bus type PCI registered
[    0.610465] acpiphp: ACPI Hot Plug PCI Controller Driver version: 0.5
[    0.612605] PCI: Using configuration type 1 for base access
[    0.627305] ACPI: Added _OSI(Module Device)
[    0.629167] ACPI: Added _OSI(Processor Device)
[    0.631044] ACPI: Added _OSI(3.0 _SCP Extensions)
[    0.632668] ACPI: Added _OSI(Processor Aggregator Device)
[    0.635705] ACPI: Executed 1 blocks of module-level executable AML code
[    0.641024] ACPI: Interpreter enabled
[    0.642377] ACPI: (supports S0 S5)
[    0.643607] ACPI: Using IOAPIC for interrupt routing
[    0.645544] PCI: Using host bridge windows from ACPI; if necessary, use "pci=nocrs" and report a bug
[    0.654877] ACPI: PCI Root Bridge [PCI0] (domain 0000 [bus 00-ff])
[    0.656779] acpi PNP0A03:00: _OSC: OS supports [ASPM ClockPM Segments MSI]
[    0.659648] acpi PNP0A03:00: _OSC: not requesting OS control; OS requires [ExtendedConfig ASPM ClockPM MSI]
[    0.662849] acpi PNP0A03:00: fail to add MMCONFIG information, can't access extended PCI configuration space under this bridge.
[    0.667123] PCI host bridge to bus 0000:00
[    0.668795] pci_bus 0000:00: root bus resource [io  0x0000-0x0cf7 window]
[    0.670839] pci_bus 0000:00: root bus resource [io  0x0d00-0xffff window]
[    0.672900] pci_bus 0000:00: root bus resource [mem 0x000a0000-0x000bffff window]
[    0.675463] pci_bus 0000:00: root bus resource [mem 0x20000000-0xfdffffff window]
[    0.678014] pci_bus 0000:00: root bus resource [bus 00-ff]
[    0.682693] pci 0000:00:01.1: legacy IDE quirk: reg 0x10: [io  0x01f0-0x01f7]
[    0.685630] pci 0000:00:01.1: legacy IDE quirk: reg 0x14: [io  0x03f6]
[    0.687645] pci 0000:00:01.1: legacy IDE quirk: reg 0x18: [io  0x0170-0x0177]
[    0.689720] pci 0000:00:01.1: legacy IDE quirk: reg 0x1c: [io  0x0376]
[    0.721114] pci 0000:00:07.0: quirk: [io  0x4000-0x403f] claimed by PIIX4 ACPI
[    0.724827] pci 0000:00:07.0: quirk: [io  0x4100-0x410f] claimed by PIIX4 SMB
[    0.732927] ACPI: PCI Interrupt Link [LNKA] (IRQs 5 9 10 *11)
[    0.736823] ACPI: PCI Interrupt Link [LNKB] (IRQs 5 9 *10 11)
[    0.740154] ACPI: PCI Interrupt Link [LNKC] (IRQs 5 *9 10 11)
[    0.744276] ACPI: PCI Interrupt Link [LNKD] (IRQs 5 9 10 *11)
[    0.747661] ACPI: Enabled 2 GPEs in block 00 to 07
[    0.750746] vgaarb: setting as boot device: PCI:0000:00:02.0
[    0.752932] vgaarb: device added: PCI:0000:00:02.0,decodes=io+mem,owns=io+mem,locks=none
[    0.756541] vgaarb: loaded
[    0.757980] vgaarb: bridge control possible 0000:00:02.0
[    0.760415] SCSI subsystem initialized
[    0.762343] ACPI: bus type USB registered
[    0.764357] usbcore: registered new interface driver usbfs
[    0.766942] usbcore: registered new interface driver hub
[    0.769409] usbcore: registered new device driver usb
[    0.771996] PCI: Using ACPI for IRQ routing
[    0.774976] NetLabel: Initializing
[    0.776498] NetLabel:  domain hash size = 128
[    0.778876] NetLabel:  protocols = UNLABELED CIPSOv4
[    0.781188] NetLabel:  unlabeled traffic allowed by default
[    0.784141] amd_nb: Cannot enumerate AMD northbridges
[    0.786785] clocksource: Switched to clocksource kvm-clock
[    0.801169] AppArmor: AppArmor Filesystem Enabled
[    0.803453] pnp: PnP ACPI init
[    0.806449] pnp: PnP ACPI: found 3 devices
[    0.819092] clocksource: acpi_pm: mask: 0xffffff max_cycles: 0xffffff, max_idle_ns: 2085701024 ns
[    0.822035] NET: Registered protocol family 2
[    0.823600] TCP established hash table entries: 4096 (order: 3, 32768 bytes)
[    0.825721] TCP bind hash table entries: 4096 (order: 4, 65536 bytes)
[    0.827718] TCP: Hash tables configured (established 4096 bind 4096)
[    0.829725] UDP hash table entries: 256 (order: 1, 8192 bytes)
[    0.831458] UDP-Lite hash table entries: 256 (order: 1, 8192 bytes)
[    0.833394] NET: Registered protocol family 1
[    0.835627] pci 0000:00:00.0: Limiting direct PCI/PCI transfers
[    0.837644] pci 0000:00:01.0: Activating ISA DMA hang workarounds
[    0.844147] Unpacking initramfs...
[    1.179979] Freeing initrd memory: 14872K
[    1.181585] clocksource: tsc: mask: 0xffffffffffffffff max_cycles: 0x2879c456dd4, max_idle_ns: 440795285767 ns
[    1.185291] platform rtc_cmos: registered platform RTC device (no PNP device found)
[    1.187905] Scanning for low memory corruption every 60 seconds
[    1.190099] audit: initializing netlink subsys (disabled)
[    1.191946] audit: type=2000 audit(1586148816.753:1): initialized
[    1.194107] Initialise system trusted keyring
[    1.195805] HugeTLB registered 2 MB page size, pre-allocated 0 pages
[    1.199462] zbud: loaded
[    1.201060] VFS: Disk quotas dquot_6.6.0
[    1.202476] VFS: Dquot-cache hash table entries: 512 (order 0, 4096 bytes)
[    1.204802] squashfs: version 4.0 (2009/01/31) Phillip Lougher
[    1.207012] fuse init (API version 7.23)
[    1.208538] Key type big_key registered
[    1.209935] Allocating IMA MOK and blacklist keyrings.
[    1.212983] Key type asymmetric registered
[    1.214591] Asymmetric key parser 'x509' registered
[    1.216252] Block layer SCSI generic (bsg) driver version 0.4 loaded (major 249)
[    1.219116] io scheduler noop registered
[    1.220475] io scheduler deadline registered (default)
[    1.222228] io scheduler cfq registered
[    1.224089] pci_hotplug: PCI Hot Plug PCI Core version: 0.5
[    1.225792] pciehp: PCI Express Hot Plug Controller Driver version: 0.4
[    1.228034] ACPI: AC Adapter [AC] (on-line)
[    1.229538] input: Power Button as /devices/LNXSYSTM:00/LNXPWRBN:00/input/input0
[    1.232086] ACPI: Power Button [PWRF]
[    1.233535] input: Sleep Button as /devices/LNXSYSTM:00/LNXSLPBN:00/input/input1
[    1.236811] ACPI: Sleep Button [SLPF]
[    1.238363] GHES: HEST is not enabled!
[    1.239287] ACPI: Battery Slot [BAT0] (battery present)
[    1.242063] Serial: 8250/16550 driver, 32 ports, IRQ sharing enabled
[    1.265618] 00:02: ttyS0 at I/O 0x3f8 (irq = 4, base_baud = 115200) is a 16550A
[    1.272175] Linux agpgart interface v0.103
[    1.275825] loop: module loaded
[    1.278277] scsi host0: ata_piix
[    1.279695] scsi host1: ata_piix
[    1.280907] ata1: PATA max UDMA/33 cmd 0x1f0 ctl 0x3f6 bmdma 0xd000 irq 14
[    1.282946] ata2: PATA max UDMA/33 cmd 0x170 ctl 0x376 bmdma 0xd008 irq 15
[    1.285367] libphy: Fixed MDIO Bus: probed
[    1.286987] tun: Universal TUN/TAP device driver, 1.6
[    1.288652] tun: (C) 1999-2004 Max Krasnyansky <maxk@qualcomm.com>
[    1.290739] PPP generic driver version 2.4.2
[    1.292336] ehci_hcd: USB 2.0 'Enhanced' Host Controller (EHCI) Driver
[    1.294313] ehci-pci: EHCI PCI platform driver
[    1.295790] ehci-platform: EHCI generic platform driver
[    1.297431] ohci_hcd: USB 1.1 'Open' Host Controller (OHCI) Driver
[    1.299659] ohci-pci: OHCI PCI platform driver
[    1.301768] ohci-platform: OHCI generic platform driver
[    1.303425] uhci_hcd: USB Universal Host Controller Interface driver
[    1.305460] i8042: PNP: PS/2 Controller [PNP0303:PS2K,PNP0f03:PS2M] at 0x60,0x64 irq 1,12
[    1.309074] serio: i8042 KBD port at 0x60,0x64 irq 1
[    1.310622] serio: i8042 AUX port at 0x60,0x64 irq 12
[    1.312694] mousedev: PS/2 mouse device common for all mice
[    1.315804] input: AT Translated Set 2 keyboard as /devices/platform/i8042/serio0/input/input2
[    1.319948] rtc_cmos rtc_cmos: rtc core: registered rtc_cmos as rtc0
[    1.322173] rtc_cmos rtc_cmos: alarms up to one day, 114 bytes nvram
[    1.324230] i2c /dev entries driver
[    1.325520] device-mapper: uevent: version 1.0.3
[    1.327306] device-mapper: ioctl: 4.34.0-ioctl (2015-10-28) initialised: dm-devel@redhat.com
[    1.330266] ledtrig-cpu: registered to indicate activity on CPUs
[    1.332757] NET: Registered protocol family 10
[    1.334765] NET: Registered protocol family 17
[    1.336262] Key type dns_resolver registered
[    1.338194] registered taskstats version 1
[    1.339685] Loading compiled-in X.509 certificates
[    1.341978] Loaded X.509 cert 'Build time autogenerated kernel key: 4e6a82653c7e3a258f066f23f1954299de63b157'
[    1.345514] zswap: loaded using pool lzo/zbud
[    1.348846] Key type trusted registered
[    1.354538] Key type encrypted registered
[    1.355966] AppArmor: AppArmor sha1 policy hashing enabled
[    1.357835] ima: No TPM chip found, activating TPM-bypass!
[    1.359743] ima: Allocated hash algorithm: sha1
[    1.361194] evm: HMAC attrs: 0x1
[    1.362888]   Magic number: 0:199:868
[    1.364228] rtc_cmos rtc_cmos: setting system clock to 2020-04-06 04:53:32 UTC (1586148812)
[    1.367579] BIOS EDD facility v0.16 2004-Jun-25, 0 devices found
[    1.369434] EDD information not available.
[    1.463925] Freeing unused kernel memory: 1488K
[    1.465413] Write protecting the kernel read-only data: 14336k
[    1.468264] Freeing unused kernel memory: 1604K
[    1.469928] Freeing unused kernel memory: 64K
Loading, please wait...
starting version 229
[    1.492055] random: systemd-udevd: uninitialized urandom read (16 bytes read, 3 bits of entropy available)
[    1.492921] random: udevadm: uninitialized urandom read (16 bytes read, 3 bits of entropy available)
[    1.492944] random: udevadm: uninitialized urandom read (16 bytes read, 3 bits of entropy available)
[    1.504387] random: udevadm: uninitialized urandom read (16 bytes read, 3 bits of entropy available)
[    1.504435] random: udevadm: uninitialized urandom read (16 bytes read, 3 bits of entropy available)
[    1.504603] random: udevadm: uninitialized urandom read (16 bytes read, 3 bits of entropy available)
[    1.504663] random: udevadm: uninitialized urandom read (16 bytes read, 3 bits of entropy available)
[    1.504720] random: udevadm: uninitialized urandom read (16 bytes read, 3 bits of entropy available)
[    1.504780] random: udevadm: uninitialized urandom read (16 bytes read, 3 bits of entropy available)
[    1.504836] random: udevadm: uninitialized urandom read (16 bytes read, 3 bits of entropy available)
[    1.586344] Fusion MPT base driver 3.04.20
[    1.588412] Copyright (c) 1999-2008 LSI Corporation
[    1.599160] e1000: Intel(R) PRO/1000 Network Driver - version 7.3.21-k8-NAPI
[    1.602275] e1000: Copyright (c) 1999-2006 Intel Corporation.
[    1.610744] Fusion MPT SPI Host driver 3.04.20
[    1.620993] AVX2 version of gcm_enc/dec engaged.
[    1.623295] AES CTR mode by8 optimization enabled
[    1.805418] input: ImExPS/2 Generic Explorer Mouse as /devices/platform/i8042/serio1/input/input4
[    2.065800] e1000 0000:00:03.0 eth0: (PCI:33MHz:32-bit) 02:0e:0c:9a:00:f0
[    2.070484] e1000 0000:00:03.0 eth0: Intel(R) PRO/1000 Network Connection
[    2.075011] mptbase: ioc0: Initiating bringup
[    2.076207] e1000 0000:00:03.0 enp0s3: renamed from eth0
[    2.207300] ioc0: LSI53C1030 A0: Capabilities={Initiator}
[    4.990885] scsi host2: ioc0: LSI53C1030 A0, FwRev=00000000h, Ports=1, MaxQ=256, IRQ=20
[    6.174704] scsi 2:0:0:0: Direct-Access     VBOX     HARDDISK         1.0  PQ: 0 ANSI: 5
[    6.177602] scsi target2:0:0: Beginning Domain Validation
[    6.180660] scsi target2:0:0: Domain Validation skipping write tests
[    6.182679] scsi target2:0:0: Ending Domain Validation
[    6.184413] scsi target2:0:0: asynchronous
[    6.186186] scsi 2:0:1:0: Direct-Access     VBOX     HARDDISK         1.0  PQ: 0 ANSI: 5
[    6.188888] scsi target2:0:1: Beginning Domain Validation
[    6.191953] scsi target2:0:1: Domain Validation skipping write tests
[    6.193816] scsi target2:0:1: Ending Domain Validation
[    6.195509] scsi target2:0:1: asynchronous
[    6.221458] sd 2:0:0:0: Attached scsi generic sg0 type 0
[    6.223550] sd 2:0:1:0: Attached scsi generic sg1 type 0
[    6.223815] sd 2:0:0:0: [sda] 20971520 512-byte logical blocks: (10.7 GB/10.0 GiB)
[    6.228077] sd 2:0:1:0: [sdb] 20480 512-byte logical blocks: (10.5 MB/10.0 MiB)
[    6.231203] sd 2:0:0:0: [sda] Write Protect is off
[    6.233085] sd 2:0:0:0: [sda] Incomplete mode parameter data
[    6.234843] sd 2:0:0:0: [sda] Assuming drive cache: write through
[    6.234993] sd 2:0:1:0: [sdb] Write Protect is off
[    6.235172] sd 2:0:1:0: [sdb] Incomplete mode parameter data
[    6.235174] sd 2:0:1:0: [sdb] Assuming drive cache: write through
[    6.240455] sd 2:0:1:0: [sdb] Attached SCSI disk
[    6.247028]  sda: sda1
[    6.248841] sd 2:0:0:0: [sda] Attached SCSI disk
Begin: Loading essential drivers ... [    7.862087] md: linear personality registered for level -1
[    7.866944] md: multipath personality registered for level -4
[    7.871743] md: raid0 personality registered for level 0
[    7.878156] md: raid1 personality registered for level 1
[    7.951573] raid6: sse2x1   gen()  8938 MB/s
[    8.018903] raid6: sse2x1   xor()  6593 MB/s
[    8.087239] raid6: sse2x2   gen() 10194 MB/s
[    8.155098] raid6: sse2x2   xor()  6823 MB/s
[    8.222890] raid6: sse2x4   gen() 12345 MB/s
[    8.291222] raid6: sse2x4   xor()  8429 MB/s
[    8.359064] raid6: avx2x1   gen() 17663 MB/s
[    8.426881] raid6: avx2x2   gen() 20440 MB/s
[    8.494992] raid6: avx2x4   gen() 20565 MB/s
[    8.498627] raid6: using algorithm avx2x4 gen() 20565 MB/s
[    8.501285] raid6: using avx2x2 recovery algorithm
[    8.505423] xor: automatically using best checksumming function:
[    8.546878]    avx       : 19547.000 MB/sec
[    8.550058] async_tx: api initialized (async)
[    8.563886] md: raid6 personality registered for level 6
[    8.565540] md: raid5 personality registered for level 5
[    8.567154] md: raid4 personality registered for level 4
[    8.576455] md: raid10 personality registered for level 10
done.
Begin: Running /scripts/init-premount ... done.
Begin: Mounting root file system ... Begin: Running /scripts/local-top ... done.
Begin: Running /scripts/local-premount ... [    8.616212] Btrfs loaded
Scanning for Btrfs filesystems
done.
Warning: fsck not present, so skipping root file system
[    8.647962] EXT4-fs (sda1): mounted filesystem with ordered data mode. Opts: (null)
done.
Begin: Running /scripts/local-bottom ... done.
Begin: Running /scripts/init-bottom ... done.
[    8.755136] systemd[1]: systemd 229 running in system mode. (+PAM +AUDIT +SELINUX +IMA +APPARMOR +SMACK +SYSVINIT +UTMP +LIBCRYPTSETUP +GCRYPT +GNUTLS +ACL +XZ -LZ4 +SECCOMP +BLKID +ELFUTILS +KMOD -IDN)
[    8.760503] systemd[1]: Detected virtualization oracle.
[    8.762335] systemd[1]: Detected architecture x86-64.

Welcome to [1mUbuntu 16.04.6 LTS[0m!

[    8.768577] systemd[1]: Set hostname to <ubuntu>.
[    8.774508] systemd[1]: Initializing machine ID from random generator.
[    8.776837] systemd[1]: Installed transient /etc/machine-id file.
[    8.915087] systemd[1]: Reached target User and Group Name Lookups.
[[0;32m  OK  [0m] Reached target User and Group Name Lookups.
[    8.919047] systemd[1]: Listening on Syslog Socket.
[[0;32m  OK  [0m] Listening on Syslog Socket.
[    8.921996] systemd[1]: Started Trigger resolvconf update for networkd DNS.
[[0;32m  OK  [0m] Started Trigger resolvconf update for networkd DNS.
[    8.926593] systemd[1]: Listening on Device-mapper event daemon FIFOs.
[[0;32m  OK  [0m] Listening on Device-mapper event daemon FIFOs.
[    8.931175] systemd[1]: Listening on udev Control Socket.
[[0;32m  OK  [0m] Listening on udev Control Socket.
[    8.934123] systemd[1]: Reached target Swap.
[[0;32m  OK  [0m] Reached target Swap.
[    8.937053] systemd[1]: Listening on Journal Socket.
[[0;32m  OK  [0m] Listening on Journal Socket.
[    8.940165] systemd[1]: Listening on Journal Audit Socket.
[[0;32m  OK  [0m] Listening on Journal Audit Socket.
[    8.943471] systemd[1]: Listening on /dev/initctl Compatibility Named Pipe.
[[0;32m  OK  [0m] Listening on /dev/initctl Compatibility Named Pipe.
[    8.947613] systemd[1]: Reached target Encrypted Volumes.
[[0;32m  OK  [0m] Reached target Encrypted Volumes.
[    8.950822] systemd[1]: Listening on udev Kernel Socket.
[[0;32m  OK  [0m] Listening on udev Kernel Socket.
[    8.954653] systemd[1]: Created slice User and Session Slice.
[[0;32m  OK  [0m] Created slice User and Session Slice.
[    8.957875] systemd[1]: Listening on LVM2 metadata daemon socket.
[[0;32m  OK  [0m] Listening on LVM2 metadata daemon socket.
[    8.962289] systemd[1]: Listening on Journal Socket (/dev/log).
[[0;32m  OK  [0m] Listening on Journal Socket (/dev/log).
[    8.965969] systemd[1]: Started Forward Password Requests to Wall Directory Watch.
[[0;32m  OK  [0m] Started Forward Password Requests to Wall Directory Watch.
[    8.971165] systemd[1]: Reached target System Time Synchronized.
[[0;32m  OK  [0m] Reached target System Time Synchronized.
[    8.974545] systemd[1]: Set up automount Arbitrary Executable File Formats File System Automount Point.
[[0;32m  OK  [0m] Set up automount Arbitrary Executab...ats File System Automount Point.
[    8.980723] systemd[1]: Created slice System Slice.
[[0;32m  OK  [0m] Created slice System Slice.
[    8.995082] systemd[1]: Starting Set console keymap...
         Starting Set console keymap...
[    8.999210] systemd[1]: Starting Remount Root and Kernel File Systems...
         Starting Remount Root and Kernel File Systems...
[    9.005229] systemd[1]: Starting Monitoring of LVM2 mirrors, snapshots etc. using dmeventd or progress polling...
[    9.006231] EXT4-fs (sda1): re-mounted. Opts: (null)
         Starting Monitoring of LVM2 mirrors... dmeventd or progress polling...
[    9.017218] systemd[1]: Starting Nameserver information manager...
         Starting Nameserver information manager...
[    9.022468] systemd[1]: Starting Create list of required static device nodes for the current kernel...
         Starting Create list of required st... nodes for the current kernel...
[    9.031877] systemd[1]: Mounting Huge Pages File System...
         Mounting Huge Pages File System...
[    9.043598] systemd[1]: Starting Journal Service...
         Starting Journal Service...
[    9.048343] systemd[1]: Mounting POSIX Message Queue File System...
         Mounting POSIX Message Queue File System...
[    9.054224] systemd[1]: Reached target Slices.
[[0;32m  OK  [0m] Reached target Slices.
[    9.058794] systemd[1]: Created slice system-serial\x2dgetty.slice.
[[0;32m  OK  [0m] Created slice system-serial\x2dgetty.slice.
[    9.064604] systemd[1]: Starting Uncomplicated firewall...
         Starting Uncomplicated firewall...
[    9.069318] systemd[1]: Mounting Debug File System...
         Mounting Debug File System...
[    9.073805] systemd[1]: Listening on LVM2 poll daemon socket.
[[0;32m  OK  [0m] Listening on LVM2 poll daemon socket.
[    9.085078] systemd[1]: Starting Load Kernel Modules...
         Starting Load Kernel Modules...
[    9.093403] systemd[1]: Mounted Debug File System.
[    9.096292] Loading iSCSI transport class v2.0-870.
[[0;32m  OK  [0m] Mounted Debug File System.
[    9.100529] systemd[1]: Mounted Huge Pages File System.
[[0;32m  OK  [0m] Mounted Huge Pages File System.
[    9.104922] systemd[1]: Mounted POSIX Message Queue File System.
[[0;32m  OK  [0m] Mounted POSIX Message Queue File System.
[    9.110150] systemd[1]: Started Journal Service.
[[0;32m  OK  [0m] Started Journal Service.
[[0;32m  OK  [0m] Started Remount Root and Kernel File Systems.
[[0;32m  OK  [0m] Started Create list of required sta...ce nodes for the current kernel.
[[0;32m  OK  [0m] Started Uncomplicated firewall.
[    9.127659] iscsi: registered transport (tcp)
[[0;32m  OK  [0m] Started LVM2 metadata daemon.
         Starting Create Static Device Nodes in /dev...
         Starting Load/Save Random Seed...
         Starting udev Coldplug all Devices...
         Starting Flush Journal to Persistent Storage...
[[0;32m  OK  [0m] Started Nameserver information manager.
[[0;32m  OK  [0m] Started Load/Save Random Seed.
[    9.171156] systemd-journald[387]: Received request to flush runtime journal from PID 1
[[0;32m  OK  [0m] Started Flush Journal to Persistent Storage.
[[0;32m  OK  [0m] Started Create Static Device Nodes in /dev.
         Starting udev Kernel Device Manager...
[[0;32m  OK  [0m] Started udev Kernel Device Manager.
[    9.240485] iscsi: registered transport (iser)
[[0;32m  OK  [0m] Started Load Kernel Modules.
         Mounting FUSE Control File System...
         Starting Apply Kernel Variables...
[[0;32m  OK  [0m] Mounted FUSE Control File System.
[[0;32m  OK  [0m] Started Monitoring of LVM2 mirrors,...ng dmeventd or progress polling.
[[0;32m  OK  [0m] Started Apply Kernel Variables.
[[0;32m  OK  [0m] Started udev Coldplug all Devices.
[[0;32m  OK  [0m] Started Set console keymap.
[[0;32m  OK  [0m] Started Dispatch Password Requests to Console Directory Watch.
[[0;32m  OK  [0m] Reached target Local File Systems (Pre).
[[0;32m  OK  [0m] Reached target Local File Systems.
         Starting Tell Plymouth To Write Out Runtime Data...
         Starting Initial cloud-init job (pre-networking)...
         Starting LSB: AppArmor initialization...
         Starting Commit a transient machine-id on disk...
         Starting Set console font and keymap...
         Starting Create Volatile Files and Directories...
[[0;32m  OK  [0m] Started Tell Plymouth To Write Out Runtime Data.
[[0;32m  OK  [0m] Started Create Volatile Files and Directories.
         Starting Update UTMP about System Boot/Shutdown...
[[0;32m  OK  [0m] Started Update UTMP about System Boot/Shutdown.
[[0;32m  OK  [0m] Started Commit a transient machine-id on disk.
[[0;32m  OK  [0m] Found device /dev/ttyS0.
[[0;32m  OK  [0m] Listening on Load/Save RF Kill Switch Status /dev/rfkill Watch.
[   11.205294] cloud-init[487]: Cloud-init v. 19.4-33-gbb4131a2-0ubuntu1~16.04.1 running 'init-local' at Mon, 06 Apr 2020 04:53:41 +0000. Up 10.54 seconds.
[[0;32m  OK  [0m] Started Initial cloud-init job (pre-networking).
[[0;32m  OK  [0m] Reached target Network (Pre).
[[0;32m  OK  [0m] Started Set console font and keymap.
[[0;32m  OK  [0m] Created slice system-getty.slice.
[[0;32m  OK  [0m] Started LSB: AppArmor initialization.
         Starting Raise network interfaces...
[[0;32m  OK  [0m] Started Raise network interfaces.
[[0;32m  OK  [0m] Reached target Network.
         Starting Initial cloud-init job (metadata service crawler)...
[   13.935484] cloud-init[958]: Cloud-init v. 19.4-33-gbb4131a2-0ubuntu1~16.04.1 running 'init' at Mon, 06 Apr 2020 04:53:44 +0000. Up 13.26 seconds.
[   13.940806] cloud-init[958]: ci-info: ++++++++++++++++++++++++++++++++++++Net device info++++++++++++++++++++++++++++++++++++
[   13.945204] cloud-init[958]: ci-info: +--------+------+------------------------+---------------+--------+-------------------+
[   13.949134] cloud-init[958]: ci-info: | Device |  Up  |        Address         |      Mask     | Scope  |     Hw-Address    |
[   13.953211] cloud-init[958]: ci-info: +--------+------+------------------------+---------------+--------+-------------------+
[   13.957825] cloud-init[958]: ci-info: | enp0s3 | True |       10.0.2.15        | 255.255.255.0 | global | 02:0e:0c:9a:00:f0 |
[   13.961745] cloud-init[958]: ci-info: | enp0s3 | True | fe80::e:cff:fe9a:f0/64 |       .       |  link  | 02:0e:0c:9a:00:f0 |
[   13.966047] cloud-init[958]: ci-info: |   lo   | True |       127.0.0.1        |   255.0.0.0   |  host  |         .         |
[   13.968902] cloud-init[958]: ci-info: |   lo   | True |        ::1/128         |       .       |  host  |         .         |
[   13.973444] cloud-init[958]: ci-info: +--------+------+------------------------+---------------+--------+-------------------+
[   13.977956] cloud-init[958]: ci-info: +++++++++++++++++++++++++++Route IPv4 info++++++++++++++++++++++++++++
[   13.981076] cloud-init[958]: ci-info: +-------+-------------+----------+---------------+-----------+-------+
[   13.985353] cloud-init[958]: ci-info: | Route | Destination | Gateway  |    Genmask    | Interface | Flags |
[   13.989049] cloud-init[958]: ci-info: +-------+-------------+----------+---------------+-----------+-------+
[   13.992617] cloud-init[958]: ci-info: |   0   |   0.0.0.0   | 10.0.2.2 |    0.0.0.0    |   enp0s3  |   UG  |[[0;32m  OK  [0m] Started Initial cloud-init job (metadata service crawler).
[[0;32m  OK  [0m] Reached target Network is Online.

[   13.999705] cloud-init[958]: ci-info: |   1   |   10.0.2.0  | 0.0.0.0  | 255.255.255.0 |   enp0s3  |   U   |
[   14.002075] cloud-init[958]: ci-info: +-------+-------------+----------+---------------+-----------+-------+
[   14.004364] cloud-init[958]: ci-info: +++++++++++++++++++Route IPv6 info+++++++++++++++++++
[   14.006179] cloud-init[958]: ci-info: +-------+-------------+---------+-----------+-------+
[   14.008334] cloud-init[958]: ci-info: | Route | Destination | Gateway | Interface | Flags |
[   14.010285] cloud-init[958]: ci-info: +-------+-------------+---------+-----------+-------+
[   14.012360]          Starting iSCSI initiator daemon (iscsid)...
[[0;32m  OK  [0m] Reached target System Initialization.
cloud-init[958]: ci-info: |   0   |  fe80::/64  |    ::   |   enp0s3  |   U   |         Starting LXD - unix socket.
[[0;32m  OK  [0m] Started Message of the Day.
[[0;32m  OK  [0m] Listening on D-Bus System Message Bus Socket.
[[0;32m  OK  [0m] Listening on UUID daemon activation socket.
[[0;32m  OK  [0m] Listening on ACPID Listen Socket.
         Starting Socket activation for snappy daemon.

[   14.024929] cloud-init[958]: ci-info: |   3   |   ff00::/8  |    ::   |   enp0s3  |   U   |
[   14.027852] [[0;32m  OK  [0m] Started ACPI Events Check.
[[0;32m  OK  [0m] Reached target Paths.
[[0;32m  OK  [0m] Started Daily apt download activities.
[[0;32m  OK  [0m] Started Daily apt upgrade and clean activities.
cloud-init[958]: ci-info: +-------+-------------+---------+-----------+-------+
[   14.034593] [[0;32m  OK  [0m] Started Daily Cleanup of Temporary Directories.
[[0;32m  OK  [0m] Reached target Timers.
[[0;32m  OK  [0m] Reached target Cloud-config availability.
cloud-init[958]: Generating public/private rsa key pair.
[[0;32m  OK  [0m] Listening on LXD - unix socket.
[[0;32m  OK  [0m] Listening on Socket activation for snappy daemon.
[[0;32m  OK  [0m] Reached target Sockets.
[[0;32m  OK  [0m] Reached target Basic System.
         Starting Virtualbox guest utils...
[   14.039834] cloud-init[958]: Your identification has been saved in /etc/ssh/ssh_host_rsa_key.[[0;32m  OK  [0m] Started FUSE filesystem for LXC.
[[0;32m  OK  [0m] Started D-Bus System Message Bus.

[   14.057170] cloud-init[958]: Your public key has been saved in /etc/ssh/ssh_host_rsa_key.pub.
[   14.061810] cloud-init[958]: The key fingerprint is:
[   14.065618] cloud-init[958]: SHA256:qRrhJ8VEtzqIen+VaZIrWwDphWpFIwgLfXgoOmXgzXw root@ubuntu-xenial
[   14.068237] cloud-init[958]: The key's randomart image is:
[   14.070601] cloud-init[958]: +---[RSA 2048]----+
[   14.072588] cloud-init[958]: |*+ =  . .        |
[   14.074166] cloud-init[958]: |=.%o+. . .       |
[   14.075841] cloud-init[958]: |o=+B.E. .        |
[   14.077987] cloud-init[958]: |oo.+.+ . .       |
[   14.079604] cloud-init[958]: |.oo + =.So       |
         Starting Accounts Service...
[   14.081549] cloud-init[958]: |.. . +oo=        |
[   14.085771] cloud-init[[0;32m  OK  [0m] Started Regular background program processing daemon.
         Starting System Logging Service...
[958]: |. . + +=         |
[   14.093735] cloud-init[958]: | . ..*o          |
         Starting Snappy daemon...
[   14.096960] cloud-init[958]: |    ++           |
[   14.099488] cloud-init[958]: +----[SHA256]-----+
[   14.112394] [cloud-init[958]: Generating public/private dsa key pair.
[0;32m  OK  [0m] Started ACPI event daemon.
[   14.113449] cloud-init[958]: Your identification has been saved in /etc/ssh/ssh_host_dsa_key.
         Starting LSB: Record successful boot for GRUB...
[   14.119782] [[0;32m  OK  [0m] Started Deferred execution scheduler.
cloud-init[958]: Your public key has been saved in /etc/ssh/ssh_host_dsa_key.pub.
         Starting LSB: MD monitoring daemon...
[   14.130155] cloud-init[958]: The key fingerprint is:
[   14.134035] cloud-init[958]: SHA256:7ivlfrhzFJTMRnppIr3Uvu/PjPzwJMNtrBnx9VNpogU root@ubuntu-xenial
[   14.137007] cloud-init[958]: The key's randomart image is:
[   14.139881] cloud-init[958]: +---[DSA 1024]----+
[   14.152242] cloud-init[958]: |         +..     |
[   14.152564] cloud-init[958]: |       . o*.     |
[   14.153069] cloud-init[958]: |      . =o=E     |
[   14.153511] cloud-init[958]: |       o *. .   .|
[   14.154755] cloud-init[958]: |        S ...o oo|
[   14.155495] cloud-init[958]: |       .. .oo=o.o|
[   14.156748] cloud-init[958]: |       o.o..* *..|
[   14.157633] cloud-init[958]: |      ..+ oo #  .|
[   14.158505] cloud-init[958]: |       o=* .Bo*  |
[   14.159601] cloud-init[958]: +----[SHA256]-----+
[   14.160921] cloud-init[958]: Generating public/private ecdsa key pair.
[   14.164783] cloud-init[958]: Your identification has been saved in /etc/ssh/ssh_host_ecdsa_key.
[   14.165402] cloud-init[958]: Your public key has been saved in /etc/ssh/ssh_host_ecdsa_key.pub.
[   14.166881] cloud-init[958]: The key fingerprint is:
[   14.168011] cloud-init[958]: SHA256:73ZIlnSag99SXBs5s5bvyeky0IurFyGL1dLVN0ehjE0 root@ubuntu-xenial
[   14.168818] cloud-init[958]: The key's randomart image is:
[   14.170165] cloud-init[958]: +---[ECDSA 256]---+
[   14.171115] cloud-init[958]: |             E.oo|
[   14.172881] cloud-init[958]: |            =..oo|
[   14.173746] cloud-init[958]: |          o..+ .+|
[   14.174545] cloud-init[958]: |         +.+. *  |
[   14.175014] cloud-init[958]: |        So+*o. B |
[   14.175559] cloud-init[958]: |       ..oBoo.=  |
[   14.176533] cloud-init[958]: |         +.=+... |
         Starting Login Service...
[   14.178434] cloud-init[958]: |         .=oo+. +|
[   14.186924] cloud-init[958]: |         o++. +*.|
[   14.188498] cloud-init[958]: +----[SHA256]-----+
[   14.190470] cloud-init[958]: Generating public/private ed25519 key pair.
[   14.193901] cloud-init[958]: Your identification has been saved in /etc/ssh/ssh_host_ed25519_key.
[   14.196437] cloud-init[958]: Your public key has been saved in /etc/ssh/ssh_host_ed25519_key.pub.
[   14.199169] cloud-init         Starting /etc/rc.local Compatibility...
[958]: The key fingerprint is:
[   14.201932]          cloud-initStarting Pollinate to seed the pseudo random number generator...[958]: 
SHA256:wSixNpQ2wYNIcV4qilTbFxa7tE17GIb6LHJZj2Ue5DU root@ubuntu-xenial
         Starting LXD - container startup/shutdown...
[   14.205543] [[0;32m  OK  [0m] Started System Logging Service.
[[0;32m  OK  [0m] Started iSCSI initiator daemon (iscsid).
cloud-init[[0;32m  OK  [0m] Started /etc/rc.local Compatibility.
[958]: The key's randomart image is:
[   14.218754] cloud-init[958]: +--[ED25519 256]--+
[   14.221004] cloud-init[958]: |.+.=++ +.        |
[[0;32m  OK  [0m] Started Login Service.
[   14.242535] cloud-init[958]: |. =.@o.o+        |
[   14.250281] cloud-init[958]: | o ==+.=o= E     |
[   14.253300] cloud-init[958]: |+ .. o+ O.= .    |
[   14.257992] cloud-init[958]: |o    . +SO .     |
[[0;32m  OK  [0m] Started Unattended Upgrades Shutdown.
         Starting Authenticate and Authorize Users to Run Privileged Tasks...
         Starting Login to default iSCSI targets...
[[0;32m  OK  [0m] Started LSB: Record successful boot for GRUB.
[[0;32m  OK  [0m] Started LSB: MD monitoring daemon.
[   14.294002] cloud-init[958]: |      = * o      |
[   14.302547] cloud-init[958]: |   . + + o       |
[   14.328522] cloud-init[958]: [[0;32m  OK  [0m] Started Login to default iSCSI targets.
[[0;32m  OK  [0m] Reached target Remote File Systems (Pre).
[[0;32m  OK  [0m] Reached target Remote File Systems.
         Starting LSB: Set the CPU Frequency Scaling governor to "ondemand"...
         Starting LSB: automatic crash report generation...
         Starting LSB: daemon to balance interrupts for SMP systems...
         Starting Permit User Sessions...
[[0;32m  OK  [0m] Started Permit User Sessions.
         Starting Terminate Plymouth Boot Screen...
         Starting Hold until boot process finishes up...
[[0;32m  OK  [0m] Started Hold until boot process finishes up.
[[0;32m  OK  [0m] Started Getty on tty1.
         Starting Set console scheme...
[[0;32m  OK  [0m] Started Serial Getty on ttyS0.
[[0;32m  OK  [0m] Reached target Login Prompts.
|    o .          |
[[0;32m  OK  [0m] Started Terminate Plymouth Boot Screen.
[[0;32m  OK  [0m] Started Authenticate and Authorize Users to Run Privileged Tasks.
[[0;32m  OK  [0m] Started Accounts Service.
[   14.379410] cloud-init[958]: |                 |
[[0;32m  OK  [0m] Started LSB: Set the CPU Frequency Scaling governor to "ondemand".
[   14.420628] cloud-init[958]: +----[SHA256]-----+
[[0;32m  OK  [0m] Started Set console scheme.
[[0;32m  OK  [0m] Started Virtualbox guest utils.
[[0;32m  OK  [0m] Started LSB: automatic crash report generation.
[[0;32m  OK  [0m] Started LXD - container startup/shutdown.
[[0;32m  OK  [0m] Started LSB: daemon to balance interrupts for SMP systems.
[[0;32m  OK  [0m] Started Snappy daemon.
         Starting Wait until snapd is fully seeded...
[[0;32m  OK  [0m] Started Pollinate to seed the pseudo random number generator.
         Starting OpenBSD Secure Shell server...
[[0;32m  OK  [0m] Started OpenBSD Secure Shell server.
[[0;32m  OK  [0m] Started Wait until snapd is fully seeded.
         Starting Apply the settings specified in cloud-config...
[[0;32m  OK  [0m] Reached target Multi-User System.
[[0;32m  OK  [0m] Reached target Graphical Interface.
         Starting Update UTMP about System Runlevel Changes...
[[0;32m  OK  [0m] Started Update UTMP about System Runlevel Changes.
[   16.586599] cloud-init[1312]: Generating locales (this might take a while)...
[   18.287147] cloud-init[1312]:   en_US.UTF-8... done
[   18.288595] cloud-init[1312]: Generation complete.
[   18.677516] cloud-init[1312]: Cloud-init v. 19.4-33-gbb4131a2-0ubuntu1~16.04.1 running 'modules:config' at Mon, 06 Apr 2020 04:53:47 +0000. Up 16.42 seconds.
[[0;32m  OK  [0m] Started Apply the settings specified in cloud-config.
         Starting Execute cloud user/final scripts...
[[0;32m  OK  [0m] Created slice User Slice of vagrant.
         Starting User Manager for UID 1000...
ci-info: no authorized SSH keys fingerprints found for user ubuntu.
<14>Apr  6 04:53:50 ec2: 
<14>Apr  6 04:53:50 ec2: #############################################################
<14>Apr  6 04:53:50 ec2: -----BEGIN SSH HOST KEY FINGERPRINTS-----
<14>Apr  6 04:53:50 ec2: 1024 SHA256:7ivlfrhzFJTMRnppIr3Uvu/PjPzwJMNtrBnx9VNpogU root@ubuntu-xenial (DSA)
<14>Apr  6 04:53:50 ec2: 256 SHA256:73ZIlnSag99SXBs5s5bvyeky0IurFyGL1dLVN0ehjE0 root@ubuntu-xenial (ECDSA)
<14>Apr  6 04:53:50 ec2: 256 SHA256:wSixNpQ2wYNIcV4qilTbFxa7tE17GIb6LHJZj2Ue5DU root@ubuntu-xenial (ED25519)
<14>Apr  6 04:53:50 ec2: 2048 SHA256:qRrhJ8VEtzqIen+VaZIrWwDphWpFIwgLfXgoOmXgzXw root@ubuntu-xenial (RSA)
<14>Apr  6 04:53:50 ec2: -----END SSH HOST KEY FINGERPRINTS-----
<14>Apr  6 04:53:50 ec2: #############################################################
-----BEGIN SSH HOST KEY KEYS-----
ecdsa-sha2-nistp256 AAAAE2VjZHNhLXNoYTItbmlzdHAyNTYAAAAIbmlzdHAyNTYAAABBBP/QT2KcU5zYfyBb5acDhJOmnlNdoRudbX2MebRYvCPryoPm2w4tW/odXjceQjL9K7czbWSbMqihbeSCodbKAxM= root@ubuntu-xenial
ssh-ed25519 AAAAC3NzaC1lZDI1NTE5AAAAIC5uF2xYtl/axFXdQ19Sd/VZJ+YCnEWNN0b4EzF4YZS7 root@ubuntu-xenial
ssh-rsa AAAAB3NzaC1yc2EAAAADAQABAAABAQDJ+60vaume1IUqfeHLZh8Xyk3PPJeNsRaSNvQhwvF/5mrTxhMfiBrn9Ecdmnv3IV/TcWHcc3JDZa5gBHNfAzav0vUKQ+YF0obe/kgQYmCseicftneVfZ02FYk5CuBiFHBvlcvihKUQzVtLYGhNaYEpvUjOIa5HVL065jOmFtA/MZbGqAz0sxaN8UAaPi6fdDN5G45W47TzYDm+W6ytVIjBU+GWy0dVA/0uKGemTlJX8YYpOdzdQqV7KFUC7RRfggtWToCZsVcsXeZkmYxmS4kzQ1ikBU8j0ikQMvNthJQL05p4VTkfavUit0Wkup+zT1lqAXR3TK5My7GNSWxELFKb root@ubuntu-xenial
-----END SSH HOST KEY KEYS-----
[   19.537170] cloud-init[1356]: Cloud-init v. 19.4-33-gbb4131a2-0ubuntu1~16.04.1 running 'modules:final' at Mon, 06 Apr 2020 04:53:50 +0000. Up 19.23 seconds.
[   19.537430] cloud-init[1356]: ci-info: no authorized SSH keys fingerprints found for user ubuntu.
[   19.538210] cloud-init[1356]: Cloud-init v. 19.4-33-gbb4131a2-0ubuntu1~16.04.1 finished at Mon, 06 Apr 2020 04:53:50 +0000. Datasource DataSourceNoCloud [seed=/dev/sdb][dsmode=net].  Up 19.52 seconds

Ubuntu 16.04.6 LTS ubuntu-xenial ttyS0

ubuntu-xenial login: 