[    0.000000] Initializing cgroup subsys cpuset
[    0.000000] Initializing cgroup subsys cpu
[    0.000000] Initializing cgroup subsys cpuacct
[    0.000000] Linux version 4.4.0-173-generic (buildd@lgw01-amd64-037) (gcc version 5.4.0 20160609 (Ubuntu 5.4.0-6ubuntu1~16.04.12) ) #203-Ubuntu SMP Wed Jan 15 02:55:01 UTC 2020 (Ubuntu 4.4.0-173.203-generic 4.4.208)
[    0.000000] Command line: BOOT_IMAGE=/boot/vmlinuz-4.4.0-173-generic root=LABEL=cloudimg-rootfs ro console=tty1 console=ttyS0
[    0.000000] KERNEL supported cpus:
[    0.000000]   Intel GenuineIntel
[    0.000000]   AMD AuthenticAMD
[    0.000000]   Centaur CentaurHauls
[    0.000000] x86/fpu: xstate_offset[2]:  576, xstate_sizes[2]:  256
[    0.000000] x86/fpu: Supporting XSAVE feature 0x01: 'x87 floating point registers'
[    0.000000] x86/fpu: Supporting XSAVE feature 0x02: 'SSE registers'
[    0.000000] x86/fpu: Supporting XSAVE feature 0x04: 'AVX registers'
[    0.000000] x86/fpu: Enabled xstate features 0x7, context size is 832 bytes, using 'standard' format.
[    0.000000] e820: BIOS-provided physical RAM map:
[    0.000000] BIOS-e820: [mem 0x0000000000000000-0x000000000009fbff] usable
[    0.000000] BIOS-e820: [mem 0x000000000009fc00-0x000000000009ffff] reserved
[    0.000000] BIOS-e820: [mem 0x00000000000f0000-0x00000000000fffff] reserved
[    0.000000] BIOS-e820: [mem 0x0000000000100000-0x000000001ffeffff] usable
[    0.000000] BIOS-e820: [mem 0x000000001fff0000-0x000000001fffffff] ACPI data
[    0.000000] BIOS-e820: [mem 0x00000000fec00000-0x00000000fec00fff] reserved
[    0.000000] BIOS-e820: [mem 0x00000000fee00000-0x00000000fee00fff] reserved
[    0.000000] BIOS-e820: [mem 0x00000000fffc0000-0x00000000ffffffff] reserved
[    0.000000] NX (Execute Disable) protection: active
[    0.000000] SMBIOS 2.5 present.
[    0.000000] Hypervisor detected: KVM
[    0.000000] e820: last_pfn = 0x1fff0 max_arch_pfn = 0x400000000
[    0.000000] MTRR: Disabled
[    0.000000] x86/PAT: MTRRs disabled, skipping PAT initialization too.
[    0.000000] CPU MTRRs all blank - virtualized system.
[    0.000000] x86/PAT: Configuration [0-7]: WB  WT  UC- UC  WB  WT  UC- UC  
[    0.000000] found SMP MP-table at [mem 0x0009fff0-0x0009ffff] mapped at [ffff88000009fff0]
[    0.000000] Scanning 1 areas for low memory corruption
[    0.000000] RAMDISK: [mem 0x1e8b4000-0x1f739fff]
[    0.000000] ACPI: Early table checksum verification disabled
[    0.000000] ACPI: RSDP 0x00000000000E0000 000024 (v02 VBOX  )
[    0.000000] ACPI: XSDT 0x000000001FFF0030 00003C (v01 VBOX   VBOXXSDT 00000001 ASL  00000061)
[    0.000000] ACPI: FACP 0x000000001FFF00F0 0000F4 (v04 VBOX   VBOXFACP 00000001 ASL  00000061)
[    0.000000] ACPI: DSDT 0x000000001FFF0470 002325 (v02 VBOX   VBOXBIOS 00000002 INTL 20100528)
[    0.000000] ACPI: FACS 0x000000001FFF0200 000040
[    0.000000] ACPI: FACS 0x000000001FFF0200 000040
[    0.000000] ACPI: APIC 0x000000001FFF0240 00005C (v02 VBOX   VBOXAPIC 00000001 ASL  00000061)
[    0.000000] ACPI: SSDT 0x000000001FFF02A0 0001CC (v01 VBOX   VBOXCPUT 00000002 INTL 20100528)
[    0.000000] No NUMA configuration found
[    0.000000] Faking a node at [mem 0x0000000000000000-0x000000001ffeffff]
[    0.000000] NODE_DATA(0) allocated [mem 0x1ffeb000-0x1ffeffff]
[    0.000000] kvm-clock: Using msrs 4b564d01 and 4b564d00
[    0.000000] kvm-clock: cpu 0, msr 0:1ffe3001, primary cpu clock
[    0.000000] kvm-clock: using sched offset of 4775631318 cycles
[    0.000000] clocksource: kvm-clock: mask: 0xffffffffffffffff max_cycles: 0x1cd42e4dffb, max_idle_ns: 881590591483 ns
[    0.000000] Zone ranges:
[    0.000000]   DMA      [mem 0x0000000000001000-0x0000000000ffffff]
[    0.000000]   DMA32    [mem 0x0000000001000000-0x000000001ffeffff]
[    0.000000]   Normal   empty
[    0.000000]   Device   empty
[    0.000000] Movable zone start for each node
[    0.000000] Early memory node ranges
[    0.000000]   node   0: [mem 0x0000000000001000-0x000000000009efff]
[    0.000000]   node   0: [mem 0x0000000000100000-0x000000001ffeffff]
[    0.000000] Initmem setup node 0 [mem 0x0000000000001000-0x000000001ffeffff]
[    0.000000] ACPI: PM-Timer IO Port: 0x4008
[    0.000000] IOAPIC[0]: apic_id 2, version 32, address 0xfec00000, GSI 0-23
[    0.000000] ACPI: INT_SRC_OVR (bus 0 bus_irq 0 global_irq 2 dfl dfl)
[    0.000000] ACPI: INT_SRC_OVR (bus 0 bus_irq 9 global_irq 9 low level)
[    0.000000] Using ACPI (MADT) for SMP configuration information
[    0.000000] smpboot: Allowing 2 CPUs, 0 hotplug CPUs
[    0.000000] PM: Registered nosave memory: [mem 0x00000000-0x00000fff]
[    0.000000] PM: Registered nosave memory: [mem 0x0009f000-0x0009ffff]
[    0.000000] PM: Registered nosave memory: [mem 0x000a0000-0x000effff]
[    0.000000] PM: Registered nosave memory: [mem 0x000f0000-0x000fffff]
[    0.000000] e820: [mem 0x20000000-0xfebfffff] available for PCI devices
[    0.000000] Booting paravirtualized kernel on KVM
[    0.000000] clocksource: refined-jiffies: mask: 0xffffffff max_cycles: 0xffffffff, max_idle_ns: 7645519600211568 ns
[    0.000000] setup_percpu: NR_CPUS:512 nr_cpumask_bits:512 nr_cpu_ids:2 nr_node_ids:1
[    0.000000] PERCPU: Embedded 33 pages/cpu @ffff88001fc00000 s95448 r8192 d31528 u1048576
[    0.000000] Built 1 zonelists in Node order, mobility grouping on.  Total pages: 128888
[    0.000000] Policy zone: DMA32
[    0.000000] Kernel command line: BOOT_IMAGE=/boot/vmlinuz-4.4.0-173-generic root=LABEL=cloudimg-rootfs ro console=tty1 console=ttyS0
[    0.000000] PID hash table entries: 2048 (order: 2, 16384 bytes)
[    0.000000] Memory: 481600K/523832K available (8626K kernel code, 1336K rwdata, 4032K rodata, 1488K init, 1292K bss, 42232K reserved, 0K cma-reserved)
[    0.000000] SLUB: HWalign=64, Order=0-3, MinObjects=0, CPUs=2, Nodes=1
[    0.000000] Kernel/User page tables isolation: enabled
[    0.000000] Hierarchical RCU implementation.
[    0.000000] 	Build-time adjustment of leaf fanout to 64.
[    0.000000] 	RCU restricting CPUs from NR_CPUS=512 to nr_cpu_ids=2.
[    0.000000] RCU: Adjusting geometry for rcu_fanout_leaf=64, nr_cpu_ids=2
[    0.000000] NR_IRQS:33024 nr_irqs:440 16
[    0.000000] Console: colour VGA+ 80x25
[    0.000000] console [tty1] enabled
[    0.000000] console [ttyS0] enabled
[    0.000000] tsc: Detected 2808.002 MHz processor
[    0.246956] Calibrating delay loop (skipped) preset value.. 5616.00 BogoMIPS (lpj=11232008)
[    0.250182] pid_max: default: 32768 minimum: 301
[    0.251861] ACPI: Core revision 20150930
[    0.256075] ACPI: 2 ACPI AML tables successfully acquired and loaded
[    0.258487] Security Framework initialized
[    0.259894] Yama: becoming mindful.
[    0.261470] AppArmor: AppArmor initialized
[    0.263004] Dentry cache hash table entries: 65536 (order: 7, 524288 bytes)
[    0.265315] Inode-cache hash table entries: 32768 (order: 6, 262144 bytes)
[    0.267636] Mount-cache hash table entries: 1024 (order: 1, 8192 bytes)
[    0.269737] Mountpoint-cache hash table entries: 1024 (order: 1, 8192 bytes)
[    0.272117] Initializing cgroup subsys io
[    0.273691] Initializing cgroup subsys memory
[    0.275303] Initializing cgroup subsys devices
[    0.276766] Initializing cgroup subsys freezer
[    0.278522] Initializing cgroup subsys net_cls
[    0.280240] Initializing cgroup subsys perf_event
[    0.282136] Initializing cgroup subsys net_prio
[    0.283618] Initializing cgroup subsys hugetlb
[    0.285690] Initializing cgroup subsys pids
[    0.289120] mce: CPU supports 0 MCE banks
[    0.290817] Last level iTLB entries: 4KB 64, 2MB 8, 4MB 8
[    0.292725] Last level dTLB entries: 4KB 64, 2MB 0, 4MB 0, 1GB 4
[    0.294622] Spectre V1 : Mitigation: usercopy/swapgs barriers and __user pointer sanitization
[    0.297584] Spectre V2 : Mitigation: Full generic retpoline
[    0.299941] Spectre V2 : Spectre v2 / SpectreRSB mitigation: Filling RSB on context switch
[    0.302846] Speculative Store Bypass: Vulnerable
[    0.304861] MDS: Mitigation: Clear CPU buffers
[    0.311195] Freeing SMP alternatives memory: 36K
[    0.322727] ftrace: allocating 32304 entries in 127 pages
[    0.414680] smpboot: APIC(0) Converting physical 0 to logical package 0
[    0.416771] smpboot: Max logical packages: 1
[    0.419102] x2apic enabled
[    0.420949] Switched APIC routing to physical x2apic.
[    0.424677] ..TIMER: vector=0x30 apic1=0 pin1=2 apic2=-1 pin2=-1
[    0.535201] smpboot: CPU0: Intel(R) Core(TM) i7-6600U CPU @ 2.60GHz (family: 0x6, model: 0x4e, stepping: 0x3)
[    0.538884] Performance Events: unsupported p6 CPU model 78 no PMU driver, software events only.
[    0.557890] KVM setup paravirtual spinlock
[    0.560760] x86: Booting SMP configuration:
[    0.562169] .... node  #0, CPUs:      #1
[    0.563662] kvm-clock: cpu 1, msr 0:1ffe3041, secondary cpu clock
[    0.568390] mce: CPU supports 0 MCE banks
[    0.571634] x86: Booted up 1 node, 2 CPUs
[    0.573613] smpboot: Total of 2 processors activated (11232.00 BogoMIPS)
[    0.580749] devtmpfs: initialized
[    0.583950] evm: security.selinux
[    0.585452] evm: security.SMACK64
[    0.586635] evm: security.SMACK64EXEC
[    0.588421] evm: security.SMACK64TRANSMUTE
[    0.589994] evm: security.SMACK64MMAP
[    0.591316] evm: security.ima
[    0.592530] evm: security.capability
[    0.594229] clocksource: jiffies: mask: 0xffffffff max_cycles: 0xffffffff, max_idle_ns: 7645041785100000 ns
[    0.597608] futex hash table entries: 512 (order: 3, 32768 bytes)
[    0.600140] pinctrl core: initialized pinctrl subsystem
[    0.602159] RTC time:  6:48:00, date: 05/04/20
[    0.603910] NET: Registered protocol family 16
[    0.617091] cpuidle: using governor ladder
[    0.628794] cpuidle: using governor menu
[    0.630331] PCCT header not found.
[    0.632068] ACPI: bus type PCI registered
[    0.633520] acpiphp: ACPI Hot Plug PCI Controller Driver version: 0.5
[    0.635962] PCI: Using configuration type 1 for base access
[    0.649936] ACPI: Added _OSI(Module Device)
[    0.651497] ACPI: Added _OSI(Processor Device)
[    0.653034] ACPI: Added _OSI(3.0 _SCP Extensions)
[    0.654711] ACPI: Added _OSI(Processor Aggregator Device)
[    0.657543] ACPI: Executed 1 blocks of module-level executable AML code
[    0.663686] ACPI: Interpreter enabled
[    0.665366] ACPI: (supports S0 S5)
[    0.666757] ACPI: Using IOAPIC for interrupt routing
[    0.668800] PCI: Using host bridge windows from ACPI; if necessary, use "pci=nocrs" and report a bug
[    0.677982] ACPI: PCI Root Bridge [PCI0] (domain 0000 [bus 00-ff])
[    0.680514] acpi PNP0A03:00: _OSC: OS supports [ASPM ClockPM Segments MSI]
[    0.683298] acpi PNP0A03:00: _OSC: not requesting OS control; OS requires [ExtendedConfig ASPM ClockPM MSI]
[    0.687249] acpi PNP0A03:00: fail to add MMCONFIG information, can't access extended PCI configuration space under this bridge.
[    0.692408] PCI host bridge to bus 0000:00
[    0.694610] pci_bus 0000:00: root bus resource [io  0x0000-0x0cf7 window]
[    0.696846] pci_bus 0000:00: root bus resource [io  0x0d00-0xffff window]
[    0.700050] pci_bus 0000:00: root bus resource [mem 0x000a0000-0x000bffff window]
[    0.702935] pci_bus 0000:00: root bus resource [mem 0x20000000-0xfdffffff window]
[    0.705847] pci_bus 0000:00: root bus resource [bus 00-ff]
[    0.711058] pci 0000:00:01.1: legacy IDE quirk: reg 0x10: [io  0x01f0-0x01f7]
[    0.713424] pci 0000:00:01.1: legacy IDE quirk: reg 0x14: [io  0x03f6]
[    0.715550] pci 0000:00:01.1: legacy IDE quirk: reg 0x18: [io  0x0170-0x0177]
[    0.717737] pci 0000:00:01.1: legacy IDE quirk: reg 0x1c: [io  0x0376]
[    0.751848] pci 0000:00:07.0: quirk: [io  0x4000-0x403f] claimed by PIIX4 ACPI
[    0.754491] pci 0000:00:07.0: quirk: [io  0x4100-0x410f] claimed by PIIX4 SMB
[    0.766130] ACPI: PCI Interrupt Link [LNKA] (IRQs 5 9 10 *11)
[    0.769691] ACPI: PCI Interrupt Link [LNKB] (IRQs 5 9 *10 11)
[    0.772451] ACPI: PCI Interrupt Link [LNKC] (IRQs 5 *9 10 11)
[    0.774978] ACPI: PCI Interrupt Link [LNKD] (IRQs 5 9 10 *11)
[    0.777940] ACPI: Enabled 2 GPEs in block 00 to 07
[    0.781276] vgaarb: setting as boot device: PCI:0000:00:02.0
[    0.783316] vgaarb: device added: PCI:0000:00:02.0,decodes=io+mem,owns=io+mem,locks=none
[    0.786410] vgaarb: loaded
[    0.787474] vgaarb: bridge control possible 0000:00:02.0
[    0.789763] SCSI subsystem initialized
[    0.791468] ACPI: bus type USB registered
[    0.792899] usbcore: registered new interface driver usbfs
[    0.794774] usbcore: registered new interface driver hub
[    0.796554] usbcore: registered new device driver usb
[    0.799725] PCI: Using ACPI for IRQ routing
[    0.801760] NetLabel: Initializing
[    0.803092] NetLabel:  domain hash size = 128
[    0.804602] NetLabel:  protocols = UNLABELED CIPSOv4
[    0.806343] NetLabel:  unlabeled traffic allowed by default
[    0.808532] amd_nb: Cannot enumerate AMD northbridges
[    0.810271] clocksource: Switched to clocksource kvm-clock
[    0.824732] AppArmor: AppArmor Filesystem Enabled
[    0.826834] pnp: PnP ACPI init
[    0.829510] pnp: PnP ACPI: found 3 devices
[    0.842576] clocksource: acpi_pm: mask: 0xffffff max_cycles: 0xffffff, max_idle_ns: 2085701024 ns
[    0.845715] NET: Registered protocol family 2
[    0.847412] TCP established hash table entries: 4096 (order: 3, 32768 bytes)
[    0.849940] TCP bind hash table entries: 4096 (order: 4, 65536 bytes)
[    0.852097] TCP: Hash tables configured (established 4096 bind 4096)
[    0.854187] UDP hash table entries: 256 (order: 1, 8192 bytes)
[    0.856019] UDP-Lite hash table entries: 256 (order: 1, 8192 bytes)
[    0.859078] NET: Registered protocol family 1
[    0.861170] pci 0000:00:00.0: Limiting direct PCI/PCI transfers
[    0.864124] pci 0000:00:01.0: Activating ISA DMA hang workarounds
[    0.871076] Unpacking initramfs...
[    1.205890] Freeing initrd memory: 14872K
[    1.207527] clocksource: tsc: mask: 0xffffffffffffffff max_cycles: 0x2879c7f065b, max_idle_ns: 440795303690 ns
[    1.211291] platform rtc_cmos: registered platform RTC device (no PNP device found)
[    1.214216] Scanning for low memory corruption every 60 seconds
[    1.216634] audit: initializing netlink subsys (disabled)
[    1.219649] audit: type=2000 audit(1588574886.816:1): initialized
[    1.223151] Initialise system trusted keyring
[    1.225635] HugeTLB registered 2 MB page size, pre-allocated 0 pages
[    1.230442] zbud: loaded
[    1.232395] VFS: Disk quotas dquot_6.6.0
[    1.233830] VFS: Dquot-cache hash table entries: 512 (order 0, 4096 bytes)
[    1.236472] squashfs: version 4.0 (2009/01/31) Phillip Lougher
[    1.238928] fuse init (API version 7.23)
[    1.240886] Key type big_key registered
[    1.242287] Allocating IMA MOK and blacklist keyrings.
[    1.245797] Key type asymmetric registered
[    1.247413] Asymmetric key parser 'x509' registered
[    1.249448] Block layer SCSI generic (bsg) driver version 0.4 loaded (major 249)
[    1.252355] io scheduler noop registered
[    1.253813] io scheduler deadline registered (default)
[    1.255735] io scheduler cfq registered
[    1.257241] pci_hotplug: PCI Hot Plug PCI Core version: 0.5
[    1.259781] pciehp: PCI Express Hot Plug Controller Driver version: 0.4
[    1.262382] ACPI: AC Adapter [AC] (on-line)
[    1.263917] input: Power Button as /devices/LNXSYSTM:00/LNXPWRBN:00/input/input0
[    1.266643] ACPI: Power Button [PWRF]
[    1.268272] input: Sleep Button as /devices/LNXSYSTM:00/LNXSLPBN:00/input/input1
[    1.271042] ACPI: Sleep Button [SLPF]
[    1.273670] ACPI: Battery Slot [BAT0] (battery present)
[    1.275541] GHES: HEST is not enabled!
[    1.277221] Serial: 8250/16550 driver, 32 ports, IRQ sharing enabled
[    1.300933] 00:02: ttyS0 at I/O 0x3f8 (irq = 4, base_baud = 115200) is a 16550A
[    1.308604] Linux agpgart interface v0.103
[    1.313202] loop: module loaded
[    1.315331] scsi host0: ata_piix
[    1.316713] scsi host1: ata_piix
[    1.318163] ata1: PATA max UDMA/33 cmd 0x1f0 ctl 0x3f6 bmdma 0xd000 irq 14
[    1.320908] ata2: PATA max UDMA/33 cmd 0x170 ctl 0x376 bmdma 0xd008 irq 15
[    1.323212] libphy: Fixed MDIO Bus: probed
[    1.325219] tun: Universal TUN/TAP device driver, 1.6
[    1.327072] tun: (C) 1999-2004 Max Krasnyansky <maxk@qualcomm.com>
[    1.329319] PPP generic driver version 2.4.2
[    1.331114] ehci_hcd: USB 2.0 'Enhanced' Host Controller (EHCI) Driver
[    1.333203] ehci-pci: EHCI PCI platform driver
[    1.334922] ehci-platform: EHCI generic platform driver
[    1.336743] ohci_hcd: USB 1.1 'Open' Host Controller (OHCI) Driver
[    1.339456] ohci-pci: OHCI PCI platform driver
[    1.341145] ohci-platform: OHCI generic platform driver
[    1.342982] uhci_hcd: USB Universal Host Controller Interface driver
[    1.345115] i8042: PNP: PS/2 Controller [PNP0303:PS2K,PNP0f03:PS2M] at 0x60,0x64 irq 1,12
[    1.348779] serio: i8042 KBD port at 0x60,0x64 irq 1
[    1.350671] serio: i8042 AUX port at 0x60,0x64 irq 12
[    1.352713] mousedev: PS/2 mouse device common for all mice
[    1.355195] input: AT Translated Set 2 keyboard as /devices/platform/i8042/serio0/input/input2
[    1.359218] rtc_cmos rtc_cmos: rtc core: registered rtc_cmos as rtc0
[    1.361569] rtc_cmos rtc_cmos: alarms up to one day, 114 bytes nvram
[    1.363649] i2c /dev entries driver
[    1.365111] device-mapper: uevent: version 1.0.3
[    1.366934] device-mapper: ioctl: 4.34.0-ioctl (2015-10-28) initialised: dm-devel@redhat.com
[    1.370000] ledtrig-cpu: registered to indicate activity on CPUs
[    1.372953] NET: Registered protocol family 10
[    1.375096] NET: Registered protocol family 17
[    1.376781] Key type dns_resolver registered
[    1.379732] registered taskstats version 1
[    1.381652] Loading compiled-in X.509 certificates
[    1.384091] Loaded X.509 cert 'Build time autogenerated kernel key: 4e6a82653c7e3a258f066f23f1954299de63b157'
[    1.387705] zswap: loaded using pool lzo/zbud
[    1.391702] Key type trusted registered
[    1.397088] Key type encrypted registered
[    1.399136] AppArmor: AppArmor sha1 policy hashing enabled
[    1.401232] ima: No TPM chip found, activating TPM-bypass!
[    1.403174] ima: Allocated hash algorithm: sha1
[    1.405064] evm: HMAC attrs: 0x1
[    1.406900]   Magic number: 4:714:821
[    1.408383] rtc_cmos rtc_cmos: setting system clock to 2020-05-04 06:48:01 UTC (1588574881)
[    1.411625] BIOS EDD facility v0.16 2004-Jun-25, 0 devices found
[    1.413783] EDD information not available.
[    1.506746] Freeing unused kernel memory: 1488K
[    1.508934] Write protecting the kernel read-only data: 14336k
[    1.512728] Freeing unused kernel memory: 1604K
[    1.515331] Freeing unused kernel memory: 64K
Loading, please wait...
starting version 229
[    1.537759] random: systemd-udevd: uninitialized urandom read (16 bytes read, 3 bits of entropy available)
[    1.538663] random: udevadm: uninitialized urandom read (16 bytes read, 3 bits of entropy available)
[    1.538691] random: udevadm: uninitialized urandom read (16 bytes read, 3 bits of entropy available)
[    1.552012] random: udevadm: uninitialized urandom read (16 bytes read, 3 bits of entropy available)
[    1.552112] random: udevadm: uninitialized urandom read (16 bytes read, 3 bits of entropy available)
[    1.552368] random: udevadm: uninitialized urandom read (16 bytes read, 3 bits of entropy available)
[    1.552457] random: udevadm: uninitialized urandom read (16 bytes read, 3 bits of entropy available)
[    1.552544] random: udevadm: uninitialized urandom read (16 bytes read, 3 bits of entropy available)
[    1.552638] random: udevadm: uninitialized urandom read (16 bytes read, 3 bits of entropy available)
[    1.552723] random: udevadm: uninitialized urandom read (16 bytes read, 3 bits of entropy available)
[    1.625084] e1000: Intel(R) PRO/1000 Network Driver - version 7.3.21-k8-NAPI
[    1.627812] e1000: Copyright (c) 1999-2006 Intel Corporation.
[    1.634125] Fusion MPT base driver 3.04.20
[    1.635603] Copyright (c) 1999-2008 LSI Corporation
[    1.645713] Fusion MPT SPI Host driver 3.04.20
[    1.675937] AVX2 version of gcm_enc/dec engaged.
[    1.679064] AES CTR mode by8 optimization enabled
[    1.878375] input: ImExPS/2 Generic Explorer Mouse as /devices/platform/i8042/serio1/input/input4
[    2.219674] e1000 0000:00:03.0 eth0: (PCI:33MHz:32-bit) 02:0e:0c:9a:00:f0
[    2.222245] e1000 0000:00:03.0 eth0: Intel(R) PRO/1000 Network Connection
[    3.156843] e1000 0000:00:08.0 eth1: (PCI:33MHz:32-bit) 08:00:27:6f:0f:8b
[    3.159591] e1000 0000:00:08.0 eth1: Intel(R) PRO/1000 Network Connection
[    3.164028] mptbase: ioc0: Initiating bringup
[    3.165481] e1000 0000:00:03.0 enp0s3: renamed from eth0
[    3.175581] e1000 0000:00:08.0 enp0s8: renamed from eth1
[    3.235250] ioc0: LSI53C1030 A0: Capabilities={Initiator}
[    3.401272] scsi host2: ioc0: LSI53C1030 A0, FwRev=00000000h, Ports=1, MaxQ=256, IRQ=20
[    3.515145] scsi 2:0:0:0: Direct-Access     VBOX     HARDDISK         1.0  PQ: 0 ANSI: 5
[    3.518991] scsi target2:0:0: Beginning Domain Validation
[    3.523026] scsi target2:0:0: Domain Validation skipping write tests
[    3.526011] scsi target2:0:0: Ending Domain Validation
[    3.528528] scsi target2:0:0: asynchronous
[    3.530587] scsi 2:0:1:0: Direct-Access     VBOX     HARDDISK         1.0  PQ: 0 ANSI: 5
[    3.533625] scsi target2:0:1: Beginning Domain Validation
[    3.556404] scsi target2:0:1: Domain Validation skipping write tests
[    3.558739] scsi target2:0:1: Ending Domain Validation
[    3.560744] scsi target2:0:1: asynchronous
[    3.570578] sd 2:0:0:0: Attached scsi generic sg0 type 0
[    3.572734] sd 2:0:0:0: [sda] 20971520 512-byte logical blocks: (10.7 GB/10.0 GiB)
[    3.576505] sd 2:0:1:0: Attached scsi generic sg1 type 0
[    3.578860] sd 2:0:0:0: [sda] Write Protect is off
[    3.581191] sd 2:0:1:0: [sdb] 20480 512-byte logical blocks: (10.5 MB/10.0 MiB)
[    3.584584] sd 2:0:0:0: [sda] Incomplete mode parameter data
[    3.586764] sd 2:0:0:0: [sda] Assuming drive cache: write through
[    3.589125] sd 2:0:1:0: [sdb] Write Protect is off
[    3.591544] sd 2:0:1:0: [sdb] Incomplete mode parameter data
[    3.592442]  sda: sda1
[    3.595436] sd 2:0:0:0: [sda] Attached SCSI disk
[    3.597140] sd 2:0:1:0: [sdb] Assuming drive cache: write through
[    3.603431] sd 2:0:1:0: [sdb] Attached SCSI disk
Begin: Loading essential drivers ... [    5.243859] md: linear personality registered for level -1
[    5.249726] md: multipath personality registered for level -4
[    5.256303] md: raid0 personality registered for level 0
[    5.264573] md: raid1 personality registered for level 1
[    5.338850] raid6: sse2x1   gen()  7122 MB/s
[    5.406843] raid6: sse2x1   xor()  4908 MB/s
[    5.474354] raid6: sse2x2   gen()  9821 MB/s
[    5.542389] raid6: sse2x2   xor()  6616 MB/s
[    5.610797] raid6: sse2x4   gen() 11677 MB/s
[    5.678329] raid6: sse2x4   xor()  7536 MB/s
[    5.746502] raid6: avx2x1   gen() 16464 MB/s
[    5.814791] raid6: avx2x2   gen() 18064 MB/s
[    5.882382] raid6: avx2x4   gen() 20535 MB/s
[    5.884064] raid6: using algorithm avx2x4 gen() 20535 MB/s
[    5.886042] raid6: using avx2x2 recovery algorithm
[    5.889015] xor: automatically using best checksumming function:
[    5.930322]    avx       : 17991.000 MB/sec
[    5.933385] async_tx: api initialized (async)
[    5.947671] md: raid6 personality registered for level 6
[    5.950381] md: raid5 personality registered for level 5
[    5.952194] md: raid4 personality registered for level 4
[    5.961707] md: raid10 personality registered for level 10
done.
Begin: Running /scripts/init-premount ... done.
Begin: Mounting root file system ... Begin: Running /scripts/local-top ... done.
Begin: Running /scripts/local-premount ... [    6.007395] Btrfs loaded
Scanning for Btrfs filesystems
done.
Warning: fsck not present, so skipping root file system
[    6.042887] EXT4-fs (sda1): INFO: recovery required on readonly filesystem
[    6.045467] EXT4-fs (sda1): write access will be enabled during recovery
[    6.091450] EXT4-fs (sda1): recovery complete
[    6.093125] EXT4-fs (sda1): mounted filesystem with ordered data mode. Opts: (null)
done.
Begin: Running /scripts/local-bottom ... done.
Begin: Running /scripts/init-bottom ... done.
[    6.215614] systemd[1]: systemd 229 running in system mode. (+PAM +AUDIT +SELINUX +IMA +APPARMOR +SMACK +SYSVINIT +UTMP +LIBCRYPTSETUP +GCRYPT +GNUTLS +ACL +XZ -LZ4 +SECCOMP +BLKID +ELFUTILS +KMOD -IDN)
[    6.223094] systemd[1]: Detected virtualization oracle.
[    6.225370] systemd[1]: Detected architecture x86-64.

Welcome to [1mUbuntu 16.04.6 LTS[0m!

[    6.231595] systemd[1]: Set hostname to <ubuntu-xenial>.
[    6.391126] systemd[1]: Reached target Swap.
[[0;32m  OK  [0m] Reached target Swap.
[    6.394157] systemd[1]: Listening on Journal Socket (/dev/log).
[[0;32m  OK  [0m] Listening on Journal Socket (/dev/log).
[    6.397872] systemd[1]: Set up automount Arbitrary Executable File Formats File System Automount Point.
[[0;32m  OK  [0m] Set up automount Arbitrary Executab...ats File System Automount Point.
[    6.404690] systemd[1]: Listening on Journal Audit Socket.
[[0;32m  OK  [0m] Listening on Journal Audit Socket.
[    6.409325] systemd[1]: Listening on Syslog Socket.
[[0;32m  OK  [0m] Listening on Syslog Socket.
[    6.413822] systemd[1]: Listening on Journal Socket.
[[0;32m  OK  [0m] Listening on Journal Socket.
[    6.418291] systemd[1]: Listening on LVM2 metadata daemon socket.
[[0;32m  OK  [0m] Listening on LVM2 metadata daemon socket.
[    6.423579] systemd[1]: Reached target User and Group Name Lookups.
[[0;32m  OK  [0m] Reached target User and Group Name Lookups.
[    6.429148] systemd[1]: Reached target System Time Synchronized.
[[0;32m  OK  [0m] Reached target System Time Synchronized.
[    6.434367] systemd[1]: Listening on LVM2 poll daemon socket.
[[0;32m  OK  [0m] Listening on LVM2 poll daemon socket.
[    6.439228] systemd[1]: Listening on udev Kernel Socket.
[[0;32m  OK  [0m] Listening on udev Kernel Socket.
[    6.443743] systemd[1]: Created slice User and Session Slice.
[[0;32m  OK  [0m] Created slice User and Session Slice.
[    6.448080] systemd[1]: Started Trigger resolvconf update for networkd DNS.
[[0;32m  OK  [0m] Started Trigger resolvconf update for networkd DNS.
[    6.454688] systemd[1]: Reached target Encrypted Volumes.
[[0;32m  OK  [0m] Reached target Encrypted Volumes.
[    6.459517] systemd[1]: Listening on /dev/initctl Compatibility Named Pipe.
[[0;32m  OK  [0m] Listening on /dev/initctl Compatibility Named Pipe.
[    6.464829] systemd[1]: Listening on Device-mapper event daemon FIFOs.
[[0;32m  OK  [0m] Listening on Device-mapper event daemon FIFOs.
[    6.470667] systemd[1]: Created slice System Slice.
[[0;32m  OK  [0m] Created slice System Slice.
[    6.486920] systemd[1]: Mounting Debug File System...
         Mounting Debug File System...
[    6.493385] systemd[1]: Starting Monitoring of LVM2 mirrors, snapshots etc. using dmeventd or progress polling...
         Starting Monitoring of LVM2 mirrors... dmeventd or progress polling...
[    6.502311] systemd[1]: Starting Journal Service...
         Starting Journal Service...
[    6.512171] systemd[1]: Mounting POSIX Message Queue File System...
         Mounting POSIX Message Queue File System...
[    6.518923] systemd[1]: Starting Remount Root and Kernel File Systems...
[    6.525006] EXT4-fs (sda1): re-mounted. Opts: (null)
         Starting Remount Root and Kernel File Systems...
[    6.531847] systemd[1]: Starting Load Kernel Modules...
         Starting Load Kernel Modules...
[    6.538383] systemd[1]: Starting Create list of required static device nodes for the current kernel...
         Starting Create list of required st... nodes for the current kernel...
[    6.552399] systemd[1]: Starting Uncomplicated firewall...
         Starting Uncomplicated firewall...
[    6.561797] systemd[1]: Starting Set console keymap...
         Starting Set console keymap...
[    6.568502] systemd[1]: Created slice system-serial\x2dgetty.slice.
[    6.573697] Loading iSCSI transport class v2.0-870.
[[0;32m  OK  [0m] Created slice system-serial\x2dgetty.slice.
[    6.580452] systemd[1]: Reached target Slices.
[[0;32m  OK  [0m] Reached target Slices.
[    6.595344] iscsi: registered transport (tcp)
[    6.602407] systemd[1]: Starting Nameserver information manager...
         Starting Nameserver information manager...
[    6.608261] systemd[1]: Mounting Huge Pages File System...
         Mounting Huge Pages File System...
[    6.613933] systemd[1]: Started Forward Password Requests to Wall Directory Watch.
[[0;32m  OK  [0m] Started Forward Password Requests to Wall Directory Watch.
[    6.622398] systemd[1]: Listening on udev Control Socket.
[[0;32m  OK  [0m] Listening on udev Control Socket.
[    6.647501] systemd[1]: Mounted Debug File System.
[[0;32m  OK  [0m] Mounted Debug File System.
[    6.651338] systemd[1]: Mounted Huge Pages File System.
[[0;32m  OK  [0m] Mounted Huge Pages File System.
[    6.655994] systemd[1]: Mounted POSIX Message Queue File System.
[[0;32m  OK  [0m] Mounted POSIX Message Queue File System.
[    6.661831] systemd[1]: Started Journal Service.
[    6.666481] iscsi: registered transport (iser)
[[0;32m  OK  [0m] Started Journal Service.
[[0;32m  OK  [0m] Started Remount Root and Kernel File Systems.
[[0;32m  OK  [0m] Started Load Kernel Modules.
[[0;32m  OK  [0m] Started Create list of required sta...ce nodes for the current kernel.
[[0;32m  OK  [0m] Started Uncomplicated firewall.
[[0;32m  OK  [0m] Started Set console keymap.
[[0;32m  OK  [0m] Started Nameserver information manager.
[[0;32m  OK  [0m] Started LVM2 metadata daemon.
         Starting Create Static Device Nodes in /dev...
         Starting Apply Kernel Variables...
         Mounting FUSE Control File System...
         Starting udev Coldplug all Devices...
         Starting Load/Save Random Seed...
         Starting Flush Journal to Persistent Storage...
[[0;32m  OK  [0m] Mounted FUSE Control File System.
[[0;32m  OK  [0m] Started Apply Kernel Variables.
[[0;32m  OK  [0m] Started Load/Save Random Seed.
[[0;32m  OK  [0m] Started Create Static Device Nodes in /dev.
         Starting udev Kernel Device Manager...
[[0;32m  OK  [0m] Started Flush Journal to Persistent Storage.
[[0;32m  OK  [0m] Started udev Kernel Device Manager.
[[0;32m  OK  [0m] Started udev Coldplug all Devices.
[[0;32m  OK  [0m] Started Dispatch Password Requests to Console Directory Watch.
[[0;32m  OK  [0m] Found device /dev/ttyS0.
[[0;32m  OK  [0m] Listening on Load/Save RF Kill Switch Status /dev/rfkill Watch.
[[0;32m  OK  [0m] Started Monitoring of LVM2 mirrors,...ng dmeventd or progress polling.
[[0;32m  OK  [0m] Reached target Local File Systems (Pre).
[[0;32m  OK  [0m] Reached target Local File Systems.
         Starting Tell Plymouth To Write Out Runtime Data...
         Starting Initial cloud-init job (pre-networking)...
         Starting Create Volatile Files and Directories...
         Starting LSB: AppArmor initialization...
         Starting Set console font and keymap...
[[0;32m  OK  [0m] Started Tell Plymouth To Write Out Runtime Data.
[[0;32m  OK  [0m] Started Create Volatile Files and Directories.
         Starting Update UTMP about System Boot/Shutdown...
[[0;32m  OK  [0m] Started LSB: AppArmor initialization.
[[0;32m  OK  [0m] Found device 82540EM Gigabit Ethern...r (PRO/1000 MT Desktop Adapter).
[[0;32m  OK  [0m] Started Update UTMP about System Boot/Shutdown.
[[0;32m  OK  [0m] Started Set console font and keymap.
[[0;32m  OK  [0m] Created slice system-getty.slice.
[    8.786686] cloud-init[632]: Cloud-init v. 19.4-33-gbb4131a2-0ubuntu1~16.04.1 running 'init-local' at Mon, 04 May 2020 06:48:08 +0000. Up 8.30 seconds.
[[0;32m  OK  [0m] Started Initial cloud-init job (pre-networking).
[[0;32m  OK  [0m] Reached target Network (Pre).
         Starting Raise network interfaces...
[[0;32m  OK  [0m] Started ifup for enp0s3.
[[0;32m  OK  [0m] Started Raise network interfaces.
[[0;32m  OK  [0m] Reached target Network.
         Starting Initial cloud-init job (metadata service crawler)...
[   10.080840] cloud-init[1007]: Cloud-init v. 19.4-33-gbb4131a2-0ubuntu1~16.04.1 running 'init' at Mon, 04 May 2020 06:48:10 +0000. Up 9.61 seconds.
[   10.085321] cloud-init[1007]: ci-info: ++++++++++++++++++++++++++++++++++++Net device info+++++++++++++++++++++++++++++++++++++
[   10.088622] cloud-init[1007]: ci-info: +--------+-------+------------------------+---------------+--------+-------------------+
[   10.092736] cloud-init[1007]: ci-info: | Device |   Up  |        Address         |      Mask     | Scope  |     Hw-Address    |
[   10.097475] cloud-init[1007]: ci-info: +--------+-------+------------------------+---------------+--------+-------------------+
[   10.102063] cloud-init[1007]: ci-info: | enp0s3 |  True |       10.0.2.15        | 255.255.255.0 | global | 02:0e:0c:9a:00:f0 |
[   10.105594] cloud-init[1007]: ci-info: | enp0s3 |  True | fe80::e:cff:fe9a:f0/64 |       .       |  link  | 02:0e:0c:9a:00:f0 |
[   10.109826] cloud-init[1007]: ci-info: | enp0s8 | False |           .            |       .       |   .    | 08:00:27:6f:0f:8b |
[   10.114150] cloud-init[1007]: ci-info: |   lo   |  True |       127.0.0.1        |   255.0.0.0   |  host  |         .         |
[   10.120624] cloud-init[1007]: ci-info: |   lo   |  True |        ::1/128         |       .       |  host  |         .         |
[   10.128995] cloud-init[1007]: ci-info: +--------+-------+------------------------+---------------+--------+-------------------+
[   10.132957] cloud-init[1007]: ci-info: +++++++++++++++++++++++++++Route IPv4 info++++++++++++++++++++++++++++
[   10.136990] cloud-init[1007]: ci-info: +-------+-------------+----------+---------------+-----------+-------+
[   10.141124] cloud-init[1007]: ci-info: | Route | Destination | Gateway  |    Genmask    | Interface | Flags |
[   10.144973] cloud-init[1007]: ci-info: +-------+-------------+----------+---------------+-----------+-------+
[   10.149424] cloud-init[1007]: ci-info: |   0   |   0.0.0.0   | 10.0.2.2 |    0.0.0.0    |   enp0s3  |   UG  |
[   10.154730] cloud-init[1007]: ci-info: |   1   |   10.0.2.0  | 0.0.0.0  | 255.255.255.0 |   enp0s3  |   U   |
[   10.158021] cloud-init[1007]: ci-info: +-------+-------------+----------+---------------+-----------+-------+
[   10.161759] cloud-init[1007]: ci-info: +++++++++++++++++++Route IPv6 info+++++++++++++++++++
[   10.165429] cloud-init[1007]: ci-info: +-------+-------------+---------+-----------+-------+
[   10.168642] cloud-init[1007]: ci-info: | Route | Destination | Gateway | Interface | Flags |
[   10.173077] cloud-init[1007]: ci-info: +-------+-------------+---------+-----------+-------+[[0;32m  OK  [0m] Started Initial cloud-init job (metadata service crawler).
[[0;32m  OK  [0m] Reached target Cloud-config availability.
[[0;32m  OK  [0m] Reached target Network is Online.

[   10.181518] cloud-init[1007]: ci-info: |   0   |  fe80::/64  |    ::   |   enp0s3  |   U   |
         Starting iSCSI initiator daemon (iscsid)...
[[0;32m  OK  [0m] Reached target System Initialization.
[[0;32m  OK  [0m] Listening on ACPID Listen Socket.
[   10.183857] cloud-init[1007]: ci-info: |   3   |   ff00::/8  |    ::   |   enp0s3  |   U   |
[   10.194355] cloud-init[1007]: ci-info: +-------+-------------+---------+-----------+-------+
[[0;32m  OK  [0m] Started ACPI Events Check.
[[0;32m  OK  [0m] Reached target Paths.
[[0;32m  OK  [0m] Started Daily apt download activities.
         Starting LXD - unix socket.
         Starting Socket activation for snappy daemon.
[[0;32m  OK  [0m] Started Daily Cleanup of Temporary Directories.
[[0;32m  OK  [0m] Started Message of the Day.
[[0;32m  OK  [0m] Listening on D-Bus System Message Bus Socket.
[[0;32m  OK  [0m] Listening on UUID daemon activation socket.
[[0;32m  OK  [0m] Started Daily apt upgrade and clean activities.
[[0;32m  OK  [0m] Reached target Timers.
[[0;32m  OK  [0m] Listening on LXD - unix socket.
[[0;32m  OK  [0m] Listening on Socket activation for snappy daemon.
[[0;32m  OK  [0m] Reached target Sockets.
[[0;32m  OK  [0m] Reached target Basic System.
         Starting LSB: MD monitoring daemon...
[[0;32m  OK  [0m] Started ACPI event daemon.
[[0;32m  OK  [0m] Started FUSE filesystem for LXC.
         Starting Accounts Service...
         Starting LSB: Record successful boot for GRUB...
         Starting OpenBSD Secure Shell server...
         Starting System Logging Service...
         Starting Message of the Day...
[[0;32m  OK  [0m] Started D-Bus System Message Bus.
         Starting Virtualbox guest utils...
         Starting /etc/rc.local Compatibility...
[[0;32m  OK  [0m] Started Deferred execution scheduler.
[[0;32m  OK  [0m] Started Regular background program processing daemon.
         Starting LXD - container startup/shutdown...
         Starting Snappy daemon...
         Starting Login Service...
[[0;32m  OK  [0m] Started System Logging Service.
[[0;32m  OK  [0m] Started iSCSI initiator daemon (iscsid).
[[0;32m  OK  [0m] Started /etc/rc.local Compatibility.
         Starting Authenticate and Authorize Users to Run Privileged Tasks...
         Starting Login to default iSCSI targets...
[[0;32m  OK  [0m] Started Login Service.
[[0;32m  OK  [0m] Started OpenBSD Secure Shell server.
[[0;32m  OK  [0m] Started Unattended Upgrades Shutdown.
[[0;32m  OK  [0m] Started LSB: MD monitoring daemon.
[[0;32m  OK  [0m] Started LSB: Record successful boot for GRUB.
[[0;32m  OK  [0m] Started Login to default iSCSI targets.
[[0;32m  OK  [0m] Reached target Remote File Systems (Pre).
[[0;32m  OK  [0m] Reached target Remote File Systems.
         Starting Permit User Sessions...
         Starting LSB: Set the CPU Frequency Scaling governor to "ondemand"...
         Starting LSB: daemon to balance interrupts for SMP systems...
         Starting LSB: automatic crash report generation...
         Starting LSB: Apache2 web server...
[[0;32m  OK  [0m] Started Permit User Sessions.
         Starting Terminate Plymouth Boot Screen...
         Starting Hold until boot process finishes up...
[[0;32m  OK  [0m] Started LXD - container startup/shutdown.
[[0;32m  OK  [0m] Started Hold until boot process finishes up.
[[0;32m  OK  [0m] Started Getty on tty1.
[[0;32m  OK  [0m] Started Serial Getty on ttyS0.
[[0;32m  OK  [0m] Reached target Login Prompts.
         Starting Set console scheme...
[[0;32m  OK  [0m] Started Terminate Plymouth Boot Screen.
[[0;32m  OK  [0m] Started Set console scheme.
[[0;32m  OK  [0m] Started Authenticate and Authorize Users to Run Privileged Tasks.
[[0;32m  OK  [0m] Started Accounts Service.
[[0;32m  OK  [0m] Started LSB: Set the CPU Frequency Scaling governor to "ondemand".
[[0;32m  OK  [0m] Started LSB: daemon to balance interrupts for SMP systems.
[[0;32m  OK  [0m] Started LSB: automatic crash report generation.
[[0;32m  OK  [0m] Started Virtualbox guest utils.
[[0;32m  OK  [0m] Started Snappy daemon.
         Starting Wait until snapd is fully seeded...
[[0;32m  OK  [0m] Created slice User Slice of vagrant.
         Starting User Manager for UID 1000...
[[0;32m  OK  [0m] Started Session 1 of user vagrant.
[[0;32m  OK  [0m] Started User Manager for UID 1000.
[[0;32m  OK  [0m] Started Wait until snapd is fully seeded.
         Starting Apply the settings specified in cloud-config...
[[0;32m  OK  [0m] Started LSB: Apache2 web server.
[[0;32m  OK  [0m] Reached target Multi-User System.
[[0;32m  OK  [0m] Reached target Graphical Interface.
         Starting Update UTMP about System Runlevel Changes...
[[0;32m  OK  [0m] Started Update UTMP about System Runlevel Changes.
[[0;32m  OK  [0m] Started Message of the Day.
[   13.123209] cloud-init[1400]: Cloud-init v. 19.4-33-gbb4131a2-0ubuntu1~16.04.1 running 'modules:config' at Mon, 04 May 2020 06:48:13 +0000. Up 12.86 seconds.
[[0;32m  OK  [0m] Started Apply the settings specified in cloud-config.
         Starting Execute cloud user/final scripts...
[   14.048002] cloud-init[1488]: Cloud-init v. 19.4-33-gbb4131a2-0ubuntu1~16.04.1 running 'modules:final' at Mon, 04 May 2020 06:48:14 +0000. Up 13.84 seconds.
[   14.053449] cloud-init[1488]: Cloud-init v. 19.4-33-gbb4131a2-0ubuntu1~16.04.1 finished at Mon, 04 May 2020 06:48:14 +0000. Datasource DataSourceNoCloud [seed=/dev/sdb][dsmode=net].  Up 14.03 seconds
[[0;32m  OK  [0m] Started Execute cloud user/final scripts.
         Starting Daily apt download activities...
[[0;32m  OK  [0m] Reached target Cloud-init target.

Ubuntu 16.04.6 LTS ubuntu-xenial ttyS0

ubuntu-xenial login: [[0;32m  OK  [0m] Started ACPI event daemon.
[[0;32m  OK  [0m] Started ACPI event daemon.
[[0;32m  OK  [0m] Started ACPI event daemon.
[[0;32m  OK  [0m] Closed Unix socket for apport crash forwarding.
[[0;32m  OK  [0m] Started ACPI event daemon.
         Stopping LSB: automatic crash report generation...
[[0;32m  OK  [0m] Stopped LSB: automatic crash report generation.
[[0;32m  OK  [0m] Started ACPI event daemon.
[[0;32m  OK  [0m] Started ACPI event daemon.
[[0;32m  OK  [0m] Started ACPI event daemon.
[[0;32m  OK  [0m] Started ACPI event daemon.
[[0;32m  OK  [0m] Started ACPI event daemon.
         Starting LSB: automatic crash report generation...
[[0;32m  OK  [0m] Started LSB: automatic crash report generation.
[[0;32m  OK  [0m] Started ACPI event daemon.
[[0;32m  OK  [0m] Started ACPI event daemon.
[[0;32m  OK  [0m] Started Daily apt upgrade and clean activities.
         Stopping Authenticate and Authorize Users to Run Privileged Tasks...
         Stopping Session 3 of user vagrant.
         Stopping Session 1 of user vagrant.
[[0;32m  OK  [0m] Stopped target Graphical Interface.
[[0;32m  OK  [0m] Closed Load/Save RF Kill Switch Status /dev/rfkill Watch.
         Stopping User Manager for UID 1000...
[[0;32m  OK  [0m] Stopped target Timers.
[[0;32m  OK  [0m] Stopped Daily apt upgrade and clean activities.
[[0;32m  OK  [0m] Stopped Daily Cleanup of Temporary Directories.
[[0;32m  OK  [0m] Stopped Message of the Day.
         Stopping Accounts Service...
[[0;32m  OK  [0m] Stopped Daily apt download activities.
[[0;32m  OK  [0m] Stopped target System Time Synchronized.
         Stopping ACPI event daemon...
[[0;32m  OK  [0m] Stopped target Cloud-init target.
[[0;32m  OK  [0m] Stopped Execute cloud user/final scripts.
[[0;32m  OK  [0m] Stopped Apply the settings specified in cloud-config.
[[0;32m  OK  [0m] Stopped target Cloud-config availability.
[[0;32m  OK  [0m] Stopped target Multi-User System.
         Stopping LSB: daemon to balance interrupts for SMP systems...
         Stopping FUSE filesystem for LXC...
         Stopping Unattended Upgrades Shutdown...
[[0;32m  OK  [0m] Stopped Wait until snapd is fully seeded.
         Stopping LSB: Record successful boot for GRUB...
         Stopping LXD - container startup/shutdown...
         Stopping System Logging Service...
         Stopping Virtualbox guest utils...
         Stopping LSB: MD monitoring daemon...
         Stopping LSB: Apache2 web server...
         Stopping Regular background program processing daemon...
         Stopping Deferred execution scheduler...
         Stopping LSB: Set the CPU Frequency Scaling governor to "ondemand"...
         Stopping OpenBSD Secure Shell server...
         Stopping LSB: automatic crash report generation...
[[0;32m  OK  [0m] Stopped target Login Prompts.
         Stopping Getty on tty1...
         Stopping Serial Getty on ttyS0...
         Stopping D-Bus System Message Bus...
[[0;32m  OK  [0m] Unmounted /var/lib/lxcfs.
[[0;32m  OK  [0m] Stopped ACPI event daemon.
[[0;32m  OK  [0m] Stopped Accounts Service.
[[0;32m  OK  [0m] Stopped System Logging Service.
[[0;32m  OK  [0m] Stopped Deferred execution scheduler.
[[0;32m  OK  [0m] Stopped Regular background program processing daemon.
[[0;32m  OK  [0m] Stopped OpenBSD Secure Shell server.
[[0;32m  OK  [0m] Stopped Authenticate and Authorize Users to Run Privileged Tasks.
[[0;32m  OK  [0m] Stopped Unattended Upgrades Shutdown.
[[0;32m  OK  [0m] Stopped Getty on tty1.
[[0;32m  OK  [0m] Stopped Serial Getty on ttyS0.
[[0;32m  OK  [0m] Stopped User Manager for UID 1000.
[[0;32m  OK  [0m] Stopped Session 1 of user vagrant.
[[0;32m  OK  [0m] Stopped Session 3 of user vagrant.
[[0;32m  OK  [0m] Stopped D-Bus System Message Bus.
[[0;32m  OK  [0m] Stopped FUSE filesystem for LXC.
[[0;32m  OK  [0m] Stopped LSB: Set the CPU Frequency Scaling governor to "ondemand".
[[0;32m  OK  [0m] Stopped LSB: MD monitoring daemon.
[[0;32m  OK  [0m] Stopped LXD - container startup/shutdown.
[[0;32m  OK  [0m] Stopped LSB: Record successful boot for GRUB.
[[0;32m  OK  [0m] Stopped LSB: automatic crash report generation.
[[0;32m  OK  [0m] Stopped LSB: daemon to balance interrupts for SMP systems.
[[0;32m  OK  [0m] Removed slice User Slice of vagrant.
[[0;32m  OK  [0m] Removed slice system-serial\x2dgetty.slice.
[[0;32m  OK  [0m] Stopped /etc/rc.local Compatibility.
         Stopping Permit User Sessions...
[[0;32m  OK  [0m] Removed slice system-getty.slice.
         Stopping Login Service...
[[0;32m  OK  [0m] Stopped Virtualbox guest utils.
[[0;32m  OK  [0m] Stopped Permit User Sessions.
[[0;32m  OK  [0m] Stopped Login Service.
[[0;32m  OK  [0m] Stopped target User and Group Name Lookups.
[[0;32m  OK  [0m] Stopped LSB: Apache2 web server.
[[0;32m  OK  [0m] Stopped target Remote File Systems.
[[0;32m  OK  [0m] Stopped target Remote File Systems (Pre).
         Stopping Login to default iSCSI targets...
[[0;32m  OK  [0m] Stopped target Basic System.
[[0;32m  OK  [0m] Stopped target Paths.
[[0;32m  OK  [0m] Stopped Forward Password Requests to Wall Directory Watch.
[[0;32m  OK  [0m] Stopped ACPI Events Check.
[[0;32m  OK  [0m] Stopped Dispatch Password Requests to Console Directory Watch.
[[0;32m  OK  [0m] Stopped target Slices.
[[0;32m  OK  [0m] Removed slice User and Session Slice.
[[0;32m  OK  [0m] Stopped target Sockets.
[[0;32m  OK  [0m] Closed ACPID Listen Socket.
[[0;32m  OK  [0m] Closed D-Bus System Message Bus Socket.
[[0;32m  OK  [0m] Closed Socket activation for snappy daemon.
[[0;32m  OK  [0m] Closed LXD - unix socket.
[[0;32m  OK  [0m] Closed UUID daemon activation socket.
[[0;32m  OK  [0m] Stopped target System Initialization.
         Stopping Load/Save Random Seed...
[[0;32m  OK  [0m] Stopped target Encrypted Volumes.
[[0;32m  OK  [0m] Stopped target Swap.
[[0;32m  OK  [0m] Stopped Create Volatile Files and Directories.
[[0;32m  OK  [0m] Closed Syslog Socket.
[[0;32m  OK  [0m] Stopped Load/Save Random Seed.
[[0;32m  OK  [0m] Stopped Login to default iSCSI targets.
         Stopping iSCSI initiator daemon (iscsid)...
[[0;32m  OK  [0m] Stopped iSCSI initiator daemon (iscsid).
[[0;32m  OK  [0m] Stopped target Network is Online.
[[0;32m  OK  [0m] Stopped Initial cloud-init job (metadata service crawler).
[[0;32m  OK  [0m] Stopped target Network.
         Stopping Raise network interfaces...
[[0;32m  OK  [0m] Stopped Raise network interfaces.
[[0;32m  OK  [0m] Stopped target Network (Pre).
[[0;32m  OK  [0m] Stopped Initial cloud-init job (pre-networking).
[[0;32m  OK  [0m] Stopped target Local File Systems.
         Unmounting /run/user/1000...
         Unmounting /var/www/html...
[[0;32m  OK  [0m] Stopped Apply Kernel Variables.
[[0;32m  OK  [0m] Stopped Load Kernel Modules.
[[0;32m  OK  [0m] Unmounted /run/user/1000.
[[0;32m  OK  [0m] Unmounted /var/www/html.
[[0;32m  OK  [0m] Reached target Unmount All Filesystems.
[[0;32m  OK  [0m] Stopped target Local File Systems (Pre).
[[0;32m  OK  [0m] Stopped Create Static Device Nodes in /dev.
         Stopping Monitoring of LVM2 mirrors... dmeventd or progress polling...
[[0;32m  OK  [0m] Stopped Remount Root and Kernel File Systems.
[[0;32m  OK  [0m] Reached target Shutdown.
[  882.632490] reboot: Power down
